2025/05/10 11:44:25 🚀 Iniciando processo de envio controlado
2025/05/10 11:44:28 🚀 Iniciando com taxa de 50 mensagens por segundo
2025/05/10 11:44:28 ⏱️ Processando lotes de 1000 mensagens a cada 5m0s
2025/05/10 11:44:28 🔍 Verificando template: transacional_mes_maes_1
2025/05/10 11:44:28 ✅ Template transacional_mes_maes_1 confirmado como UTILITY e ativo. Iniciando envio...
2025/05/10 11:44:28 📤 Processando lote #1: 1000 mensagens
2025/05/10 11:44:43 ✅ Lote #1: 1000/100000 mensagens enviadas
2025/05/10 11:44:43 ⏳ Aguardando 4m46s para o próximo lote...
2025/05/10 11:49:48 🔍 Verificando template: transacional_mes_maes_1
2025/05/10 11:49:48 ✅ Template transacional_mes_maes_1 confirmado como UTILITY e ativo. Iniciando envio...
2025/05/10 11:49:48 📤 Processando lote #2: 1000 mensagens
2025/05/10 11:50:03 ✅ Lote #2: 2000/100000 mensagens enviadas
2025/05/10 11:50:03 ⏳ Aguardando 4m45s para o próximo lote...
2025/05/10 11:55:06 🔍 Verificando template: transacional_mes_maes_1
2025/05/10 11:55:06 ✅ Template transacional_mes_maes_1 confirmado como UTILITY e ativo. Iniciando envio...
2025/05/10 11:55:06 📤 Processando lote #3: 1000 mensagens
2025/05/10 11:55:07 Erro 400: {"error":{"message":"(#132015) Template is temporarily unavailable to use because it was paused due to low quality.","type":"OAuthException","code":132015,"error_data":{"messaging_product":"whatsapp","details":"template name (transacional_mes_maes_1) is paused"},"fbtrace_id":"Af2EuEJbNuR2lqJ6xsgdYha"}}
2025/05/10 11:55:07 Erro 400: {"error":{"message":"(#132015) Template is temporarily unavailable to use because it was paused due to low quality.","type":"OAuthException","code":132015,"error_data":{"messaging_product":"whatsapp","details":"template name (transacional_mes_maes_1) is paused"},"fbtrace_id":"AKPQzSyumcwChAvEqDovXBH"}}
2025/05/10 11:55:07 Erro 400: {"error":{"message":"(#132015) Template is temporarily unavailable to use because it was paused due to low quality.","type":"OAuthException","code":132015,"error_data":{"messaging_product":"whatsapp","details":"template name (transacional_mes_maes_1) is paused"},"fbtrace_id":"A8qywRBpF4Jooqbew8rxBgj"}}
2025/05/10 11:55:07 Erro 400: {"error":{"message":"(#132015) Template is temporarily unavailable to use because it was paused due to low quality.","type":"OAuthException","code":132015,"error_data":{"messaging_product":"whatsapp","details":"template name (transacional_mes_maes_1) is paused"},"fbtrace_id":"AXyJ4431VJSPAMLLkZnBL56"}}
2025/05/10 11:55:07 Erro 400: {"error":{"message":"(#132015) Template is temporarily unavailable to use because it was paused due to low quality.","type":"OAuthException","code":132015,"error_data":{"messaging_product":"whatsapp","details":"template name (transacional_mes_maes_1) is paused"},"fbtrace_id":"ADfZNXKNK3BIpDDYGS2V6-J"}}
2025/05/10 11:55:07 Erro 400: {"error":{"message":"(#132015) Template is temporarily unavailable to use because it was paused due to low quality.","type":"OAuthException","code":132015,"error_data":{"messaging_product":"whatsapp","details":"template name (transacional_mes_maes_1) is paused"},"fbtrace_id":"Avp4Xzdd89gqLQNbXkTWSzo"}}
2025/05/10 11:55:07 Erro 400: {"error":{"message":"(#132015) Template is temporarily unavailable to use because it was paused due to low quality.","type":"OAuthException","code":132015,"error_data":{"messaging_product":"whatsapp","details":"template name (transacional_mes_maes_1) is paused"},"fbtrace_id":"AuREQWE0pAwKGXYGIoy9c7i"}}
2025/05/10 11:55:07 Erro 400: {"error":{"message":"(#132015) Template is temporarily unavailable to use because it was paused due to low quality.","type":"OAuthException","code":132015,"error_data":{"messaging_product":"whatsapp","details":"template name (transacional_mes_maes_1) is paused"},"fbtrace_id":"AvM-WjDJtMmLt3zcQCqI5Jw"}}
2025/05/10 11:55:07 Erro 400: {"error":{"message":"(#132015) Template is temporarily unavailable to use because it was paused due to low quality.","type":"OAuthException","code":132015,"error_data":{"messaging_product":"whatsapp","details":"template name (transacional_mes_maes_1) is paused"},"fbtrace_id":"Ash7MujOJOpqoQdYV5O8ENW"}}
2025/05/10 11:55:07 Erro 400: {"error":{"message":"(#132015) Template is temporarily unavailable to use because it was paused due to low quality.","type":"OAuthException","code":132015,"error_data":{"messaging_product":"whatsapp","details":"template name (transacional_mes_maes_1) is paused"},"fbtrace_id":"ANJBykGsVWtf8gCDQhhxZgw"}}
2025/05/10 11:55:07 Erro 400: {"error":{"message":"(#132015) Template is temporarily unavailable to use because it was paused due to low quality.","type":"OAuthException","code":132015,"error_data":{"messaging_product":"whatsapp","details":"template name (transacional_mes_maes_1) is paused"},"fbtrace_id":"AzNRh20w4u7HfHUJCknGsqf"}}
2025/05/10 11:55:07 Erro 400: {"error":{"message":"(#132015) Template is temporarily unavailable to use because it was paused due to low quality.","type":"OAuthException","code":132015,"error_data":{"messaging_product":"whatsapp","details":"template name (transacional_mes_maes_1) is paused"},"fbtrace_id":"Asq4ieCPhnMC8b15_A27J3d"}}
2025/05/10 11:55:07 Erro 400: {"error":{"message":"(#132015) Template is temporarily unavailable to use because it was paused due to low quality.","type":"OAuthException","code":132015,"error_data":{"messaging_product":"whatsapp","details":"template name (transacional_mes_maes_1) is paused"},"fbtrace_id":"ADx1MiZ8-jsSdiGCZAKwl4-"}}
2025/05/10 11:55:07 Erro 400: {"error":{"message":"(#132015) Template is temporarily unavailable to use because it was paused due to low quality.","type":"OAuthException","code":132015,"error_data":{"messaging_product":"whatsapp","details":"template name (transacional_mes_maes_1) is paused"},"fbtrace_id":"AG3zyd2e0ccBhp0iuGo6Qnt"}}
2025/05/10 11:55:07 Erro 400: {"error":{"message":"(#132015) Template is temporarily unavailable to use because it was paused due to low quality.","type":"OAuthException","code":132015,"error_data":{"messaging_product":"whatsapp","details":"template name (transacional_mes_maes_1) is paused"},"fbtrace_id":"A8dTM2LZVMEwZhAhlxLGFxb"}}
2025/05/10 11:55:07 Erro 400: {"error":{"message":"(#132015) Template is temporarily unavailable to use because it was paused due to low quality.","type":"OAuthException","code":132015,"error_data":{"messaging_product":"whatsapp","details":"template name (transacional_mes_maes_1) is paused"},"fbtrace_id":"A0fyE6oq8lWbuRLyrLQKSiF"}}
2025/05/10 11:55:08 Erro 400: {"error":{"message":"(#132015) Template is temporarily unavailable to use because it was paused due to low quality.","type":"OAuthException","code":132015,"error_data":{"messaging_product":"whatsapp","details":"template name (transacional_mes_maes_1) is paused"},"fbtrace_id":"AvVEowkPEUf_-9yoyIB-3XH"}}
2025/05/10 11:55:08 Erro 400: {"error":{"message":"(#132015) Template is temporarily unavailable to use because it was paused due to low quality.","type":"OAuthException","code":132015,"error_data":{"messaging_product":"whatsapp","details":"template name (transacional_mes_maes_1) is paused"},"fbtrace_id":"Ampd6c4TeEflM0nAJREIaEH"}}
2025/05/10 11:55:08 Erro 400: {"error":{"message":"(#132015) Template is temporarily unavailable to use because it was paused due to low quality.","type":"OAuthException","code":132015,"error_data":{"messaging_product":"whatsapp","details":"template name (transacional_mes_maes_1) is paused"},"fbtrace_id":"Aa_E3zL53TambVMr51MMdOG"}}
2025/05/10 11:55:08 Erro 400: {"error":{"message":"(#132015) Template is temporarily unavailable to use because it was paused due to low quality.","type":"OAuthException","code":132015,"error_data":{"messaging_product":"whatsapp","details":"template name (transacional_mes_maes_1) is paused"},"fbtrace_id":"ANCl0IPgVHzSEJmrXf_VK0M"}}
2025/05/10 11:55:08 Erro 400: {"error":{"message":"(#132015) Template is temporarily unavailable to use because it was paused due to low quality.","type":"OAuthException","code":132015,"error_data":{"messaging_product":"whatsapp","details":"template name (transacional_mes_maes_1) is paused"},"fbtrace_id":"A1r_DsDsAQHmnuB6FlWNwYz"}}
2025/05/10 11:55:08 Erro 400: {"error":{"message":"(#132015) Template is temporarily unavailable to use because it was paused due to low quality.","type":"OAuthException","code":132015,"error_data":{"messaging_product":"whatsapp","details":"template name (transacional_mes_maes_1) is paused"},"fbtrace_id":"AG2LZdKwc3Yks3KJzGplE1z"}}
2025/05/10 11:55:08 Erro 400: {"error":{"message":"(#132015) Template is temporarily unavailable to use because it was paused due to low quality.","type":"OAuthException","code":132015,"error_data":{"messaging_product":"whatsapp","details":"template name (transacional_mes_maes_1) is paused"},"fbtrace_id":"AbZarwNFe85upiE-YP_u2Dy"}}
2025/05/10 11:55:08 Erro 400: {"error":{"message":"(#132015) Template is temporarily unavailable to use because it was paused due to low quality.","type":"OAuthException","code":132015,"error_data":{"messaging_product":"whatsapp","details":"template name (transacional_mes_maes_1) is paused"},"fbtrace_id":"AM0KJcFKebO5Z4gtm9nSnuM"}}
2025/05/10 11:55:08 Erro 400: {"error":{"message":"(#132015) Template is temporarily unavailable to use because it was paused due to low quality.","type":"OAuthException","code":132015,"error_data":{"messaging_product":"whatsapp","details":"template name (transacional_mes_maes_1) is paused"},"fbtrace_id":"A2qudVHppbDonelyZOOpz2p"}}
2025/05/10 11:55:08 Erro 400: {"error":{"message":"(#132015) Template is temporarily unavailable to use because it was paused due to low quality.","type":"OAuthException","code":132015,"error_data":{"messaging_product":"whatsapp","details":"template name (transacional_mes_maes_1) is paused"},"fbtrace_id":"AB1mxhWQWWpRPmgk4-lZlco"}}
2025/05/10 11:55:08 Erro 400: {"error":{"message":"(#132015) Template is temporarily unavailable to use because it was paused due to low quality.","type":"OAuthException","code":132015,"error_data":{"messaging_product":"whatsapp","details":"template name (transacional_mes_maes_1) is paused"},"fbtrace_id":"AdnpyyDFqDXBd4BPTBzPe5g"}}
2025/05/10 11:55:08 Erro 400: {"error":{"message":"(#132015) Template is temporarily unavailable to use because it was paused due to low quality.","type":"OAuthException","code":132015,"error_data":{"messaging_product":"whatsapp","details":"template name (transacional_mes_maes_1) is paused"},"fbtrace_id":"AEqfKHOyZUvJqlvHHN3v5mE"}}
2025/05/10 11:55:08 Erro 400: {"error":{"message":"(#132015) Template is temporarily unavailable to use because it was paused due to low quality.","type":"OAuthException","code":132015,"error_data":{"messaging_product":"whatsapp","details":"template name (transacional_mes_maes_1) is paused"},"fbtrace_id":"Ap_4b2zpZ-XARyEj5zme_y_"}}
2025/05/10 11:55:08 Erro 400: {"error":{"message":"(#132015) Template is temporarily unavailable to use because it was paused due to low quality.","type":"OAuthException","code":132015,"error_data":{"messaging_product":"whatsapp","details":"template name (transacional_mes_maes_1) is paused"},"fbtrace_id":"A4FKTtfZzD5LOl1-U0QMw8R"}}
2025/05/10 11:55:08 Erro 400: {"error":{"message":"(#132015) Template is temporarily unavailable to use because it was paused due to low quality.","type":"OAuthException","code":132015,"error_data":{"messaging_product":"whatsapp","details":"template name (transacional_mes_maes_1) is paused"},"fbtrace_id":"A-o6QqAbJdyrg0HtWSx5MYG"}}
2025/05/10 11:55:08 Erro 400: {"error":{"message":"(#132015) Template is temporarily unavailable to use because it was paused due to low quality.","type":"OAuthException","code":132015,"error_data":{"messaging_product":"whatsapp","details":"template name (transacional_mes_maes_1) is paused"},"fbtrace_id":"AKqaj5nOEYvjvQj0xDIG4BN"}}
2025/05/10 11:55:08 Erro 400: {"error":{"message":"(#132015) Template is temporarily unavailable to use because it was paused due to low quality.","type":"OAuthException","code":132015,"error_data":{"messaging_product":"whatsapp","details":"template name (transacional_mes_maes_1) is paused"},"fbtrace_id":"Ay_Zc-P1N8-4LJg9zAWpMxT"}}
2025/05/10 11:55:08 Erro 400: {"error":{"message":"(#132015) Template is temporarily unavailable to use because it was paused due to low quality.","type":"OAuthException","code":132015,"error_data":{"messaging_product":"whatsapp","details":"template name (transacional_mes_maes_1) is paused"},"fbtrace_id":"AOQOBY02RCDDe4-bG47WRzY"}}
2025/05/10 11:55:08 Erro 400: {"error":{"message":"(#132015) Template is temporarily unavailable to use because it was paused due to low quality.","type":"OAuthException","code":132015,"error_data":{"messaging_product":"whatsapp","details":"template name (transacional_mes_maes_1) is paused"},"fbtrace_id":"AmtwapAwjR_u-KoMKj3A2eR"}}
2025/05/10 11:55:08 Erro 400: {"error":{"message":"(#132015) Template is temporarily unavailable to use because it was paused due to low quality.","type":"OAuthException","code":132015,"error_data":{"messaging_product":"whatsapp","details":"template name (transacional_mes_maes_1) is paused"},"fbtrace_id":"AKQ5D_bDIpGq8IbUszcR0B9"}}
2025/05/10 11:55:08 Erro 400: {"error":{"message":"(#132015) Template is temporarily unavailable to use because it was paused due to low quality.","type":"OAuthException","code":132015,"error_data":{"messaging_product":"whatsapp","details":"template name (transacional_mes_maes_1) is paused"},"fbtrace_id":"Aw2SLGoUHFvxwniB225Stp8"}}
2025/05/10 11:55:08 Erro 400: {"error":{"message":"(#132015) Template is temporarily unavailable to use because it was paused due to low quality.","type":"OAuthException","code":132015,"error_data":{"messaging_product":"whatsapp","details":"template name (transacional_mes_maes_1) is paused"},"fbtrace_id":"AmZvxkVooOl0VyP5TQkRSXt"}}
2025/05/10 11:55:08 Erro 400: {"error":{"message":"(#132015) Template is temporarily unavailable to use because it was paused due to low quality.","type":"OAuthException","code":132015,"error_data":{"messaging_product":"whatsapp","details":"template name (transacional_mes_maes_1) is paused"},"fbtrace_id":"ArzQcTpKJZE39hunYzA7KRW"}}
2025/05/10 11:55:08 Erro 400: {"error":{"message":"(#132015) Template is temporarily unavailable to use because it was paused due to low quality.","type":"OAuthException","code":132015,"error_data":{"messaging_product":"whatsapp","details":"template name (transacional_mes_maes_1) is paused"},"fbtrace_id":"AWjmeL_9prHjo7IcpJNbSmo"}}
2025/05/10 11:55:08 Erro 400: {"error":{"message":"(#132015) Template is temporarily unavailable to use because it was paused due to low quality.","type":"OAuthException","code":132015,"error_data":{"messaging_product":"whatsapp","details":"template name (transacional_mes_maes_1) is paused"},"fbtrace_id":"ACpKIRlPHVE9TDxJD2tlVCr"}}
2025/05/10 11:55:08 Erro 400: {"error":{"message":"(#132015) Template is temporarily unavailable to use because it was paused due to low quality.","type":"OAuthException","code":132015,"error_data":{"messaging_product":"whatsapp","details":"template name (transacional_mes_maes_1) is paused"},"fbtrace_id":"ASXaeL7moVXNT8jJ9GsHfoM"}}
2025/05/10 11:55:08 Erro 400: {"error":{"message":"(#132015) Template is temporarily unavailable to use because it was paused due to low quality.","type":"OAuthException","code":132015,"error_data":{"messaging_product":"whatsapp","details":"template name (transacional_mes_maes_1) is paused"},"fbtrace_id":"ADYzDsqG2JmBnYfUKk43dOI"}}
2025/05/10 11:55:08 Erro 400: {"error":{"message":"(#132015) Template is temporarily unavailable to use because it was paused due to low quality.","type":"OAuthException","code":132015,"error_data":{"messaging_product":"whatsapp","details":"template name (transacional_mes_maes_1) is paused"},"fbtrace_id":"AHYOOwrH7b37tdwKPnNEumK"}}
2025/05/10 11:55:08 Erro 400: {"error":{"message":"(#132015) Template is temporarily unavailable to use because it was paused due to low quality.","type":"OAuthException","code":132015,"error_data":{"messaging_product":"whatsapp","details":"template name (transacional_mes_maes_1) is paused"},"fbtrace_id":"AtfQGTfn0SoTcgASYKnu3K5"}}
2025/05/10 11:55:08 Erro 400: {"error":{"message":"(#132015) Template is temporarily unavailable to use because it was paused due to low quality.","type":"OAuthException","code":132015,"error_data":{"messaging_product":"whatsapp","details":"template name (transacional_mes_maes_1) is paused"},"fbtrace_id":"Ao4ble4o18uo6nX-hC1w8Vs"}}
2025/05/10 11:55:08 Erro 400: {"error":{"message":"(#132015) Template is temporarily unavailable to use because it was paused due to low quality.","type":"OAuthException","code":132015,"error_data":{"messaging_product":"whatsapp","details":"template name (transacional_mes_maes_1) is paused"},"fbtrace_id":"ARc5rLUAyGhpcyjZg4-PrsO"}}
2025/05/10 11:55:08 Erro 400: {"error":{"message":"(#132015) Template is temporarily unavailable to use because it was paused due to low quality.","type":"OAuthException","code":132015,"error_data":{"messaging_product":"whatsapp","details":"template name (transacional_mes_maes_1) is paused"},"fbtrace_id":"Aqd2YuTRatx1SOI5s-E8gdY"}}
2025/05/10 11:55:08 Erro 400: {"error":{"message":"(#132015) Template is temporarily unavailable to use because it was paused due to low quality.","type":"OAuthException","code":132015,"error_data":{"messaging_product":"whatsapp","details":"template name (transacional_mes_maes_1) is paused"},"fbtrace_id":"A3l07e0HpPc4SC5TiZydoZx"}}
2025/05/10 11:55:08 Erro 400: {"error":{"message":"(#132015) Template is temporarily unavailable to use because it was paused due to low quality.","type":"OAuthException","code":132015,"error_data":{"messaging_product":"whatsapp","details":"template name (transacional_mes_maes_1) is paused"},"fbtrace_id":"AAkuBvxJya5jEj-kd7AX3gx"}}
2025/05/10 11:55:08 Erro 400: {"error":{"message":"(#132015) Template is temporarily unavailable to use because it was paused due to low quality.","type":"OAuthException","code":132015,"error_data":{"messaging_product":"whatsapp","details":"template name (transacional_mes_maes_1) is paused"},"fbtrace_id":"A31nyYl1c0hPEo9cJ5x5md8"}}
2025/05/10 11:55:08 Erro 400: {"error":{"message":"(#132015) Template is temporarily unavailable to use because it was paused due to low quality.","type":"OAuthException","code":132015,"error_data":{"messaging_product":"whatsapp","details":"template name (transacional_mes_maes_1) is paused"},"fbtrace_id":"AWl411P34AwGh_WHr_Se-dL"}}
2025/05/10 11:55:08 Erro 400: {"error":{"message":"(#132015) Template is temporarily unavailable to use because it was paused due to low quality.","type":"OAuthException","code":132015,"error_data":{"messaging_product":"whatsapp","details":"template name (transacional_mes_maes_1) is paused"},"fbtrace_id":"ARmKrLc2jvLx5WWHVKBMvv1"}}
2025/05/10 11:55:08 Erro 400: {"error":{"message":"(#132015) Template is temporarily unavailable to use because it was paused due to low quality.","type":"OAuthException","code":132015,"error_data":{"messaging_product":"whatsapp","details":"template name (transacional_mes_maes_1) is paused"},"fbtrace_id":"A35B0xdrZ-yqhII1Cs1MU99"}}
2025/05/10 11:55:08 Erro 400: {"error":{"message":"(#132015) Template is temporarily unavailable to use because it was paused due to low quality.","type":"OAuthException","code":132015,"error_data":{"messaging_product":"whatsapp","details":"template name (transacional_mes_maes_1) is paused"},"fbtrace_id":"A1JW7fDoF7uXQhky14eOm2l"}}
2025/05/10 11:55:08 Erro 400: {"error":{"message":"(#132015) Template is temporarily unavailable to use because it was paused due to low quality.","type":"OAuthException","code":132015,"error_data":{"messaging_product":"whatsapp","details":"template name (transacional_mes_maes_1) is paused"},"fbtrace_id":"A9MVHO68epEIsgfClt71heI"}}
2025/05/10 11:55:08 Erro 400: {"error":{"message":"(#132015) Template is temporarily unavailable to use because it was paused due to low quality.","type":"OAuthException","code":132015,"error_data":{"messaging_product":"whatsapp","details":"template name (transacional_mes_maes_1) is paused"},"fbtrace_id":"A847XaJe_G4y_qEVMtJZotj"}}
2025/05/10 11:55:08 Erro 400: {"error":{"message":"(#132015) Template is temporarily unavailable to use because it was paused due to low quality.","type":"OAuthException","code":132015,"error_data":{"messaging_product":"whatsapp","details":"template name (transacional_mes_maes_1) is paused"},"fbtrace_id":"AKh4ln19OTG5dKb0LGuOSDJ"}}
2025/05/10 11:55:08 Erro 400: {"error":{"message":"(#132015) Template is temporarily unavailable to use because it was paused due to low quality.","type":"OAuthException","code":132015,"error_data":{"messaging_product":"whatsapp","details":"template name (transacional_mes_maes_1) is paused"},"fbtrace_id":"AoKFRLrm1hPR9rmO1gV98nS"}}
2025/05/10 11:55:08 Erro 400: {"error":{"message":"(#132015) Template is temporarily unavailable to use because it was paused due to low quality.","type":"OAuthException","code":132015,"error_data":{"messaging_product":"whatsapp","details":"template name (transacional_mes_maes_1) is paused"},"fbtrace_id":"AInjb9-X8uld5O4tkAmbbMs"}}
2025/05/10 11:55:08 Erro 400: {"error":{"message":"(#132015) Template is temporarily unavailable to use because it was paused due to low quality.","type":"OAuthException","code":132015,"error_data":{"messaging_product":"whatsapp","details":"template name (transacional_mes_maes_1) is paused"},"fbtrace_id":"Aj6tYOBJ64b8sqGLrieKNoY"}}
2025/05/10 11:55:08 Erro 400: {"error":{"message":"(#132015) Template is temporarily unavailable to use because it was paused due to low quality.","type":"OAuthException","code":132015,"error_data":{"messaging_product":"whatsapp","details":"template name (transacional_mes_maes_1) is paused"},"fbtrace_id":"A9Rt7dWEbVAP_aGkfc2Zj_t"}}
2025/05/10 11:55:08 Erro 400: {"error":{"message":"(#132015) Template is temporarily unavailable to use because it was paused due to low quality.","type":"OAuthException","code":132015,"error_data":{"messaging_product":"whatsapp","details":"template name (transacional_mes_maes_1) is paused"},"fbtrace_id":"AwyZALl5dUaEvVDCEfhPU4O"}}
2025/05/10 11:55:08 Erro 400: {"error":{"message":"(#132015) Template is temporarily unavailable to use because it was paused due to low quality.","type":"OAuthException","code":132015,"error_data":{"messaging_product":"whatsapp","details":"template name (transacional_mes_maes_1) is paused"},"fbtrace_id":"AGumZLamVqILF82GeqYqjN3"}}
2025/05/10 11:55:08 Erro 400: {"error":{"message":"(#132015) Template is temporarily unavailable to use because it was paused due to low quality.","type":"OAuthException","code":132015,"error_data":{"messaging_product":"whatsapp","details":"template name (transacional_mes_maes_1) is paused"},"fbtrace_id":"A3S-cEQKp6Ld-QeJTUCYTlf"}}
