2025/05/10 12:06:25 🚀 Iniciando processo de envio controlado
2025/05/10 12:06:28 🚀 Iniciando com taxa de 50 mensagens por segundo
2025/05/10 12:06:28 ⏱️ Processando lotes de 1000 mensagens a cada 5m0s
2025/05/10 12:06:28 🔍 Verificando template: transacional_mes_maes_5
2025/05/10 12:06:28 ✅ Template transacional_mes_maes_5 confirmado como UTILITY e ativo. Iniciando envio...
2025/05/10 12:06:28 Número 82999978010 já processado anteriormente, marcando pedido RENOVABE-2771076 como enviado
2025/05/10 12:06:28 Número 28999499929 já processado anteriormente, marcando pedido RENOVABE-2771259 como enviado
2025/05/10 12:06:28 Número 88996493372 já processado anteriormente, marcando pedido RENOVABE-2771704 como enviado
2025/05/10 12:06:28 Número 81996051189 já processado anteriormente, marcando pedido RENOVABE-2772026 como enviado
2025/05/10 12:06:28 📤 Processando lote #1: 996 mensagens
2025/05/10 12:06:42 Erro 400: {"error":{"message":"(#130429) Rate limit hit","type":"OAuthException","code":130429,"error_data":{"messaging_product":"whatsapp","details":"Rate limit hit"},"fbtrace_id":"AI22dMEEd3ZPeMJ7bJaEHrS"}}
2025/05/10 12:06:43 Erro 400: {"error":{"message":"(#130429) Rate limit hit","type":"OAuthException","code":130429,"error_data":{"messaging_product":"whatsapp","details":"Rate limit hit"},"fbtrace_id":"AR27rzjVvax2dEHdfxq4NB9"}}
2025/05/10 12:06:43 Erro 400: {"error":{"message":"(#130429) Rate limit hit","type":"OAuthException","code":130429,"error_data":{"messaging_product":"whatsapp","details":"Rate limit hit"},"fbtrace_id":"Alc29lDZggqDC1dgj6whCm0"}}
2025/05/10 12:06:43 Erro 400: {"error":{"message":"(#130429) Rate limit hit","type":"OAuthException","code":130429,"error_data":{"messaging_product":"whatsapp","details":"Rate limit hit"},"fbtrace_id":"Aa_ylp6p6J-6RftI1BBdpsk"}}
2025/05/10 12:06:44 ✅ Lote #1: 996/100000 mensagens enviadas
2025/05/10 12:06:44 ⏳ Aguardando 4m46s para o próximo lote...
2025/05/10 12:11:50 🔍 Verificando template: transacional_mes_maes_5
2025/05/10 12:11:50 ✅ Template transacional_mes_maes_5 confirmado como UTILITY e ativo. Iniciando envio...
2025/05/10 12:11:50 📤 Processando lote #2: 1000 mensagens
2025/05/10 12:12:03 ✅ Lote #2: 1996/100000 mensagens enviadas
2025/05/10 12:12:03 ⏳ Aguardando 4m46s para o próximo lote...
2025/05/10 12:17:07 🔍 Verificando template: transacional_mes_maes_5
2025/05/10 12:17:07 ✅ Template transacional_mes_maes_5 confirmado como UTILITY e ativo. Iniciando envio...
2025/05/10 12:17:07 Número 65992801164 já processado anteriormente, marcando pedido RENOVABE-2775451 como enviado
2025/05/10 12:17:07 📤 Processando lote #3: 999 mensagens
2025/05/10 12:17:28 ✅ Lote #3: 2995/100000 mensagens enviadas
2025/05/10 12:17:28 ⏳ Aguardando 4m40s para o próximo lote...
2025/05/10 12:22:23 🔍 Verificando template: transacional_mes_maes_5
2025/05/10 12:22:23 ✅ Template transacional_mes_maes_5 confirmado como UTILITY e ativo. Iniciando envio...
2025/05/10 12:22:23 Número 85996731084 já processado anteriormente, marcando pedido RENOVABE-2778525 como enviado
2025/05/10 12:22:23 📤 Processando lote #4: 999 mensagens
2025/05/10 12:22:25 Erro 400: {"error":{"message":"(#100) Invalid parameter","type":"OAuthException","code":100,"error_data":{"messaging_product":"whatsapp","details":"Parameter Invalid"},"fbtrace_id":"AXxPTYd1sPJYIJlem9sstgA"}}
2025/05/10 12:22:55 ✅ Lote #4: 3994/100000 mensagens enviadas
2025/05/10 12:22:55 ⏳ Aguardando 4m30s para o próximo lote...
