2025/05/14 09:30:33 🚀 Iniciando processo de envio controlado
2025/05/14 09:30:35 🚀 Iniciando com taxa de 20 mensagens por segundo
2025/05/14 09:30:35 ⏱️ Processando lotes de 1000 mensagens a cada 5m0s
2025/05/14 09:30:35 🔍 Verificando template: transacional_falta_estoque_step_13_05_2025
2025/05/14 09:30:36 📋 Informações do template 'transacional_falta_estoque_step_13_05_2025':
   - Categoria: UTILITY
   - Status: APPROVED
2025/05/14 09:30:36 ✅ Template transacional_falta_estoque_step_13_05_2025 confirmado como UTILITY e ativo. Iniciando envio...
2025/05/14 09:30:37 Número 11972299456 já processado anteriormente, marcando pedido RENOVABE-5020901 como enviado
2025/05/14 09:30:37 Número 11989235325 já processado anteriormente, marcando pedido RENOVABE-5019774 como enviado
2025/05/14 09:30:37 Número 11961616414 já processado anteriormente, marcando pedido RENOVABE-5011180 como enviado
2025/05/14 09:30:37 Número 13974065543 já processado anteriormente, marcando pedido RENOVABE-5013954 como enviado
2025/05/14 09:30:37 Número 18997326126 já processado anteriormente, marcando pedido RENOVABE-5015680 como enviado
2025/05/14 09:30:37 📤 Processando lote #1: 464 mensagens
2025/05/14 09:30:47 ✅ Lote #1: 464/100000 mensagens enviadas
2025/05/14 09:30:47 ⏳ Aguardando 4m51s para o próximo lote...
2025/05/14 09:35:37 🔍 Verificando template: transacional_falta_estoque_step_13_05_2025
2025/05/14 09:35:37 📋 Informações do template 'transacional_falta_estoque_step_13_05_2025':
   - Categoria: UTILITY
   - Status: 
2025/05/14 09:35:37 ✅ Template transacional_falta_estoque_step_13_05_2025 confirmado como UTILITY e ativo. Iniciando envio...
2025/05/14 09:35:39 Número 14996341200 já processado anteriormente, marcando pedido RENOVABE-5020472 como enviado
2025/05/14 09:35:39 Número 11971335120 já processado anteriormente, marcando pedido RENOVABE-5016557 como enviado
2025/05/14 09:35:39 Número 11982882418 já processado anteriormente, marcando pedido RENOVABE-5019714 como enviado
2025/05/14 09:35:39 Número 11962240470 já processado anteriormente, marcando pedido RENOVABE-5009977 como enviado
2025/05/14 09:35:39 Número 14996665236 já processado anteriormente, marcando pedido RENOVABE-5014060 como enviado
2025/05/14 09:35:39 Número 16998546712 já processado anteriormente, marcando pedido VINDI-383540411 como enviado
2025/05/14 09:35:39 Número 13992038628 já processado anteriormente, marcando pedido RENOVABE-5012217 como enviado
2025/05/14 09:35:39 Número 14996103020 já processado anteriormente, marcando pedido RENOVABE-5019298 como enviado
2025/05/14 09:35:39 Número 19983020256 já processado anteriormente, marcando pedido RENOVABE-5010547 como enviado
2025/05/14 09:35:39 Número 11961616414 já processado anteriormente, marcando pedido RENOVABE-5010797 como enviado
2025/05/14 09:35:39 Número 11995274051 já processado anteriormente, marcando pedido RENOVABE-5015379 como enviado
2025/05/14 09:35:39 Número 11972299456 já processado anteriormente, marcando pedido RENOVABE-5018176 como enviado
2025/05/14 09:35:39 Número 11969661444 já processado anteriormente, marcando pedido RENOVABE-5016145 como enviado
2025/05/14 09:35:39 Número 16996322001 já processado anteriormente, marcando pedido RENOVABE-5012325 como enviado
2025/05/14 09:35:39 Número 16998546256 já processado anteriormente, marcando pedido VINDI-383817784 como enviado
2025/05/14 09:35:39 Número 11965215182 já processado anteriormente, marcando pedido RENOVABE-5012697 como enviado
2025/05/14 09:35:39 Número 11971452894 já processado anteriormente, marcando pedido RENOVABE-5018790 como enviado
2025/05/14 09:35:39 Número 11981513057 já processado anteriormente, marcando pedido RENOVABE-5019272 como enviado
2025/05/14 09:35:39 Número 11971801249 já processado anteriormente, marcando pedido RENOVABE-5019304 como enviado
2025/05/14 09:35:39 Número 11996753555 já processado anteriormente, marcando pedido RENOVABE-5018378 como enviado
2025/05/14 09:35:39 Número 19999675583 já processado anteriormente, marcando pedido RENOVABE-5017944 como enviado
2025/05/14 09:35:39 Número 11986195020 já processado anteriormente, marcando pedido RENOVABE-5017057 como enviado
2025/05/14 09:35:39 Número 12982189152 já processado anteriormente, marcando pedido RENOVABE-5015721 como enviado
2025/05/14 09:35:39 Número 19996070999 já processado anteriormente, marcando pedido RENOVABE-5015856 como enviado
2025/05/14 09:35:39 Número 11991674209 já processado anteriormente, marcando pedido RENOVABE-5014053 como enviado
2025/05/14 09:35:39 Número 11996713122 já processado anteriormente, marcando pedido RENOVABE-5015156 como enviado
2025/05/14 09:35:39 Número 11988527337 já processado anteriormente, marcando pedido RENOVABE-5014413 como enviado
2025/05/14 09:35:39 Número 11987878657 já processado anteriormente, marcando pedido RENOVABE-5014689 como enviado
2025/05/14 09:35:39 Número 11975942904 já processado anteriormente, marcando pedido RENOVABE-5015848 como enviado
2025/05/14 09:35:39 Número 11987367512 já processado anteriormente, marcando pedido RENOVABE-5014187 como enviado
2025/05/14 09:35:39 Número 11965827624 já processado anteriormente, marcando pedido RENOVABE-5013348 como enviado
2025/05/14 09:35:39 Número 11999414986 já processado anteriormente, marcando pedido RENOVABE-5013639 como enviado
2025/05/14 09:35:39 Número 14997219329 já processado anteriormente, marcando pedido RENOVABE-5014833 como enviado
2025/05/14 09:35:39 Número 17991489929 já processado anteriormente, marcando pedido RENOVABE-5014633 como enviado
2025/05/14 09:35:39 Número 11983444222 já processado anteriormente, marcando pedido RENOVABE-5013671 como enviado
2025/05/14 09:35:39 Número 15997160990 já processado anteriormente, marcando pedido RENOVABE-5016235 como enviado
2025/05/14 09:35:39 Número 11984099960 já processado anteriormente, marcando pedido RENOVABE-5015153 como enviado
2025/05/14 09:35:39 Número 19998277654 já processado anteriormente, marcando pedido RENOVABE-5013917 como enviado
2025/05/14 09:35:39 Número 19988322341 já processado anteriormente, marcando pedido RENOVABE-5018486 como enviado
2025/05/14 09:35:39 Número 11980551061 já processado anteriormente, marcando pedido RENOVABE-5016875 como enviado
2025/05/14 09:35:39 Número 11999961002 já processado anteriormente, marcando pedido RENOVABE-5016961 como enviado
2025/05/14 09:35:39 Número 11977059900 já processado anteriormente, marcando pedido RENOVABE-5014800 como enviado
2025/05/14 09:35:39 Número 11977812086 já processado anteriormente, marcando pedido RENOVABE-5014453 como enviado
2025/05/14 09:35:39 Número 11988856943 já processado anteriormente, marcando pedido RENOVABE-5011158 como enviado
2025/05/14 09:35:39 Número 11987070376 já processado anteriormente, marcando pedido RENOVABE-5011166 como enviado
2025/05/14 09:35:39 Número 11971086028 já processado anteriormente, marcando pedido RENOVABE-5009951 como enviado
2025/05/14 09:35:39 Número 11981260021 já processado anteriormente, marcando pedido RENOVABE-5016122 como enviado
2025/05/14 09:35:39 Número 11965042478 já processado anteriormente, marcando pedido RENOVABE-5012573 como enviado
2025/05/14 09:35:39 Número 11947620464 já processado anteriormente, marcando pedido RENOVABE-5015271 como enviado
2025/05/14 09:35:39 Número 11970489868 já processado anteriormente, marcando pedido VINDI-383456735 como enviado
2025/05/14 09:35:39 Número 11930890288 já processado anteriormente, marcando pedido RENOVABE-5014021 como enviado
2025/05/14 09:35:39 Número 19981592475 já processado anteriormente, marcando pedido RENOVABE-5014607 como enviado
2025/05/14 09:35:39 Número 11980928231 já processado anteriormente, marcando pedido RENOVABE-5015301 como enviado
2025/05/14 09:35:39 Número 11995128941 já processado anteriormente, marcando pedido RENOVABE-5015042 como enviado
2025/05/14 09:35:39 Número 11987816199 já processado anteriormente, marcando pedido RENOVABE-5015499 como enviado
2025/05/14 09:35:39 Número 11970235661 já processado anteriormente, marcando pedido RENOVABE-5015474 como enviado
2025/05/14 09:35:39 Número 15991951014 já processado anteriormente, marcando pedido RENOVABE-5014849 como enviado
2025/05/14 09:35:39 Número 11941062179 já processado anteriormente, marcando pedido RENOVABE-5015174 como enviado
2025/05/14 09:35:39 Número 11986956359 já processado anteriormente, marcando pedido RENOVABE-5015557 como enviado
2025/05/14 09:35:39 Número 11991375871 já processado anteriormente, marcando pedido RENOVABE-5018597 como enviado
2025/05/14 09:35:39 Número 19994298525 já processado anteriormente, marcando pedido RENOVABE-5014473 como enviado
2025/05/14 09:35:39 Número 11958129609 já processado anteriormente, marcando pedido RENOVABE-5015496 como enviado
2025/05/14 09:35:39 Número 11975256649 já processado anteriormente, marcando pedido RENOVABE-5014369 como enviado
2025/05/14 09:35:39 Número 11917560570 já processado anteriormente, marcando pedido RENOVABE-5013798 como enviado
2025/05/14 09:35:39 Número 18996960181 já processado anteriormente, marcando pedido RENOVABE-5012395 como enviado
2025/05/14 09:35:39 Número 11973094280 já processado anteriormente, marcando pedido RENOVABE-5017548 como enviado
2025/05/14 09:35:39 Número 17997048200 já processado anteriormente, marcando pedido RENOVABE-5019639 como enviado
2025/05/14 09:35:39 Número 11974712115 já processado anteriormente, marcando pedido VINDI-383742091 como enviado
2025/05/14 09:35:39 Número 18997236136 já processado anteriormente, marcando pedido VINDI-383762187 como enviado
2025/05/14 09:35:39 Número 12988443547 já processado anteriormente, marcando pedido VINDI-383091811 como enviado
2025/05/14 09:35:39 Número 11994446463 já processado anteriormente, marcando pedido VINDI-382741041 como enviado
2025/05/14 09:35:39 Número 11949985237 já processado anteriormente, marcando pedido RENOVABE-5014549 como enviado
2025/05/14 09:35:39 Número 11995147051 já processado anteriormente, marcando pedido RENOVABE-5015374 como enviado
2025/05/14 09:35:39 Número 11967831244 já processado anteriormente, marcando pedido RENOVABE-5015006 como enviado
2025/05/14 09:35:39 Número 11975961896 já processado anteriormente, marcando pedido RENOVABE-5016548 como enviado
2025/05/14 09:35:39 Número 19997442192 já processado anteriormente, marcando pedido RENOVABE-5018116 como enviado
2025/05/14 09:35:39 Número 11970653347 já processado anteriormente, marcando pedido RENOVABE-5014691 como enviado
2025/05/14 09:35:39 Número 11995104449 já processado anteriormente, marcando pedido RENOVABE-5014331 como enviado
2025/05/14 09:35:39 Número 11962352133 já processado anteriormente, marcando pedido RENOVABE-5015299 como enviado
2025/05/14 09:35:39 Número 12988592866 já processado anteriormente, marcando pedido RENOVABE-5017542 como enviado
2025/05/14 09:35:39 Número 19936180125 já processado anteriormente, marcando pedido RENOVABE-5016466 como enviado
2025/05/14 09:35:39 Número 11974192001 já processado anteriormente, marcando pedido RENOVABE-5015039 como enviado
2025/05/14 09:35:39 Número 11956588410 já processado anteriormente, marcando pedido RENOVABE-5015963 como enviado
2025/05/14 09:35:39 Número 15991093422 já processado anteriormente, marcando pedido RENOVABE-5013027 como enviado
2025/05/14 09:35:39 Número 11965418862 já processado anteriormente, marcando pedido VINDI-383624914 como enviado
2025/05/14 09:35:39 Número 11973076221 já processado anteriormente, marcando pedido VINDI-383629387 como enviado
2025/05/14 09:35:39 Número 11993892484 já processado anteriormente, marcando pedido RENOVABE-5012897 como enviado
2025/05/14 09:35:39 Número 14998774785 já processado anteriormente, marcando pedido RENOVABE-5017900 como enviado
2025/05/14 09:35:39 Número 12992099088 já processado anteriormente, marcando pedido RENOVABE-5016541 como enviado
2025/05/14 09:35:39 Número 11960694586 já processado anteriormente, marcando pedido RENOVABE-5017511 como enviado
2025/05/14 09:35:39 Número 16988574528 já processado anteriormente, marcando pedido VINDI-381431273 como enviado
2025/05/14 09:35:39 Número 15997128076 já processado anteriormente, marcando pedido RENOVABE-5014566 como enviado
2025/05/14 09:35:39 Número 19996695150 já processado anteriormente, marcando pedido RENOVABE-5014985 como enviado
2025/05/14 09:35:39 Número 11989235325 já processado anteriormente, marcando pedido RENOVABE-5019785 como enviado
2025/05/14 09:35:39 Número 15991061213 já processado anteriormente, marcando pedido RENOVABE-5018876 como enviado
2025/05/14 09:35:39 Número 11959173625 já processado anteriormente, marcando pedido RENOVABE-5017653 como enviado
2025/05/14 09:35:39 Número 17997633694 já processado anteriormente, marcando pedido RENOVABE-5018271 como enviado
2025/05/14 09:35:39 Número 17997021546 já processado anteriormente, marcando pedido RENOVABE-5016913 como enviado
2025/05/14 09:35:39 Número 16991157000 já processado anteriormente, marcando pedido RENOVABE-5017780 como enviado
2025/05/14 09:35:39 Número 11958814247 já processado anteriormente, marcando pedido RENOVABE-5016989 como enviado
2025/05/14 09:35:39 Número 19996914377 já processado anteriormente, marcando pedido RENOVABE-5017051 como enviado
2025/05/14 09:35:39 Número 16991336635 já processado anteriormente, marcando pedido RENOVABE-5020747 como enviado
2025/05/14 09:35:39 Número 11987616353 já processado anteriormente, marcando pedido RENOVABE-5014113 como enviado
2025/05/14 09:35:39 Número 12996332516 já processado anteriormente, marcando pedido RENOVABE-5013279 como enviado
2025/05/14 09:35:39 Número 19982244753 já processado anteriormente, marcando pedido RENOVABE-5011987 como enviado
2025/05/14 09:35:39 Número 11961293736 já processado anteriormente, marcando pedido RENOVABE-5009953 como enviado
2025/05/14 09:35:39 Número 17996083256 já processado anteriormente, marcando pedido RENOVABE-5018349 como enviado
2025/05/14 09:35:39 Número 11972299456 já processado anteriormente, marcando pedido RENOVABE-5020901 como enviado
2025/05/14 09:35:39 Número 19997356235 já processado anteriormente, marcando pedido RENOVABE-5018654 como enviado
2025/05/14 09:35:39 Número 16997754050 já processado anteriormente, marcando pedido RENOVABE-5018650 como enviado
2025/05/14 09:35:39 Número 17996700550 já processado anteriormente, marcando pedido RENOVABE-5019349 como enviado
2025/05/14 09:35:39 Número 14999055462 já processado anteriormente, marcando pedido RENOVABE-5019367 como enviado
2025/05/14 09:35:39 Número 15997984674 já processado anteriormente, marcando pedido RENOVABE-5019405 como enviado
2025/05/14 09:35:39 Número 11999345072 já processado anteriormente, marcando pedido RENOVABE-5019436 como enviado
2025/05/14 09:35:39 Número 11989235325 já processado anteriormente, marcando pedido RENOVABE-5019774 como enviado
2025/05/14 09:35:39 Número 11971655564 já processado anteriormente, marcando pedido RENOVABE-5008133 como enviado
2025/05/14 09:35:39 Número 11941015767 já processado anteriormente, marcando pedido RENOVABE-5015159 como enviado
2025/05/14 09:35:39 Número 11997123239 já processado anteriormente, marcando pedido RENOVABE-5016216 como enviado
2025/05/14 09:35:39 Número 11996979629 já processado anteriormente, marcando pedido RENOVABE-5016341 como enviado
2025/05/14 09:35:39 Número 19991383749 já processado anteriormente, marcando pedido RENOVABE-5020352 como enviado
2025/05/14 09:35:39 Número 11960712480 já processado anteriormente, marcando pedido RENOVABE-5011974 como enviado
2025/05/14 09:35:39 Número 12981523038 já processado anteriormente, marcando pedido RENOVABE-5010742 como enviado
2025/05/14 09:35:39 Número 11953395334 já processado anteriormente, marcando pedido RENOVABE-5010823 como enviado
2025/05/14 09:35:39 Número 19991410430 já processado anteriormente, marcando pedido RENOVABE-5012414 como enviado
2025/05/14 09:35:39 Número 12997417109 já processado anteriormente, marcando pedido RENOVABE-5013142 como enviado
2025/05/14 09:35:39 Número 19992814880 já processado anteriormente, marcando pedido RENOVABE-5012196 como enviado
2025/05/14 09:35:39 Número 11941511170 já processado anteriormente, marcando pedido RENOVABE-5017331 como enviado
2025/05/14 09:35:39 Número 11945235823 já processado anteriormente, marcando pedido RENOVABE-5017466 como enviado
2025/05/14 09:35:39 Número 11985027537 já processado anteriormente, marcando pedido RENOVABE-5009960 como enviado
2025/05/14 09:35:39 Número 11979665322 já processado anteriormente, marcando pedido RENOVABE-5010618 como enviado
2025/05/14 09:35:39 Número 11972863196 já processado anteriormente, marcando pedido RENOVABE-5012801 como enviado
2025/05/14 09:35:39 Número 11996291400 já processado anteriormente, marcando pedido RENOVABE-5011971 como enviado
2025/05/14 09:35:39 Número 12982593506 já processado anteriormente, marcando pedido RENOVABE-5012036 como enviado
2025/05/14 09:35:39 Número 11942216668 já processado anteriormente, marcando pedido RENOVABE-5010032 como enviado
2025/05/14 09:35:39 Número 11958463080 já processado anteriormente, marcando pedido RENOVABE-5010752 como enviado
2025/05/14 09:35:39 Número 11961496399 já processado anteriormente, marcando pedido RENOVABE-5012559 como enviado
2025/05/14 09:35:39 Número 17997792547 já processado anteriormente, marcando pedido RENOVABE-5017061 como enviado
2025/05/14 09:35:39 Número 11993611273 já processado anteriormente, marcando pedido RENOVABE-5019979 como enviado
2025/05/14 09:35:39 Número 18997418989 já processado anteriormente, marcando pedido RENOVABE-5020179 como enviado
2025/05/14 09:35:39 Número 12996047821 já processado anteriormente, marcando pedido RENOVABE-5018854 como enviado
2025/05/14 09:35:39 Número 14996160524 já processado anteriormente, marcando pedido RENOVABE-5018830 como enviado
2025/05/14 09:35:39 Número 11971622083 já processado anteriormente, marcando pedido VINDI-383548721 como enviado
2025/05/14 09:35:39 Número 11971138286 já processado anteriormente, marcando pedido RENOVABE-5014017 como enviado
2025/05/14 09:35:39 Número 19983693203 já processado anteriormente, marcando pedido RENOVABE-5014646 como enviado
2025/05/14 09:35:39 Número 18997049223 já processado anteriormente, marcando pedido RENOVABE-5011437 como enviado
2025/05/14 09:35:39 Número 11949764006 já processado anteriormente, marcando pedido RENOVABE-5014100 como enviado
2025/05/14 09:35:39 Número 12988288563 já processado anteriormente, marcando pedido RENOVABE-5013812 como enviado
2025/05/14 09:35:39 Número 11932882544 já processado anteriormente, marcando pedido RENOVABE-5017566 como enviado
2025/05/14 09:35:39 Número 19987125847 já processado anteriormente, marcando pedido RENOVABE-5015025 como enviado
2025/05/14 09:35:39 Número 19982079860 já processado anteriormente, marcando pedido RENOVABE-5017627 como enviado
2025/05/14 09:35:39 Número 11939431398 já processado anteriormente, marcando pedido RENOVABE-5012012 como enviado
2025/05/14 09:35:39 Número 13974226514 já processado anteriormente, marcando pedido RENOVABE-5015878 como enviado
2025/05/14 09:35:39 Número 16981732888 já processado anteriormente, marcando pedido RENOVABE-5015436 como enviado
2025/05/14 09:35:39 Número 14997366927 já processado anteriormente, marcando pedido RENOVABE-5015372 como enviado
2025/05/14 09:35:39 Número 19997865626 já processado anteriormente, marcando pedido RENOVABE-5010093 como enviado
2025/05/14 09:35:39 Número 14991095151 já processado anteriormente, marcando pedido RENOVABE-5011208 como enviado
2025/05/14 09:35:39 Número 14996325689 já processado anteriormente, marcando pedido RENOVABE-5011689 como enviado
2025/05/14 09:35:39 Número 14996626723 já processado anteriormente, marcando pedido RENOVABE-5014114 como enviado
2025/05/14 09:35:39 Número 17991184570 já processado anteriormente, marcando pedido RENOVABE-5015660 como enviado
2025/05/14 09:35:39 Número 11988092333 já processado anteriormente, marcando pedido RENOVABE-5018026 como enviado
2025/05/14 09:35:39 Número 11952928945 já processado anteriormente, marcando pedido VINDI-383542936 como enviado
2025/05/14 09:35:39 Número 18997029332 já processado anteriormente, marcando pedido RENOVABE-5018517 como enviado
2025/05/14 09:35:39 Número 11947962080 já processado anteriormente, marcando pedido RENOVABE-5017698 como enviado
2025/05/14 09:35:39 Número 19992422980 já processado anteriormente, marcando pedido RENOVABE-5016912 como enviado
2025/05/14 09:35:39 Número 11988260849 já processado anteriormente, marcando pedido RENOVABE-5018112 como enviado
2025/05/14 09:35:39 Número 11940289197 já processado anteriormente, marcando pedido RENOVABE-5020236 como enviado
2025/05/14 09:35:39 Número 11945280505 já processado anteriormente, marcando pedido RENOVABE-5018613 como enviado
2025/05/14 09:35:39 Número 14991869723 já processado anteriormente, marcando pedido RENOVABE-5017792 como enviado
2025/05/14 09:35:39 Número 11993616088 já processado anteriormente, marcando pedido RENOVABE-5016941 como enviado
2025/05/14 09:35:39 Número 19992825986 já processado anteriormente, marcando pedido RENOVABE-5018669 como enviado
2025/05/14 09:35:39 Número 18996340902 já processado anteriormente, marcando pedido RENOVABE-5017599 como enviado
2025/05/14 09:35:39 Número 18996600291 já processado anteriormente, marcando pedido RENOVABE-5017743 como enviado
2025/05/14 09:35:39 Número 11979587653 já processado anteriormente, marcando pedido RENOVABE-5018494 como enviado
2025/05/14 09:35:39 Número 17981140123 já processado anteriormente, marcando pedido RENOVABE-5016841 como enviado
2025/05/14 09:35:39 Número 11979507934 já processado anteriormente, marcando pedido RENOVABE-5020463 como enviado
2025/05/14 09:35:39 Número 13996139037 já processado anteriormente, marcando pedido RENOVABE-5020460 como enviado
2025/05/14 09:35:39 Número 12974030959 já processado anteriormente, marcando pedido RENOVABE-5014623 como enviado
2025/05/14 09:35:39 Número 11977096341 já processado anteriormente, marcando pedido RENOVABE-5014563 como enviado
2025/05/14 09:35:39 Número 11941531016 já processado anteriormente, marcando pedido RENOVABE-5014977 como enviado
2025/05/14 09:35:39 Número 17991702666 já processado anteriormente, marcando pedido RENOVABE-5016115 como enviado
2025/05/14 09:35:39 Número 15998494383 já processado anteriormente, marcando pedido RENOVABE-5015888 como enviado
2025/05/14 09:35:39 Número 19991456678 já processado anteriormente, marcando pedido RENOVABE-5011608 como enviado
2025/05/14 09:35:39 Número 19994790496 já processado anteriormente, marcando pedido RENOVABE-5012483 como enviado
2025/05/14 09:35:39 Número 11971365563 já processado anteriormente, marcando pedido RENOVABE-5015746 como enviado
2025/05/14 09:35:39 Número 15998583164 já processado anteriormente, marcando pedido VINDI-383590313 como enviado
2025/05/14 09:35:39 Número 14988413909 já processado anteriormente, marcando pedido RENOVABE-5019321 como enviado
2025/05/14 09:35:39 Número 11962322848 já processado anteriormente, marcando pedido RENOVABE-5019324 como enviado
2025/05/14 09:35:39 Número 19993629969 já processado anteriormente, marcando pedido RENOVABE-5019326 como enviado
2025/05/14 09:35:39 Número 18996046020 já processado anteriormente, marcando pedido RENOVABE-5018409 como enviado
2025/05/14 09:35:39 Número 11964789250 já processado anteriormente, marcando pedido RENOVABE-5018655 como enviado
2025/05/14 09:35:39 Número 11997596146 já processado anteriormente, marcando pedido RENOVABE-5013783 como enviado
2025/05/14 09:35:39 Número 19995485397 já processado anteriormente, marcando pedido RENOVABE-5013850 como enviado
2025/05/14 09:35:39 Número 11962753903 já processado anteriormente, marcando pedido RENOVABE-5013864 como enviado
2025/05/14 09:35:39 Número 11945419994 já processado anteriormente, marcando pedido RENOVABE-5015907 como enviado
2025/05/14 09:35:39 Número 13974201734 já processado anteriormente, marcando pedido RENOVABE-5014486 como enviado
2025/05/14 09:35:39 Número 11999138372 já processado anteriormente, marcando pedido RENOVABE-5015162 como enviado
2025/05/14 09:35:39 Número 18998230488 já processado anteriormente, marcando pedido RENOVABE-5014965 como enviado
2025/05/14 09:35:39 Número 11958616275 já processado anteriormente, marcando pedido RENOVABE-5016278 como enviado
2025/05/14 09:35:39 Número 11950614410 já processado anteriormente, marcando pedido RENOVABE-5014695 como enviado
2025/05/14 09:35:39 Número 11977513040 já processado anteriormente, marcando pedido RENOVABE-5014231 como enviado
2025/05/14 09:35:39 Número 11983148490 já processado anteriormente, marcando pedido RENOVABE-5015036 como enviado
2025/05/14 09:35:39 Número 16998516265 já processado anteriormente, marcando pedido VINDI-383543533 como enviado
2025/05/14 09:35:39 Número 11991993223 já processado anteriormente, marcando pedido RENOVABE-5018559 como enviado
2025/05/14 09:35:39 Número 11976658175 já processado anteriormente, marcando pedido RENOVABE-5014213 como enviado
2025/05/14 09:35:39 Número 11979929126 já processado anteriormente, marcando pedido RENOVABE-5014005 como enviado
2025/05/14 09:35:39 Número 19996650623 já processado anteriormente, marcando pedido RENOVABE-5012779 como enviado
2025/05/14 09:35:39 Número 11998523169 já processado anteriormente, marcando pedido RENOVABE-5013734 como enviado
2025/05/14 09:35:39 Número 11983294722 já processado anteriormente, marcando pedido RENOVABE-5014753 como enviado
2025/05/14 09:35:39 Número 16982211491 já processado anteriormente, marcando pedido RENOVABE-5014677 como enviado
2025/05/14 09:35:39 Número 11958884301 já processado anteriormente, marcando pedido RENOVABE-5013365 como enviado
2025/05/14 09:35:39 Número 12988480725 já processado anteriormente, marcando pedido RENOVABE-5019752 como enviado
2025/05/14 09:35:39 Número 11998711635 já processado anteriormente, marcando pedido RENOVABE-5019619 como enviado
2025/05/14 09:35:39 Número 11995731628 já processado anteriormente, marcando pedido RENOVABE-5015235 como enviado
2025/05/14 09:35:39 Número 19988188485 já processado anteriormente, marcando pedido RENOVABE-5014226 como enviado
2025/05/14 09:35:39 Número 11983958160 já processado anteriormente, marcando pedido RENOVABE-5016803 como enviado
2025/05/14 09:35:39 Número 12981408578 já processado anteriormente, marcando pedido RENOVABE-5017126 como enviado
2025/05/14 09:35:39 Número 11970946939 já processado anteriormente, marcando pedido RENOVABE-5017562 como enviado
2025/05/14 09:35:39 Número 11964616349 já processado anteriormente, marcando pedido RENOVABE-5013901 como enviado
2025/05/14 09:35:39 Número 11971160737 já processado anteriormente, marcando pedido RENOVABE-5011580 como enviado
2025/05/14 09:35:39 Número 13974065543 já processado anteriormente, marcando pedido RENOVABE-5014177 como enviado
2025/05/14 09:35:39 Número 11996590043 já processado anteriormente, marcando pedido RENOVABE-5014544 como enviado
2025/05/14 09:35:39 Número 11996492638 já processado anteriormente, marcando pedido RENOVABE-5014636 como enviado
2025/05/14 09:35:39 Número 11961616414 já processado anteriormente, marcando pedido RENOVABE-5011180 como enviado
2025/05/14 09:35:39 Número 19974217959 já processado anteriormente, marcando pedido RENOVABE-5013618 como enviado
2025/05/14 09:35:39 Número 11980835503 já processado anteriormente, marcando pedido RENOVABE-5012581 como enviado
2025/05/14 09:35:39 Número 11953140632 já processado anteriormente, marcando pedido RENOVABE-5020039 como enviado
2025/05/14 09:35:39 Número 16993555964 já processado anteriormente, marcando pedido RENOVABE-5020015 como enviado
2025/05/14 09:35:39 Número 11998957995 já processado anteriormente, marcando pedido RENOVABE-5020055 como enviado
2025/05/14 09:35:39 Número 19991580470 já processado anteriormente, marcando pedido RENOVABE-5020101 como enviado
2025/05/14 09:35:39 Número 19935053443 já processado anteriormente, marcando pedido VINDI-383714457 como enviado
2025/05/14 09:35:39 Número 16991146935 já processado anteriormente, marcando pedido VINDI-383747010 como enviado
2025/05/14 09:35:39 Número 16997871054 já processado anteriormente, marcando pedido VINDI-383774426 como enviado
2025/05/14 09:35:39 Número 15981506383 já processado anteriormente, marcando pedido RENOVABE-5008728 como enviado
2025/05/14 09:35:39 Número 11943444966 já processado anteriormente, marcando pedido RENOVABE-5014571 como enviado
2025/05/14 09:35:39 Número 11967089876 já processado anteriormente, marcando pedido RENOVABE-5013719 como enviado
2025/05/14 09:35:39 Número 11982222199 já processado anteriormente, marcando pedido RENOVABE-5014046 como enviado
2025/05/14 09:35:39 Número 19993865303 já processado anteriormente, marcando pedido RENOVABE-5014847 como enviado
2025/05/14 09:35:39 Número 12988032060 já processado anteriormente, marcando pedido RENOVABE-5014761 como enviado
2025/05/14 09:35:39 Número 11950773014 já processado anteriormente, marcando pedido RENOVABE-5013724 como enviado
2025/05/14 09:35:39 Número 11992927164 já processado anteriormente, marcando pedido RENOVABE-5014074 como enviado
2025/05/14 09:35:39 Número 13974065543 já processado anteriormente, marcando pedido RENOVABE-5013954 como enviado
2025/05/14 09:35:39 Número 17996182008 já processado anteriormente, marcando pedido RENOVABE-5014225 como enviado
2025/05/14 09:35:39 Número 11959913714 já processado anteriormente, marcando pedido RENOVABE-5016460 como enviado
2025/05/14 09:35:39 Número 11981742738 já processado anteriormente, marcando pedido RENOVABE-5014250 como enviado
2025/05/14 09:35:39 Número 19998726743 já processado anteriormente, marcando pedido RENOVABE-5013597 como enviado
2025/05/14 09:35:39 Número 11959571429 já processado anteriormente, marcando pedido RENOVABE-5014266 como enviado
2025/05/14 09:35:39 Número 11994179784 já processado anteriormente, marcando pedido RENOVABE-5014638 como enviado
2025/05/14 09:35:39 Número 14998736671 já processado anteriormente, marcando pedido RENOVABE-5018181 como enviado
2025/05/14 09:35:39 Número 11965623174 já processado anteriormente, marcando pedido RENOVABE-5014307 como enviado
2025/05/14 09:35:39 Número 14997704492 já processado anteriormente, marcando pedido RENOVABE-5011448 como enviado
2025/05/14 09:35:39 Número 55992136663 já processado anteriormente, marcando pedido VINDI-383692915 como enviado
2025/05/14 09:35:39 Número 19981457299 já processado anteriormente, marcando pedido RENOVABE-5011641 como enviado
2025/05/14 09:35:39 Número 11975268866 já processado anteriormente, marcando pedido RENOVABE-5011044 como enviado
2025/05/14 09:35:39 Número 11949367245 já processado anteriormente, marcando pedido RENOVABE-5009984 como enviado
2025/05/14 09:35:39 Número 11959589186 já processado anteriormente, marcando pedido RENOVABE-5017516 como enviado
2025/05/14 09:35:39 Número 16981106414 já processado anteriormente, marcando pedido RENOVABE-5016884 como enviado
2025/05/14 09:35:39 Número 11957896294 já processado anteriormente, marcando pedido RENOVABE-5014872 como enviado
2025/05/14 09:35:39 Número 16988649829 já processado anteriormente, marcando pedido RENOVABE-5016144 como enviado
2025/05/14 09:35:39 Número 19974148998 já processado anteriormente, marcando pedido RENOVABE-5008170 como enviado
2025/05/14 09:35:39 Número 11986255966 já processado anteriormente, marcando pedido RENOVABE-5017447 como enviado
2025/05/14 09:35:39 Número 16991326560 já processado anteriormente, marcando pedido RENOVABE-5019768 como enviado
2025/05/14 09:35:39 Número 16988574828 já processado anteriormente, marcando pedido VINDI-381083630 como enviado
2025/05/14 09:35:39 Número 11957866674 já processado anteriormente, marcando pedido RENOVABE-5018308 como enviado
2025/05/14 09:35:39 Número 11954473424 já processado anteriormente, marcando pedido RENOVABE-5020744 como enviado
2025/05/14 09:35:39 Número 18981682869 já processado anteriormente, marcando pedido RENOVABE-5020781 como enviado
2025/05/14 09:35:39 Número 11961035320 já processado anteriormente, marcando pedido RENOVABE-5020804 como enviado
2025/05/14 09:35:39 Número 16992540053 já processado anteriormente, marcando pedido VINDI-383839458 como enviado
2025/05/14 09:35:39 Número 19991036199 já processado anteriormente, marcando pedido RENOVABE-5015836 como enviado
2025/05/14 09:35:39 Número 11940233654 já processado anteriormente, marcando pedido RENOVABE-5015590 como enviado
2025/05/14 09:35:39 Número 34991299445 já processado anteriormente, marcando pedido RENOVABE-5014891 como enviado
2025/05/14 09:35:39 Número 11966108080 já processado anteriormente, marcando pedido RENOVABE-5010086 como enviado
2025/05/14 09:35:39 Número 12988362736 já processado anteriormente, marcando pedido RENOVABE-5010912 como enviado
2025/05/14 09:35:39 Número 11993983517 já processado anteriormente, marcando pedido RENOVABE-5010302 como enviado
2025/05/14 09:35:39 Número 12988343590 já processado anteriormente, marcando pedido RENOVABE-5010288 como enviado
2025/05/14 09:35:39 Número 11962446088 já processado anteriormente, marcando pedido RENOVABE-5011907 como enviado
2025/05/14 09:35:39 Número 19999574497 já processado anteriormente, marcando pedido RENOVABE-5017892 como enviado
2025/05/14 09:35:39 Número 16997515455 já processado anteriormente, marcando pedido VINDI-383545659 como enviado
2025/05/14 09:35:39 Número 11995842407 já processado anteriormente, marcando pedido RENOVABE-5018779 como enviado
2025/05/14 09:35:39 Número 11977854992 já processado anteriormente, marcando pedido RENOVABE-5019348 como enviado
2025/05/14 09:35:39 Número 11970565381 já processado anteriormente, marcando pedido RENOVABE-5019360 como enviado
2025/05/14 09:35:39 Número 11971415507 já processado anteriormente, marcando pedido RENOVABE-5019376 como enviado
2025/05/14 09:35:39 Número 16992834220 já processado anteriormente, marcando pedido RENOVABE-5019444 como enviado
2025/05/14 09:35:39 Número 11965341604 já processado anteriormente, marcando pedido RENOVABE-5019451 como enviado
2025/05/14 09:35:39 Número 11975309957 já processado anteriormente, marcando pedido RENOVABE-5019454 como enviado
2025/05/14 09:35:39 Número 11958799567 já processado anteriormente, marcando pedido RENOVABE-5020591 como enviado
2025/05/14 09:35:39 Número 11984586154 já processado anteriormente, marcando pedido RENOVABE-5013397 como enviado
2025/05/14 09:35:39 Número 11977200542 já processado anteriormente, marcando pedido RENOVABE-5014327 como enviado
2025/05/14 09:35:39 Número 11985146922 já processado anteriormente, marcando pedido RENOVABE-5020347 como enviado
2025/05/14 09:35:39 Número 11976523248 já processado anteriormente, marcando pedido RENOVABE-5020328 como enviado
2025/05/14 09:35:39 Número 11974320657 já processado anteriormente, marcando pedido RENOVABE-5020400 como enviado
2025/05/14 09:35:39 Número 14997046535 já processado anteriormente, marcando pedido RENOVABE-5011021 como enviado
2025/05/14 09:35:39 Número 11954481963 já processado anteriormente, marcando pedido RENOVABE-5011666 como enviado
2025/05/14 09:35:39 Número 11981772108 já processado anteriormente, marcando pedido RENOVABE-5011106 como enviado
2025/05/14 09:35:39 Número 11986366785 já processado anteriormente, marcando pedido RENOVABE-5009966 como enviado
2025/05/14 09:35:39 Número 11989453298 já processado anteriormente, marcando pedido RENOVABE-5013002 como enviado
2025/05/14 09:35:39 Número 11980258565 já processado anteriormente, marcando pedido RENOVABE-5011066 como enviado
2025/05/14 09:35:39 Número 11932281406 já processado anteriormente, marcando pedido RENOVABE-5011215 como enviado
2025/05/14 09:35:39 Número 11967674292 já processado anteriormente, marcando pedido RENOVABE-5016729 como enviado
2025/05/14 09:35:39 Número 17992153592 já processado anteriormente, marcando pedido RENOVABE-5017602 como enviado
2025/05/14 09:35:39 Número 16992016274 já processado anteriormente, marcando pedido RENOVABE-5011226 como enviado
2025/05/14 09:35:39 Número 18997326126 já processado anteriormente, marcando pedido RENOVABE-5011885 como enviado
2025/05/14 09:35:39 Número 11987358100 já processado anteriormente, marcando pedido RENOVABE-5017594 como enviado
2025/05/14 09:35:39 Número 11986443726 já processado anteriormente, marcando pedido RENOVABE-5010081 como enviado
2025/05/14 09:35:39 Número 13982061747 já processado anteriormente, marcando pedido RENOVABE-5013023 como enviado
2025/05/14 09:35:39 Número 14981413410 já processado anteriormente, marcando pedido RENOVABE-5012755 como enviado
2025/05/14 09:35:39 Número 15997543440 já processado anteriormente, marcando pedido RENOVABE-5012437 como enviado
2025/05/14 09:35:39 Número 11966593385 já processado anteriormente, marcando pedido RENOVABE-5010018 como enviado
2025/05/14 09:35:39 Número 13981087923 já processado anteriormente, marcando pedido RENOVABE-5011153 como enviado
2025/05/14 09:35:39 Número 19992922613 já processado anteriormente, marcando pedido RENOVABE-5012377 como enviado
2025/05/14 09:35:39 Número 11981949386 já processado anteriormente, marcando pedido RENOVABE-5011481 como enviado
2025/05/14 09:35:39 Número 55119664340 já processado anteriormente, marcando pedido RENOVABE-5016523 como enviado
2025/05/14 09:35:39 Número 11996858488 já processado anteriormente, marcando pedido RENOVABE-5018488 como enviado
2025/05/14 09:35:39 Número 11947411652 já processado anteriormente, marcando pedido RENOVABE-5019975 como enviado
2025/05/14 09:35:39 Número 11986200178 já processado anteriormente, marcando pedido RENOVABE-5020142 como enviado
2025/05/14 09:35:39 Número 11973725547 já processado anteriormente, marcando pedido RENOVABE-5018856 como enviado
2025/05/14 09:35:39 Número 13981385278 já processado anteriormente, marcando pedido RENOVABE-5014505 como enviado
2025/05/14 09:35:39 Número 11947642473 já processado anteriormente, marcando pedido RENOVABE-5016282 como enviado
2025/05/14 09:35:39 Número 12981171434 já processado anteriormente, marcando pedido RENOVABE-5016168 como enviado
2025/05/14 09:35:39 Número 11957935141 já processado anteriormente, marcando pedido RENOVABE-5017933 como enviado
2025/05/14 09:35:39 Número 11992866531 já processado anteriormente, marcando pedido RENOVABE-5015381 como enviado
2025/05/14 09:35:39 Número 17992155959 já processado anteriormente, marcando pedido RENOVABE-5014295 como enviado
2025/05/14 09:35:39 Número 11961066398 já processado anteriormente, marcando pedido RENOVABE-5013909 como enviado
2025/05/14 09:35:39 Número 12997081718 já processado anteriormente, marcando pedido RENOVABE-5017201 como enviado
2025/05/14 09:35:39 Número 11991442106 já processado anteriormente, marcando pedido RENOVABE-5013359 como enviado
2025/05/14 09:35:39 Número 11959830349 já processado anteriormente, marcando pedido RENOVABE-5011280 como enviado
2025/05/14 09:35:39 Número 11973398055 já processado anteriormente, marcando pedido RENOVABE-5011323 como enviado
2025/05/14 09:35:39 Número 12997662099 já processado anteriormente, marcando pedido RENOVABE-5012623 como enviado
2025/05/14 09:35:39 Número 11971877217 já processado anteriormente, marcando pedido RENOVABE-5014244 como enviado
2025/05/14 09:35:39 Número 11995808594 já processado anteriormente, marcando pedido RENOVABE-5014152 como enviado
2025/05/14 09:35:39 Número 17982138269 já processado anteriormente, marcando pedido RENOVABE-5019171 como enviado
2025/05/14 09:35:39 Número 11940894251 já processado anteriormente, marcando pedido RENOVABE-5019201 como enviado
2025/05/14 09:35:39 Número 11989914063 já processado anteriormente, marcando pedido RENOVABE-5014957 como enviado
2025/05/14 09:35:39 Número 11993824288 já processado anteriormente, marcando pedido RENOVABE-5013310 como enviado
2025/05/14 09:35:39 Número 12996678861 já processado anteriormente, marcando pedido RENOVABE-5014270 como enviado
2025/05/14 09:35:39 Número 12981745257 já processado anteriormente, marcando pedido RENOVABE-5013848 como enviado
2025/05/14 09:35:39 Número 11942598783 já processado anteriormente, marcando pedido RENOVABE-5014975 como enviado
2025/05/14 09:35:39 Número 11996579025 já processado anteriormente, marcando pedido RENOVABE-5016562 como enviado
2025/05/14 09:35:39 Número 11960442543 já processado anteriormente, marcando pedido RENOVABE-5014098 como enviado
2025/05/14 09:35:39 Número 11976353345 já processado anteriormente, marcando pedido RENOVABE-5018390 como enviado
2025/05/14 09:35:39 Número 16998000048 já processado anteriormente, marcando pedido VINDI-383842708 como enviado
2025/05/14 09:35:39 Número 12991365286 já processado anteriormente, marcando pedido RENOVABE-5020882 como enviado
2025/05/14 09:35:39 Número 11985974289 já processado anteriormente, marcando pedido RENOVABE-5020195 como enviado
2025/05/14 09:35:39 Número 11987920699 já processado anteriormente, marcando pedido RENOVABE-5020190 como enviado
2025/05/14 09:35:39 Número 11981975597 já processado anteriormente, marcando pedido RENOVABE-5016151 como enviado
2025/05/14 09:35:39 Número 11954571683 já processado anteriormente, marcando pedido RENOVABE-5013652 como enviado
2025/05/14 09:35:39 Número 11986703998 já processado anteriormente, marcando pedido RENOVABE-5016000 como enviado
2025/05/14 09:35:39 Número 11999871966 já processado anteriormente, marcando pedido RENOVABE-5015587 como enviado
2025/05/14 09:35:39 Número 11973472514 já processado anteriormente, marcando pedido RENOVABE-5017832 como enviado
2025/05/14 09:35:39 Número 11992983851 já processado anteriormente, marcando pedido RENOVABE-5016851 como enviado
2025/05/14 09:35:39 Número 11998620086 já processado anteriormente, marcando pedido RENOVABE-5015563 como enviado
2025/05/14 09:35:39 Número 15997316891 já processado anteriormente, marcando pedido RENOVABE-5014797 como enviado
2025/05/14 09:35:39 Número 19991310450 já processado anteriormente, marcando pedido RENOVABE-5014723 como enviado
2025/05/14 09:35:39 Número 11947362822 já processado anteriormente, marcando pedido RENOVABE-5018539 como enviado
2025/05/14 09:35:39 Número 19996632092 já processado anteriormente, marcando pedido RENOVABE-5018368 como enviado
2025/05/14 09:35:39 Número 11944173792 já processado anteriormente, marcando pedido RENOVABE-5017758 como enviado
2025/05/14 09:35:39 Número 11965771121 já processado anteriormente, marcando pedido RENOVABE-5018520 como enviado
2025/05/14 09:35:39 Número 11993083230 já processado anteriormente, marcando pedido RENOVABE-5020467 como enviado
2025/05/14 09:35:39 Número 19971646265 já processado anteriormente, marcando pedido RENOVABE-5014739 como enviado
2025/05/14 09:35:39 Número 11957933075 já processado anteriormente, marcando pedido RENOVABE-5014279 como enviado
2025/05/14 09:35:39 Número 19999278242 já processado anteriormente, marcando pedido RENOVABE-5011605 como enviado
2025/05/14 09:35:39 Número 19999120639 já processado anteriormente, marcando pedido RENOVABE-5012060 como enviado
2025/05/14 09:35:39 Número 11977419116 já processado anteriormente, marcando pedido RENOVABE-5016047 como enviado
2025/05/14 09:35:39 Número 11963997782 já processado anteriormente, marcando pedido RENOVABE-5015574 como enviado
2025/05/14 09:35:39 Número 11998477000 já processado anteriormente, marcando pedido RENOVABE-5013985 como enviado
2025/05/14 09:35:39 Número 14997522595 já processado anteriormente, marcando pedido RENOVABE-5019264 como enviado
2025/05/14 09:35:39 Número 19997498857 já processado anteriormente, marcando pedido RENOVABE-5019303 como enviado
2025/05/14 09:35:39 Número 19991897131 já processado anteriormente, marcando pedido RENOVABE-5019314 como enviado
2025/05/14 09:35:39 Número 11987918641 já processado anteriormente, marcando pedido RENOVABE-5019336 como enviado
2025/05/14 09:35:39 Número 19992626026 já processado anteriormente, marcando pedido RENOVABE-5019342 como enviado
2025/05/14 09:35:39 Número 11987018418 já processado anteriormente, marcando pedido RENOVABE-5019345 como enviado
2025/05/14 09:35:39 Número 13991658897 já processado anteriormente, marcando pedido RENOVABE-5017554 como enviado
2025/05/14 09:35:39 Número 18997326126 já processado anteriormente, marcando pedido RENOVABE-5015680 como enviado
2025/05/14 09:35:39 Número 12988731194 já processado anteriormente, marcando pedido RENOVABE-5016194 como enviado
2025/05/14 09:35:39 Número 19995391866 já processado anteriormente, marcando pedido RENOVABE-5015683 como enviado
2025/05/14 09:35:39 Número 11966161174 já processado anteriormente, marcando pedido RENOVABE-5014951 como enviado
2025/05/14 09:35:39 Número 11933930004 já processado anteriormente, marcando pedido RENOVABE-5015627 como enviado
2025/05/14 09:35:39 Número 16998515116 já processado anteriormente, marcando pedido VINDI-381090933 como enviado
2025/05/14 09:35:39 Número 16996542135 já processado anteriormente, marcando pedido VINDI-381091039 como enviado
2025/05/14 09:35:39 Número 19981526975 já processado anteriormente, marcando pedido RENOVABE-5014759 como enviado
2025/05/14 09:35:39 Número 11996314333 já processado anteriormente, marcando pedido RENOVABE-5018450 como enviado
2025/05/14 09:35:39 Número 11988492161 já processado anteriormente, marcando pedido RENOVABE-5017391 como enviado
2025/05/14 09:35:39 Número 16992142542 já processado anteriormente, marcando pedido RENOVABE-5015358 como enviado
2025/05/14 09:35:39 Número 19992589899 já processado anteriormente, marcando pedido RENOVABE-5011944 como enviado
2025/05/14 09:35:39 Número 16997509286 já processado anteriormente, marcando pedido RENOVABE-5010375 como enviado
2025/05/14 09:35:39 Número 11972230844 já processado anteriormente, marcando pedido RENOVABE-5015776 como enviado
2025/05/14 09:35:39 Número 11941841768 já processado anteriormente, marcando pedido RENOVABE-5014394 como enviado
2025/05/14 09:35:39 Número 92992874026 já processado anteriormente, marcando pedido RENOVABE-5012010 como enviado
2025/05/14 09:35:39 Número 11946907087 já processado anteriormente, marcando pedido RENOVABE-5010969 como enviado
2025/05/14 09:35:39 Número 17997675666 já processado anteriormente, marcando pedido RENOVABE-5014656 como enviado
2025/05/14 09:35:39 Número 99981441198 já processado anteriormente, marcando pedido RENOVABE-5015548 como enviado
2025/05/14 09:35:39 Número 17992847347 já processado anteriormente, marcando pedido RENOVABE-5014004 como enviado
2025/05/14 09:35:39 Número 18991360167 já processado anteriormente, marcando pedido RENOVABE-5017937 como enviado
2025/05/14 09:35:39 Número 11940126270 já processado anteriormente, marcando pedido RENOVABE-5015791 como enviado
2025/05/14 09:35:39 Número 19974169559 já processado anteriormente, marcando pedido RENOVABE-5015062 como enviado
2025/05/14 09:35:39 Número 11951583078 já processado anteriormente, marcando pedido RENOVABE-5015783 como enviado
2025/05/14 09:35:39 Número 11953756030 já processado anteriormente, marcando pedido RENOVABE-5011421 como enviado
2025/05/14 09:35:39 Número 11950528481 já processado anteriormente, marcando pedido RENOVABE-5014515 como enviado
2025/05/14 09:35:39 Número 11983073389 já processado anteriormente, marcando pedido RENOVABE-5017869 como enviado
2025/05/14 09:35:39 Número 11981252669 já processado anteriormente, marcando pedido RENOVABE-5017519 como enviado
2025/05/14 09:35:39 Número 16988400022 já processado anteriormente, marcando pedido RENOVABE-5017125 como enviado
2025/05/14 09:35:39 Número 11947285276 já processado anteriormente, marcando pedido RENOVABE-5017706 como enviado
2025/05/14 09:35:39 Número 11992226888 já processado anteriormente, marcando pedido RENOVABE-5014354 como enviado
2025/05/14 09:35:39 Número 15996698917 já processado anteriormente, marcando pedido RENOVABE-5014612 como enviado
2025/05/14 09:35:39 Número 11913505678 já processado anteriormente, marcando pedido RENOVABE-5014166 como enviado
2025/05/14 09:35:39 Número 14998381802 já processado anteriormente, marcando pedido RENOVABE-5014804 como enviado
2025/05/14 09:35:39 Número 11965854000 já processado anteriormente, marcando pedido RENOVABE-5014518 como enviado
2025/05/14 09:35:39 Número 11964485841 já processado anteriormente, marcando pedido RENOVABE-5013739 como enviado
2025/05/14 09:35:39 Número 19988471013 já processado anteriormente, marcando pedido RENOVABE-5019951 como enviado
2025/05/14 09:35:39 Número 19997811304 já processado anteriormente, marcando pedido RENOVABE-5019293 como enviado
2025/05/14 09:35:39 Número 18996658700 já processado anteriormente, marcando pedido RENOVABE-5020093 como enviado
2025/05/14 09:35:39 Número 16992999538 já processado anteriormente, marcando pedido VINDI-380915556 como enviado
2025/05/14 09:35:39 Número 11981331148 já processado anteriormente, marcando pedido VINDI-382123793 como enviado
2025/05/14 09:35:39 Número 19997730537 já processado anteriormente, marcando pedido VINDI-383750013 como enviado
2025/05/14 09:35:39 Número 11987942774 já processado anteriormente, marcando pedido VINDI-383763395 como enviado
2025/05/14 09:35:39 Número 11998992045 já processado anteriormente, marcando pedido RENOVABE-5016191 como enviado
2025/05/14 09:35:39 Número 19981054758 já processado anteriormente, marcando pedido RENOVABE-5014610 como enviado
2025/05/14 09:35:39 Número 19982437276 já processado anteriormente, marcando pedido RENOVABE-5014117 como enviado
2025/05/14 09:35:39 Número 18991570270 já processado anteriormente, marcando pedido RENOVABE-5015466 como enviado
2025/05/14 09:35:39 Número 19998380865 já processado anteriormente, marcando pedido RENOVABE-5014540 como enviado
2025/05/14 09:35:39 Número 17982316617 já processado anteriormente, marcando pedido RENOVABE-5013793 como enviado
2025/05/14 09:35:39 Número 11930511126 já processado anteriormente, marcando pedido RENOVABE-5015494 como enviado
2025/05/14 09:35:39 Número 11952227281 já processado anteriormente, marcando pedido RENOVABE-5014387 como enviado
2025/05/14 09:35:39 Número 19993280918 já processado anteriormente, marcando pedido RENOVABE-5013653 como enviado
2025/05/14 09:35:39 Número 11951019482 já processado anteriormente, marcando pedido RENOVABE-5013961 como enviado
2025/05/14 09:35:39 Número 19974038232 já processado anteriormente, marcando pedido RENOVABE-5014012 como enviado
2025/05/14 09:35:39 Número 19987815219 já processado anteriormente, marcando pedido RENOVABE-5018419 como enviado
2025/05/14 09:35:39 Número 11930232079 já processado anteriormente, marcando pedido RENOVABE-5017917 como enviado
2025/05/14 09:35:39 Número 17996607999 já processado anteriormente, marcando pedido RENOVABE-5014978 como enviado
2025/05/14 09:35:39 Número 15996104208 já processado anteriormente, marcando pedido RENOVABE-5014925 como enviado
2025/05/14 09:35:39 Número 19989641006 já processado anteriormente, marcando pedido RENOVABE-5014133 como enviado
2025/05/14 09:35:39 Número 13988037462 já processado anteriormente, marcando pedido RENOVABE-5013642 como enviado
2025/05/14 09:35:39 Número 17988122735 já processado anteriormente, marcando pedido RENOVABE-5014547 como enviado
2025/05/14 09:35:39 Número 14996054303 já processado anteriormente, marcando pedido RENOVABE-5014816 como enviado
2025/05/14 09:35:39 Número 11940031013 já processado anteriormente, marcando pedido RENOVABE-5015594 como enviado
2025/05/14 09:35:39 Número 16997562656 já processado anteriormente, marcando pedido VINDI-383540638 como enviado
2025/05/14 09:35:39 Número 11983558439 já processado anteriormente, marcando pedido RENOVABE-5018338 como enviado
2025/05/14 09:35:39 Número 11962354537 já processado anteriormente, marcando pedido RENOVABE-5013856 como enviado
2025/05/14 09:35:39 Número 11970647244 já processado anteriormente, marcando pedido RENOVABE-5015091 como enviado
2025/05/14 09:35:39 Número 11939347094 já processado anteriormente, marcando pedido RENOVABE-5013718 como enviado
2025/05/14 09:35:39 Número 15998539808 já processado anteriormente, marcando pedido RENOVABE-5013910 como enviado
2025/05/14 09:35:39 Número 11983961266 já processado anteriormente, marcando pedido RENOVABE-5010331 como enviado
2025/05/14 09:35:39 Número 19996861498 já processado anteriormente, marcando pedido RENOVABE-5012381 como enviado
2025/05/14 09:35:39 Número 11955595598 já processado anteriormente, marcando pedido RENOVABE-5010689 como enviado
2025/05/14 09:35:39 Número 11973599148 já processado anteriormente, marcando pedido VINDI-382809244 como enviado
2025/05/14 09:35:39 Número 16988196257 já processado anteriormente, marcando pedido VINDI-383693421 como enviado
2025/05/14 09:35:39 Número 19983547979 já processado anteriormente, marcando pedido RENOVABE-5011569 como enviado
2025/05/14 09:35:39 Número 11986284908 já processado anteriormente, marcando pedido RENOVABE-5012639 como enviado
2025/05/14 09:35:39 Número 14996078239 já processado anteriormente, marcando pedido VINDI-382928550 como enviado
2025/05/14 09:35:39 Número 11964673504 já processado anteriormente, marcando pedido RENOVABE-5014027 como enviado
2025/05/14 09:35:39 Número 11992403766 já processado anteriormente, marcando pedido RENOVABE-5013271 como enviado
2025/05/14 09:35:39 Número 11964574231 já processado anteriormente, marcando pedido RENOVABE-5014966 como enviado
2025/05/14 09:35:39 Número 14998323188 já processado anteriormente, marcando pedido RENOVABE-5014733 como enviado
2025/05/14 09:35:39 Número 17991043936 já processado anteriormente, marcando pedido RENOVABE-5018312 como enviado
2025/05/14 09:35:39 Número 16996003250 já processado anteriormente, marcando pedido VINDI-383550091 como enviado
2025/05/14 09:35:39 Número 11994569762 já processado anteriormente, marcando pedido RENOVABE-5018935 como enviado
2025/05/14 09:35:39 Número 11996426211 já processado anteriormente, marcando pedido RENOVABE-5017169 como enviado
2025/05/14 09:35:39 Número 11963846487 já processado anteriormente, marcando pedido RENOVABE-5016858 como enviado
2025/05/14 09:35:39 Número 11979771448 já processado anteriormente, marcando pedido RENOVABE-5016852 como enviado
2025/05/14 09:35:39 Número 11954416063 já processado anteriormente, marcando pedido RENOVABE-5013926 como enviado
2025/05/14 09:35:39 Número 11970392844 já processado anteriormente, marcando pedido RENOVABE-5015016 como enviado
2025/05/14 09:35:39 Número 11962963534 já processado anteriormente, marcando pedido RENOVABE-5013860 como enviado
2025/05/14 09:35:39 Número 11964245274 já processado anteriormente, marcando pedido RENOVABE-5014857 como enviado
2025/05/14 09:35:39 Número 11981631243 já processado anteriormente, marcando pedido RENOVABE-5016345 como enviado
2025/05/14 09:35:39 Número 14996248248 já processado anteriormente, marcando pedido RENOVABE-5016021 como enviado
2025/05/14 09:35:39 Número 16994155821 já processado anteriormente, marcando pedido RENOVABE-5015556 como enviado
2025/05/14 09:35:39 Número 11947784831 já processado anteriormente, marcando pedido RENOVABE-5011621 como enviado
2025/05/14 09:35:39 Número 19996623103 já processado anteriormente, marcando pedido RENOVABE-5012218 como enviado
2025/05/14 09:35:39 Número 11940172665 já processado anteriormente, marcando pedido RENOVABE-5012487 como enviado
2025/05/14 09:35:39 Número 16999649551 já processado anteriormente, marcando pedido RENOVABE-5020888 como enviado
2025/05/14 09:35:39 📊 Não há mais mensagens para processar
2025/05/14 09:35:40 📊 Total de envios bem-sucedidos registrados no log: 1448
2025/05/14 09:35:40 📋 Log detalhado disponível em: logs/sucessos/sucessos_2025-05-14.log
2025/05/14 09:35:40 
📊 RESULTADOS:
2025/05/14 09:35:40 • Processado: 464
2025/05/14 09:35:40 • Sucesso: 464
2025/05/14 09:35:40 • Falhas: 0
2025/05/14 09:35:40 • Rate Limits: 0
2025/05/14 09:35:40 • Taxa final: 20 msgs/seg
2025/05/14 09:35:40 • Taxa de sucesso: 100.00%
2025/05/14 09:35:40 
✅ Concluído! Detalhes em stats/estatisticas_controlado.txt
