2025/05/10 10:33:43 🚀 Iniciando processo de envio controlado
2025/05/10 10:33:50 🚀 Iniciando com taxa de 50 mensagens por segundo
2025/05/10 10:33:50 ⏱️ Processando lotes de 1000 mensagens a cada 5m0s
2025/05/10 10:33:50 🔍 Verificando template: transacional_mes_mae
2025/05/10 10:33:51 ✅ Template transacional_mes_mae confirmado como UTILITY e ativo. Iniciando envio...
2025/05/10 10:33:51 Número 94991841958 já processado anteriormente, marcando pedido RENOVABE-2724223 como enviado
2025/05/10 10:33:51 📤 Processando lote #1: 999 mensagens
2025/05/10 10:34:21 ✅ Lote #1: 999/100000 mensagens enviadas
2025/05/10 10:34:21 ⏳ Aguardando 4m32s para o próximo lote...
2025/05/10 10:34:26 Erro 400: {"error":{"message":"(#100) Invalid parameter","type":"OAuthException","code":100,"error_data":{"messaging_product":"whatsapp","details":"Parameter Invalid"},"fbtrace_id":"AfPBGMCYaybEOeZlsXpTnI3"}}
2025/05/10 10:37:34 🔍 Verificando template: transacional_mes_mae
2025/05/10 10:37:34 ✅ Template transacional_mes_mae confirmado como UTILITY e ativo. Iniciando envio...
2025/05/10 10:37:34 📤 Processando lote #2: 1000 mensagens
2025/05/10 10:37:45 Erro 400: {"error":{"message":"(#100) Invalid parameter","type":"OAuthException","code":100,"error_data":{"messaging_product":"whatsapp","details":"Parameter Invalid"},"fbtrace_id":"ApiqUEUE7WPXylvof1cAxHz"}}
2025/05/10 10:37:46 Erro 400: {"error":{"message":"(#100) Invalid parameter","type":"OAuthException","code":100,"error_data":{"messaging_product":"whatsapp","details":"Parameter Invalid"},"fbtrace_id":"A-GExNR-EC8zP5H_o57dQ_C"}}
2025/05/10 10:37:48 ✅ Lote #2: 1999/100000 mensagens enviadas
2025/05/10 10:37:48 ⏳ Aguardando 4m46s para o próximo lote...
2025/05/10 10:41:00 🔍 Verificando template: transacional_mes_mae
2025/05/10 10:41:00 ✅ Template transacional_mes_mae confirmado como UTILITY e ativo. Iniciando envio...
2025/05/10 10:41:00 Número 69999784174 já processado anteriormente, marcando pedido RENOVABE-2729642 como enviado
2025/05/10 10:41:00 📤 Processando lote #3: 999 mensagens
2025/05/10 10:41:00 Erro 400: {"error":{"message":"(#132015) Template is temporarily unavailable to use because it was paused due to low quality.","type":"OAuthException","code":132015,"error_data":{"messaging_product":"whatsapp","details":"template name (transacional_mes_mae) is paused"},"fbtrace_id":"A_hpRm-WKr-YOcYW143ijEQ"}}
2025/05/10 10:41:00 Erro 400: {"error":{"message":"(#132015) Template is temporarily unavailable to use because it was paused due to low quality.","type":"OAuthException","code":132015,"error_data":{"messaging_product":"whatsapp","details":"template name (transacional_mes_mae) is paused"},"fbtrace_id":"ARck6o_3JsdFmg2aSnpstc3"}}
2025/05/10 10:41:00 Erro 400: {"error":{"message":"(#132015) Template is temporarily unavailable to use because it was paused due to low quality.","type":"OAuthException","code":132015,"error_data":{"messaging_product":"whatsapp","details":"template name (transacional_mes_mae) is paused"},"fbtrace_id":"A2WUXydHGxCktwlspjid5zH"}}
2025/05/10 10:41:00 Erro 400: {"error":{"message":"(#132015) Template is temporarily unavailable to use because it was paused due to low quality.","type":"OAuthException","code":132015,"error_data":{"messaging_product":"whatsapp","details":"template name (transacional_mes_mae) is paused"},"fbtrace_id":"AilM6ItrhVvWJ3i0DIIEt1D"}}
2025/05/10 10:41:00 Erro 400: {"error":{"message":"(#132015) Template is temporarily unavailable to use because it was paused due to low quality.","type":"OAuthException","code":132015,"error_data":{"messaging_product":"whatsapp","details":"template name (transacional_mes_mae) is paused"},"fbtrace_id":"A30TKhGfOiZ1HEc6vQDijp6"}}
2025/05/10 10:41:00 Erro 400: {"error":{"message":"(#132015) Template is temporarily unavailable to use because it was paused due to low quality.","type":"OAuthException","code":132015,"error_data":{"messaging_product":"whatsapp","details":"template name (transacional_mes_mae) is paused"},"fbtrace_id":"A3HT9nCyv73sMAj6La1uluc"}}
2025/05/10 10:41:00 Erro 400: {"error":{"message":"(#132015) Template is temporarily unavailable to use because it was paused due to low quality.","type":"OAuthException","code":132015,"error_data":{"messaging_product":"whatsapp","details":"template name (transacional_mes_mae) is paused"},"fbtrace_id":"Akhbv6ALpOvBW_yOXsV0Kjr"}}
2025/05/10 10:41:00 Erro 400: {"error":{"message":"(#132015) Template is temporarily unavailable to use because it was paused due to low quality.","type":"OAuthException","code":132015,"error_data":{"messaging_product":"whatsapp","details":"template name (transacional_mes_mae) is paused"},"fbtrace_id":"AYqgm7MnTta5QH2DqaFkQGd"}}
2025/05/10 10:41:01 Erro 400: {"error":{"message":"(#132015) Template is temporarily unavailable to use because it was paused due to low quality.","type":"OAuthException","code":132015,"error_data":{"messaging_product":"whatsapp","details":"template name (transacional_mes_mae) is paused"},"fbtrace_id":"A6jSJLCasp1m74XSXrEncom"}}
2025/05/10 10:41:01 Erro 400: {"error":{"message":"(#132015) Template is temporarily unavailable to use because it was paused due to low quality.","type":"OAuthException","code":132015,"error_data":{"messaging_product":"whatsapp","details":"template name (transacional_mes_mae) is paused"},"fbtrace_id":"AkZmaNAT9DHUkHE16YRR9UD"}}
2025/05/10 10:41:01 Erro 400: {"error":{"message":"(#132015) Template is temporarily unavailable to use because it was paused due to low quality.","type":"OAuthException","code":132015,"error_data":{"messaging_product":"whatsapp","details":"template name (transacional_mes_mae) is paused"},"fbtrace_id":"ACqi_8-iOqSgC4qMnOQ2MkK"}}
2025/05/10 10:41:01 Erro 400: {"error":{"message":"(#132015) Template is temporarily unavailable to use because it was paused due to low quality.","type":"OAuthException","code":132015,"error_data":{"messaging_product":"whatsapp","details":"template name (transacional_mes_mae) is paused"},"fbtrace_id":"A3dEv8hYfrKqVGKp2mXw_A8"}}
2025/05/10 10:41:01 Erro 400: {"error":{"message":"(#132015) Template is temporarily unavailable to use because it was paused due to low quality.","type":"OAuthException","code":132015,"error_data":{"messaging_product":"whatsapp","details":"template name (transacional_mes_mae) is paused"},"fbtrace_id":"AcgisNhMMr9jA2o1pOHcIEk"}}
2025/05/10 10:41:01 Erro 400: {"error":{"message":"(#132015) Template is temporarily unavailable to use because it was paused due to low quality.","type":"OAuthException","code":132015,"error_data":{"messaging_product":"whatsapp","details":"template name (transacional_mes_mae) is paused"},"fbtrace_id":"AMxNGbXTV5wrnj2UHtuJFmp"}}
2025/05/10 10:41:01 Erro 400: {"error":{"message":"(#132015) Template is temporarily unavailable to use because it was paused due to low quality.","type":"OAuthException","code":132015,"error_data":{"messaging_product":"whatsapp","details":"template name (transacional_mes_mae) is paused"},"fbtrace_id":"AEMxM5gPvRKBUr5FkJiSqSc"}}
2025/05/10 10:41:01 Erro 400: {"error":{"message":"(#132015) Template is temporarily unavailable to use because it was paused due to low quality.","type":"OAuthException","code":132015,"error_data":{"messaging_product":"whatsapp","details":"template name (transacional_mes_mae) is paused"},"fbtrace_id":"AlalkfMWS6Xc_JBHNjCWpcc"}}
2025/05/10 10:41:01 Erro 400: {"error":{"message":"(#132015) Template is temporarily unavailable to use because it was paused due to low quality.","type":"OAuthException","code":132015,"error_data":{"messaging_product":"whatsapp","details":"template name (transacional_mes_mae) is paused"},"fbtrace_id":"AV3kLLqNuka-xKc_C8E0li1"}}
2025/05/10 10:41:01 Erro 400: {"error":{"message":"(#132015) Template is temporarily unavailable to use because it was paused due to low quality.","type":"OAuthException","code":132015,"error_data":{"messaging_product":"whatsapp","details":"template name (transacional_mes_mae) is paused"},"fbtrace_id":"AmWReZOl8Em7-35FG36wm-i"}}
2025/05/10 10:41:01 Erro 400: {"error":{"message":"(#132015) Template is temporarily unavailable to use because it was paused due to low quality.","type":"OAuthException","code":132015,"error_data":{"messaging_product":"whatsapp","details":"template name (transacional_mes_mae) is paused"},"fbtrace_id":"A4VN5zHrkkbgKeqx412TehO"}}
2025/05/10 10:41:01 Erro 400: {"error":{"message":"(#132015) Template is temporarily unavailable to use because it was paused due to low quality.","type":"OAuthException","code":132015,"error_data":{"messaging_product":"whatsapp","details":"template name (transacional_mes_mae) is paused"},"fbtrace_id":"AWi6NZHpoab-V6irW0hcMec"}}
2025/05/10 10:41:01 Erro 400: {"error":{"message":"(#132015) Template is temporarily unavailable to use because it was paused due to low quality.","type":"OAuthException","code":132015,"error_data":{"messaging_product":"whatsapp","details":"template name (transacional_mes_mae) is paused"},"fbtrace_id":"ADFDCGigZh2Xt5UiElIYnKY"}}
2025/05/10 10:41:01 Erro 400: {"error":{"message":"(#132015) Template is temporarily unavailable to use because it was paused due to low quality.","type":"OAuthException","code":132015,"error_data":{"messaging_product":"whatsapp","details":"template name (transacional_mes_mae) is paused"},"fbtrace_id":"ArDVucqWkJKToXH1EcqW8rM"}}
2025/05/10 10:41:01 Erro 400: {"error":{"message":"(#132015) Template is temporarily unavailable to use because it was paused due to low quality.","type":"OAuthException","code":132015,"error_data":{"messaging_product":"whatsapp","details":"template name (transacional_mes_mae) is paused"},"fbtrace_id":"A_U0mZExQtgFuniEdGuKeNE"}}
2025/05/10 10:41:01 Erro 400: {"error":{"message":"(#132015) Template is temporarily unavailable to use because it was paused due to low quality.","type":"OAuthException","code":132015,"error_data":{"messaging_product":"whatsapp","details":"template name (transacional_mes_mae) is paused"},"fbtrace_id":"Ak5dhDqTTTq3rU7ZaZSMpaz"}}
2025/05/10 10:41:01 Erro 400: {"error":{"message":"(#132015) Template is temporarily unavailable to use because it was paused due to low quality.","type":"OAuthException","code":132015,"error_data":{"messaging_product":"whatsapp","details":"template name (transacional_mes_mae) is paused"},"fbtrace_id":"ABr12wnSXQYys3xlcUS74X9"}}
2025/05/10 10:41:02 Erro 400: {"error":{"message":"(#132015) Template is temporarily unavailable to use because it was paused due to low quality.","type":"OAuthException","code":132015,"error_data":{"messaging_product":"whatsapp","details":"template name (transacional_mes_mae) is paused"},"fbtrace_id":"AbletcQJf8bRDCUL-2HwAns"}}
2025/05/10 10:41:02 Erro 400: {"error":{"message":"(#132015) Template is temporarily unavailable to use because it was paused due to low quality.","type":"OAuthException","code":132015,"error_data":{"messaging_product":"whatsapp","details":"template name (transacional_mes_mae) is paused"},"fbtrace_id":"AMU-Mlp-7fJqAh-d5c8yt_y"}}
2025/05/10 10:41:02 Erro 400: {"error":{"message":"(#132015) Template is temporarily unavailable to use because it was paused due to low quality.","type":"OAuthException","code":132015,"error_data":{"messaging_product":"whatsapp","details":"template name (transacional_mes_mae) is paused"},"fbtrace_id":"AShOtRJbK9oK55n5Iag2xY-"}}
2025/05/10 10:41:02 Erro 400: {"error":{"message":"(#132015) Template is temporarily unavailable to use because it was paused due to low quality.","type":"OAuthException","code":132015,"error_data":{"messaging_product":"whatsapp","details":"template name (transacional_mes_mae) is paused"},"fbtrace_id":"A3HGr5Mm_UgcljLIIN7XaQ_"}}
2025/05/10 10:41:02 Erro 400: {"error":{"message":"(#132015) Template is temporarily unavailable to use because it was paused due to low quality.","type":"OAuthException","code":132015,"error_data":{"messaging_product":"whatsapp","details":"template name (transacional_mes_mae) is paused"},"fbtrace_id":"AIwPwlPyK-n4Ge6lh0UeaZe"}}
2025/05/10 10:41:02 Erro 400: {"error":{"message":"(#132015) Template is temporarily unavailable to use because it was paused due to low quality.","type":"OAuthException","code":132015,"error_data":{"messaging_product":"whatsapp","details":"template name (transacional_mes_mae) is paused"},"fbtrace_id":"AXNE7RgOY5aeXv68jbWI-2b"}}
2025/05/10 10:41:02 Erro 400: {"error":{"message":"(#132015) Template is temporarily unavailable to use because it was paused due to low quality.","type":"OAuthException","code":132015,"error_data":{"messaging_product":"whatsapp","details":"template name (transacional_mes_mae) is paused"},"fbtrace_id":"AxzX1imzd1pUUHC0_Bz0P9u"}}
2025/05/10 10:41:02 Erro 400: {"error":{"message":"(#132015) Template is temporarily unavailable to use because it was paused due to low quality.","type":"OAuthException","code":132015,"error_data":{"messaging_product":"whatsapp","details":"template name (transacional_mes_mae) is paused"},"fbtrace_id":"AhJwfGqt1kolDZyEvK4o70L"}}
2025/05/10 10:41:02 Erro 400: {"error":{"message":"(#132015) Template is temporarily unavailable to use because it was paused due to low quality.","type":"OAuthException","code":132015,"error_data":{"messaging_product":"whatsapp","details":"template name (transacional_mes_mae) is paused"},"fbtrace_id":"AaAkhG9_UGRWoMIA3qIvG_y"}}
2025/05/10 10:41:02 Erro 400: {"error":{"message":"(#132015) Template is temporarily unavailable to use because it was paused due to low quality.","type":"OAuthException","code":132015,"error_data":{"messaging_product":"whatsapp","details":"template name (transacional_mes_mae) is paused"},"fbtrace_id":"AfAFEjjeWl0hM4qG2ShH2vM"}}
2025/05/10 10:41:07 Erro 400: {"error":{"message":"(#132015) Template is temporarily unavailable to use because it was paused due to low quality.","type":"OAuthException","code":132015,"error_data":{"messaging_product":"whatsapp","details":"template name (transacional_mes_mae) is paused"},"fbtrace_id":"Af-gW5cCiQsybsBKkiC9kr9"}}
2025/05/10 10:41:07 Erro 400: {"error":{"message":"(#132015) Template is temporarily unavailable to use because it was paused due to low quality.","type":"OAuthException","code":132015,"error_data":{"messaging_product":"whatsapp","details":"template name (transacional_mes_mae) is paused"},"fbtrace_id":"Aar29LojhsSufHJ6tRN5pPn"}}
2025/05/10 10:41:07 Erro 400: {"error":{"message":"(#132015) Template is temporarily unavailable to use because it was paused due to low quality.","type":"OAuthException","code":132015,"error_data":{"messaging_product":"whatsapp","details":"template name (transacional_mes_mae) is paused"},"fbtrace_id":"AD6M1Rm7CCpbKJc8tVemyPP"}}
2025/05/10 10:41:07 Erro 400: {"error":{"message":"(#132015) Template is temporarily unavailable to use because it was paused due to low quality.","type":"OAuthException","code":132015,"error_data":{"messaging_product":"whatsapp","details":"template name (transacional_mes_mae) is paused"},"fbtrace_id":"A986ObAYXmhqaBiPyZy6ah6"}}
2025/05/10 10:41:07 Erro 400: {"error":{"message":"(#132015) Template is temporarily unavailable to use because it was paused due to low quality.","type":"OAuthException","code":132015,"error_data":{"messaging_product":"whatsapp","details":"template name (transacional_mes_mae) is paused"},"fbtrace_id":"A9-8Z8rF2hQOTTh49YszKzG"}}
2025/05/10 10:41:07 Erro 400: {"error":{"message":"(#132015) Template is temporarily unavailable to use because it was paused due to low quality.","type":"OAuthException","code":132015,"error_data":{"messaging_product":"whatsapp","details":"template name (transacional_mes_mae) is paused"},"fbtrace_id":"AspWScLHfzWPG-tI9BKik9h"}}
2025/05/10 10:41:07 Erro 400: {"error":{"message":"(#132015) Template is temporarily unavailable to use because it was paused due to low quality.","type":"OAuthException","code":132015,"error_data":{"messaging_product":"whatsapp","details":"template name (transacional_mes_mae) is paused"},"fbtrace_id":"AMGnSvD4nFek3qulf34bujI"}}
2025/05/10 10:41:07 Erro 400: {"error":{"message":"(#132015) Template is temporarily unavailable to use because it was paused due to low quality.","type":"OAuthException","code":132015,"error_data":{"messaging_product":"whatsapp","details":"template name (transacional_mes_mae) is paused"},"fbtrace_id":"Aby2rDb0AzraiAmvxoYF3-B"}}
2025/05/10 10:41:07 Erro 400: {"error":{"message":"(#132015) Template is temporarily unavailable to use because it was paused due to low quality.","type":"OAuthException","code":132015,"error_data":{"messaging_product":"whatsapp","details":"template name (transacional_mes_mae) is paused"},"fbtrace_id":"A86AOoPzT6iyfylI7UZ5rg2"}}
2025/05/10 10:41:07 Erro 400: {"error":{"message":"(#132015) Template is temporarily unavailable to use because it was paused due to low quality.","type":"OAuthException","code":132015,"error_data":{"messaging_product":"whatsapp","details":"template name (transacional_mes_mae) is paused"},"fbtrace_id":"AKOMwzHTtrjHghMcTRquE0d"}}
2025/05/10 10:41:07 Erro 400: {"error":{"message":"(#132015) Template is temporarily unavailable to use because it was paused due to low quality.","type":"OAuthException","code":132015,"error_data":{"messaging_product":"whatsapp","details":"template name (transacional_mes_mae) is paused"},"fbtrace_id":"Agx6Dc3cs8hCEduRWKwaZ6T"}}
2025/05/10 10:41:07 Erro 400: {"error":{"message":"(#132015) Template is temporarily unavailable to use because it was paused due to low quality.","type":"OAuthException","code":132015,"error_data":{"messaging_product":"whatsapp","details":"template name (transacional_mes_mae) is paused"},"fbtrace_id":"Araly3N_RX6zTu9fgFTTV9B"}}
2025/05/10 10:41:07 Erro 400: {"error":{"message":"(#132015) Template is temporarily unavailable to use because it was paused due to low quality.","type":"OAuthException","code":132015,"error_data":{"messaging_product":"whatsapp","details":"template name (transacional_mes_mae) is paused"},"fbtrace_id":"ARyxh6hkleK5rUkvRDQYqgB"}}
2025/05/10 10:41:07 Erro 400: {"error":{"message":"(#132015) Template is temporarily unavailable to use because it was paused due to low quality.","type":"OAuthException","code":132015,"error_data":{"messaging_product":"whatsapp","details":"template name (transacional_mes_mae) is paused"},"fbtrace_id":"A78G61NwEZxULUtohHW7S2b"}}
2025/05/10 10:41:07 Erro 400: {"error":{"message":"(#132015) Template is temporarily unavailable to use because it was paused due to low quality.","type":"OAuthException","code":132015,"error_data":{"messaging_product":"whatsapp","details":"template name (transacional_mes_mae) is paused"},"fbtrace_id":"A1Kgc6ICAkOMYRzEHL4Aa2a"}}
2025/05/10 10:41:07 Erro 400: {"error":{"message":"(#132015) Template is temporarily unavailable to use because it was paused due to low quality.","type":"OAuthException","code":132015,"error_data":{"messaging_product":"whatsapp","details":"template name (transacional_mes_mae) is paused"},"fbtrace_id":"ALe6mwhw9-rTbU7IpFHSkhv"}}
2025/05/10 10:41:07 Erro 400: {"error":{"message":"(#132015) Template is temporarily unavailable to use because it was paused due to low quality.","type":"OAuthException","code":132015,"error_data":{"messaging_product":"whatsapp","details":"template name (transacional_mes_mae) is paused"},"fbtrace_id":"AHNuKcpBUJCJw33Kx2SvYqH"}}
2025/05/10 10:41:07 Erro 400: {"error":{"message":"(#132015) Template is temporarily unavailable to use because it was paused due to low quality.","type":"OAuthException","code":132015,"error_data":{"messaging_product":"whatsapp","details":"template name (transacional_mes_mae) is paused"},"fbtrace_id":"AEvtjP_R7Up5oSy1793jj97"}}
2025/05/10 10:41:07 Erro 400: {"error":{"message":"(#132015) Template is temporarily unavailable to use because it was paused due to low quality.","type":"OAuthException","code":132015,"error_data":{"messaging_product":"whatsapp","details":"template name (transacional_mes_mae) is paused"},"fbtrace_id":"AHL1NjdNMd19FrKLBCDW-IR"}}
2025/05/10 10:41:07 Erro 400: {"error":{"message":"(#132015) Template is temporarily unavailable to use because it was paused due to low quality.","type":"OAuthException","code":132015,"error_data":{"messaging_product":"whatsapp","details":"template name (transacional_mes_mae) is paused"},"fbtrace_id":"ADA_Z0hGqu0OQd6-OW14nia"}}
2025/05/10 10:41:07 Erro 400: {"error":{"message":"(#132015) Template is temporarily unavailable to use because it was paused due to low quality.","type":"OAuthException","code":132015,"error_data":{"messaging_product":"whatsapp","details":"template name (transacional_mes_mae) is paused"},"fbtrace_id":"A_21VXtu0k29_uXAUezmISN"}}
2025/05/10 10:41:07 Erro 400: {"error":{"message":"(#132015) Template is temporarily unavailable to use because it was paused due to low quality.","type":"OAuthException","code":132015,"error_data":{"messaging_product":"whatsapp","details":"template name (transacional_mes_mae) is paused"},"fbtrace_id":"A1Rh4EwBzQimizt_6HJp63O"}}
2025/05/10 10:41:07 Erro 400: {"error":{"message":"(#132015) Template is temporarily unavailable to use because it was paused due to low quality.","type":"OAuthException","code":132015,"error_data":{"messaging_product":"whatsapp","details":"template name (transacional_mes_mae) is paused"},"fbtrace_id":"ApTG-AoJrFaapDDDbIgxqe5"}}
2025/05/10 10:41:07 Erro 400: {"error":{"message":"(#132015) Template is temporarily unavailable to use because it was paused due to low quality.","type":"OAuthException","code":132015,"error_data":{"messaging_product":"whatsapp","details":"template name (transacional_mes_mae) is paused"},"fbtrace_id":"Ae44HNasdsTWHmq3sIRg14j"}}
2025/05/10 10:41:07 Erro 400: {"error":{"message":"(#132015) Template is temporarily unavailable to use because it was paused due to low quality.","type":"OAuthException","code":132015,"error_data":{"messaging_product":"whatsapp","details":"template name (transacional_mes_mae) is paused"},"fbtrace_id":"AHw4rEBaTqtjTqLXWXOnvmk"}}
2025/05/10 10:41:07 Erro 400: {"error":{"message":"(#132015) Template is temporarily unavailable to use because it was paused due to low quality.","type":"OAuthException","code":132015,"error_data":{"messaging_product":"whatsapp","details":"template name (transacional_mes_mae) is paused"},"fbtrace_id":"A2NG4Yq7_pPhowJjsTzCYpP"}}
2025/05/10 10:41:07 Erro 400: {"error":{"message":"(#132015) Template is temporarily unavailable to use because it was paused due to low quality.","type":"OAuthException","code":132015,"error_data":{"messaging_product":"whatsapp","details":"template name (transacional_mes_mae) is paused"},"fbtrace_id":"AKrfZerMre5krorvgmshGky"}}
2025/05/10 10:41:07 Erro 400: {"error":{"message":"(#132015) Template is temporarily unavailable to use because it was paused due to low quality.","type":"OAuthException","code":132015,"error_data":{"messaging_product":"whatsapp","details":"template name (transacional_mes_mae) is paused"},"fbtrace_id":"AvJ5hBPTmUgrwzk5UloFCbW"}}
2025/05/10 10:41:07 Erro 400: {"error":{"message":"(#132015) Template is temporarily unavailable to use because it was paused due to low quality.","type":"OAuthException","code":132015,"error_data":{"messaging_product":"whatsapp","details":"template name (transacional_mes_mae) is paused"},"fbtrace_id":"AIF91yBzdkSmmLag1vKlIuy"}}
2025/05/10 10:41:07 Erro 400: {"error":{"message":"(#132015) Template is temporarily unavailable to use because it was paused due to low quality.","type":"OAuthException","code":132015,"error_data":{"messaging_product":"whatsapp","details":"template name (transacional_mes_mae) is paused"},"fbtrace_id":"A5uWRUIHQzTGBsmbrCz943o"}}
2025/05/10 10:41:07 Erro 400: {"error":{"message":"(#132015) Template is temporarily unavailable to use because it was paused due to low quality.","type":"OAuthException","code":132015,"error_data":{"messaging_product":"whatsapp","details":"template name (transacional_mes_mae) is paused"},"fbtrace_id":"AQjJonNI5eox2fQB1ywumey"}}
2025/05/10 10:41:10 Erro 400: {"error":{"message":"(#132015) Template is temporarily unavailable to use because it was paused due to low quality.","type":"OAuthException","code":132015,"error_data":{"messaging_product":"whatsapp","details":"template name (transacional_mes_mae) is paused"},"fbtrace_id":"A1T8Fo8eFghg9CgAG1t6sej"}}
2025/05/10 10:41:10 Erro 400: {"error":{"message":"(#132015) Template is temporarily unavailable to use because it was paused due to low quality.","type":"OAuthException","code":132015,"error_data":{"messaging_product":"whatsapp","details":"template name (transacional_mes_mae) is paused"},"fbtrace_id":"ApchAjPiZC8gRrfzkywhG4X"}}
2025/05/10 10:41:10 Erro 400: {"error":{"message":"(#132015) Template is temporarily unavailable to use because it was paused due to low quality.","type":"OAuthException","code":132015,"error_data":{"messaging_product":"whatsapp","details":"template name (transacional_mes_mae) is paused"},"fbtrace_id":"ANs7BCxhQSv6K7330EWI9hW"}}
2025/05/10 10:41:10 Erro 400: {"error":{"message":"(#132015) Template is temporarily unavailable to use because it was paused due to low quality.","type":"OAuthException","code":132015,"error_data":{"messaging_product":"whatsapp","details":"template name (transacional_mes_mae) is paused"},"fbtrace_id":"AwuXijtvQ3WbKbQkSkqi956"}}
2025/05/10 10:41:10 Erro 400: {"error":{"message":"(#132015) Template is temporarily unavailable to use because it was paused due to low quality.","type":"OAuthException","code":132015,"error_data":{"messaging_product":"whatsapp","details":"template name (transacional_mes_mae) is paused"},"fbtrace_id":"Ak6wKmvPlH6r54qSNEB1urt"}}
2025/05/10 10:41:10 Erro 400: {"error":{"message":"(#132015) Template is temporarily unavailable to use because it was paused due to low quality.","type":"OAuthException","code":132015,"error_data":{"messaging_product":"whatsapp","details":"template name (transacional_mes_mae) is paused"},"fbtrace_id":"AeVyP0dfGRTAjoCBtPZrQ_-"}}
2025/05/10 10:41:10 Erro 400: {"error":{"message":"(#132015) Template is temporarily unavailable to use because it was paused due to low quality.","type":"OAuthException","code":132015,"error_data":{"messaging_product":"whatsapp","details":"template name (transacional_mes_mae) is paused"},"fbtrace_id":"AhAImXH-sIrRVDNd3iGkjm5"}}
2025/05/10 10:41:10 Erro 400: {"error":{"message":"(#132015) Template is temporarily unavailable to use because it was paused due to low quality.","type":"OAuthException","code":132015,"error_data":{"messaging_product":"whatsapp","details":"template name (transacional_mes_mae) is paused"},"fbtrace_id":"ALm3lpxJ2EVxZ44XsaDRR8n"}}
2025/05/10 10:41:10 Erro 400: {"error":{"message":"(#132015) Template is temporarily unavailable to use because it was paused due to low quality.","type":"OAuthException","code":132015,"error_data":{"messaging_product":"whatsapp","details":"template name (transacional_mes_mae) is paused"},"fbtrace_id":"ApuIIKh6RcGw2PZW9l98z_R"}}
2025/05/10 10:41:10 Erro 400: {"error":{"message":"(#132015) Template is temporarily unavailable to use because it was paused due to low quality.","type":"OAuthException","code":132015,"error_data":{"messaging_product":"whatsapp","details":"template name (transacional_mes_mae) is paused"},"fbtrace_id":"Aj3vLF-jQVf4YTS0w_uQ7Ub"}}
2025/05/10 10:41:10 Erro 400: {"error":{"message":"(#132015) Template is temporarily unavailable to use because it was paused due to low quality.","type":"OAuthException","code":132015,"error_data":{"messaging_product":"whatsapp","details":"template name (transacional_mes_mae) is paused"},"fbtrace_id":"Azf3Aj8zSCtES44pnPWp3gU"}}
2025/05/10 10:41:10 Erro 400: {"error":{"message":"(#132015) Template is temporarily unavailable to use because it was paused due to low quality.","type":"OAuthException","code":132015,"error_data":{"messaging_product":"whatsapp","details":"template name (transacional_mes_mae) is paused"},"fbtrace_id":"ASsQSssgjRgDmtd9cvoo1Lv"}}
2025/05/10 10:41:10 Erro 400: {"error":{"message":"(#132015) Template is temporarily unavailable to use because it was paused due to low quality.","type":"OAuthException","code":132015,"error_data":{"messaging_product":"whatsapp","details":"template name (transacional_mes_mae) is paused"},"fbtrace_id":"AJT171_Xd5sMsyQ1jRv0OvR"}}
2025/05/10 10:41:10 Erro 400: {"error":{"message":"(#132015) Template is temporarily unavailable to use because it was paused due to low quality.","type":"OAuthException","code":132015,"error_data":{"messaging_product":"whatsapp","details":"template name (transacional_mes_mae) is paused"},"fbtrace_id":"AAwgrd9PL1uDQvW6XRBgb_k"}}
2025/05/10 10:41:10 Erro 400: {"error":{"message":"(#132015) Template is temporarily unavailable to use because it was paused due to low quality.","type":"OAuthException","code":132015,"error_data":{"messaging_product":"whatsapp","details":"template name (transacional_mes_mae) is paused"},"fbtrace_id":"AW0UxNf0mOIZRzJ7gQ3YUAp"}}
2025/05/10 10:41:10 Erro 400: {"error":{"message":"(#132015) Template is temporarily unavailable to use because it was paused due to low quality.","type":"OAuthException","code":132015,"error_data":{"messaging_product":"whatsapp","details":"template name (transacional_mes_mae) is paused"},"fbtrace_id":"AxG4MCgKw1TF_lSqQiIyJeS"}}
2025/05/10 10:41:10 Erro 400: {"error":{"message":"(#132015) Template is temporarily unavailable to use because it was paused due to low quality.","type":"OAuthException","code":132015,"error_data":{"messaging_product":"whatsapp","details":"template name (transacional_mes_mae) is paused"},"fbtrace_id":"ABVNYp5QdGpE5wK5c2IAq13"}}
2025/05/10 10:41:10 Erro 400: {"error":{"message":"(#132015) Template is temporarily unavailable to use because it was paused due to low quality.","type":"OAuthException","code":132015,"error_data":{"messaging_product":"whatsapp","details":"template name (transacional_mes_mae) is paused"},"fbtrace_id":"A7RzQcM10_ykb7q4Ewr2Gon"}}
2025/05/10 10:41:10 Erro 400: {"error":{"message":"(#132015) Template is temporarily unavailable to use because it was paused due to low quality.","type":"OAuthException","code":132015,"error_data":{"messaging_product":"whatsapp","details":"template name (transacional_mes_mae) is paused"},"fbtrace_id":"Ac3LHs4UHmVIrEbzvgG7gEe"}}
2025/05/10 10:41:10 Erro 400: {"error":{"message":"(#132015) Template is temporarily unavailable to use because it was paused due to low quality.","type":"OAuthException","code":132015,"error_data":{"messaging_product":"whatsapp","details":"template name (transacional_mes_mae) is paused"},"fbtrace_id":"AtRpIQoCf2dKikIdMOkK0wx"}}
2025/05/10 10:41:10 Erro 400: {"error":{"message":"(#132015) Template is temporarily unavailable to use because it was paused due to low quality.","type":"OAuthException","code":132015,"error_data":{"messaging_product":"whatsapp","details":"template name (transacional_mes_mae) is paused"},"fbtrace_id":"A2BprekKyyky3JpkK-q-reK"}}
2025/05/10 10:41:11 Erro 400: {"error":{"message":"(#132015) Template is temporarily unavailable to use because it was paused due to low quality.","type":"OAuthException","code":132015,"error_data":{"messaging_product":"whatsapp","details":"template name (transacional_mes_mae) is paused"},"fbtrace_id":"AR-1IHVElv7VRAkrdoA6wSQ"}}
2025/05/10 10:41:11 Erro 400: {"error":{"message":"(#132015) Template is temporarily unavailable to use because it was paused due to low quality.","type":"OAuthException","code":132015,"error_data":{"messaging_product":"whatsapp","details":"template name (transacional_mes_mae) is paused"},"fbtrace_id":"AE1KHDRcO57HiKJFQLHA9iO"}}
2025/05/10 10:41:11 Erro 400: {"error":{"message":"(#132015) Template is temporarily unavailable to use because it was paused due to low quality.","type":"OAuthException","code":132015,"error_data":{"messaging_product":"whatsapp","details":"template name (transacional_mes_mae) is paused"},"fbtrace_id":"A6PbhDcYb50wk27EHsbDcgi"}}
2025/05/10 10:41:15 Erro 400: {"error":{"message":"(#132015) Template is temporarily unavailable to use because it was paused due to low quality.","type":"OAuthException","code":132015,"error_data":{"messaging_product":"whatsapp","details":"template name (transacional_mes_mae) is paused"},"fbtrace_id":"AXqBIARCxzgQ_e2udfCvI1Z"}}
2025/05/10 10:41:15 Erro 400: {"error":{"message":"(#132015) Template is temporarily unavailable to use because it was paused due to low quality.","type":"OAuthException","code":132015,"error_data":{"messaging_product":"whatsapp","details":"template name (transacional_mes_mae) is paused"},"fbtrace_id":"AxFeQyuZE5ro544nhZQlvSQ"}}
2025/05/10 10:41:15 Erro 400: {"error":{"message":"(#132015) Template is temporarily unavailable to use because it was paused due to low quality.","type":"OAuthException","code":132015,"error_data":{"messaging_product":"whatsapp","details":"template name (transacional_mes_mae) is paused"},"fbtrace_id":"AjNr187FsJQwpf42XyKnL9c"}}
2025/05/10 10:41:15 Erro 400: {"error":{"message":"(#132015) Template is temporarily unavailable to use because it was paused due to low quality.","type":"OAuthException","code":132015,"error_data":{"messaging_product":"whatsapp","details":"template name (transacional_mes_mae) is paused"},"fbtrace_id":"A1fFP2fO8Kz191Z-FG_A1iL"}}
2025/05/10 10:41:15 Erro 400: {"error":{"message":"(#132015) Template is temporarily unavailable to use because it was paused due to low quality.","type":"OAuthException","code":132015,"error_data":{"messaging_product":"whatsapp","details":"template name (transacional_mes_mae) is paused"},"fbtrace_id":"A3sopIRkg-sD9SYWDaawM7i"}}
2025/05/10 10:41:15 Erro 400: {"error":{"message":"(#132015) Template is temporarily unavailable to use because it was paused due to low quality.","type":"OAuthException","code":132015,"error_data":{"messaging_product":"whatsapp","details":"template name (transacional_mes_mae) is paused"},"fbtrace_id":"AwPb3aZsTGVE7EzpV1XmWD9"}}
2025/05/10 10:41:15 Erro 400: {"error":{"message":"(#132015) Template is temporarily unavailable to use because it was paused due to low quality.","type":"OAuthException","code":132015,"error_data":{"messaging_product":"whatsapp","details":"template name (transacional_mes_mae) is paused"},"fbtrace_id":"AWKNlT8Y4CaJtPwy69ClCto"}}
2025/05/10 10:41:15 Erro 400: {"error":{"message":"(#132015) Template is temporarily unavailable to use because it was paused due to low quality.","type":"OAuthException","code":132015,"error_data":{"messaging_product":"whatsapp","details":"template name (transacional_mes_mae) is paused"},"fbtrace_id":"Akwe8xPDQsgbbR0l31lXgkq"}}
2025/05/10 10:41:15 Erro 400: {"error":{"message":"(#132015) Template is temporarily unavailable to use because it was paused due to low quality.","type":"OAuthException","code":132015,"error_data":{"messaging_product":"whatsapp","details":"template name (transacional_mes_mae) is paused"},"fbtrace_id":"AsfyDTv1ACisHamtNmcwsP2"}}
2025/05/10 10:41:15 Erro 400: {"error":{"message":"(#132015) Template is temporarily unavailable to use because it was paused due to low quality.","type":"OAuthException","code":132015,"error_data":{"messaging_product":"whatsapp","details":"template name (transacional_mes_mae) is paused"},"fbtrace_id":"AbGn494rjhC0tu9Z7Wep1Gn"}}
2025/05/10 10:41:15 Erro 400: {"error":{"message":"(#132015) Template is temporarily unavailable to use because it was paused due to low quality.","type":"OAuthException","code":132015,"error_data":{"messaging_product":"whatsapp","details":"template name (transacional_mes_mae) is paused"},"fbtrace_id":"AmCnaZ1k5pw1lurqb3Ayxlj"}}
2025/05/10 10:41:15 Erro 400: {"error":{"message":"(#132015) Template is temporarily unavailable to use because it was paused due to low quality.","type":"OAuthException","code":132015,"error_data":{"messaging_product":"whatsapp","details":"template name (transacional_mes_mae) is paused"},"fbtrace_id":"AYEnbmjhQHyj3cj94aDwxJ2"}}
2025/05/10 10:41:15 Erro 400: {"error":{"message":"(#132015) Template is temporarily unavailable to use because it was paused due to low quality.","type":"OAuthException","code":132015,"error_data":{"messaging_product":"whatsapp","details":"template name (transacional_mes_mae) is paused"},"fbtrace_id":"AcFIvVzW7Aj5qALBWqipicZ"}}
2025/05/10 10:41:15 Erro 400: {"error":{"message":"(#132015) Template is temporarily unavailable to use because it was paused due to low quality.","type":"OAuthException","code":132015,"error_data":{"messaging_product":"whatsapp","details":"template name (transacional_mes_mae) is paused"},"fbtrace_id":"AC4bc5KAxRdKRzP3dpf5qxE"}}
2025/05/10 10:41:15 Erro 400: {"error":{"message":"(#132015) Template is temporarily unavailable to use because it was paused due to low quality.","type":"OAuthException","code":132015,"error_data":{"messaging_product":"whatsapp","details":"template name (transacional_mes_mae) is paused"},"fbtrace_id":"Aqx25u7wA1eZb5-jNfh41QS"}}
2025/05/10 10:41:15 Erro 400: {"error":{"message":"(#132015) Template is temporarily unavailable to use because it was paused due to low quality.","type":"OAuthException","code":132015,"error_data":{"messaging_product":"whatsapp","details":"template name (transacional_mes_mae) is paused"},"fbtrace_id":"ApAK8oGN5oAxx6eOD2zUg5l"}}
2025/05/10 10:41:15 Erro 400: {"error":{"message":"(#132015) Template is temporarily unavailable to use because it was paused due to low quality.","type":"OAuthException","code":132015,"error_data":{"messaging_product":"whatsapp","details":"template name (transacional_mes_mae) is paused"},"fbtrace_id":"AfLM4QJmZl8JHMahcaeURnB"}}
2025/05/10 10:41:15 Erro 400: {"error":{"message":"(#132015) Template is temporarily unavailable to use because it was paused due to low quality.","type":"OAuthException","code":132015,"error_data":{"messaging_product":"whatsapp","details":"template name (transacional_mes_mae) is paused"},"fbtrace_id":"ALNgFO9Vik5hAKXpCY4H45e"}}
2025/05/10 10:41:15 Erro 400: {"error":{"message":"(#132015) Template is temporarily unavailable to use because it was paused due to low quality.","type":"OAuthException","code":132015,"error_data":{"messaging_product":"whatsapp","details":"template name (transacional_mes_mae) is paused"},"fbtrace_id":"AcZTu6M_qBGk4hPbdZMB8p5"}}
2025/05/10 10:41:15 Erro 400: {"error":{"message":"(#132015) Template is temporarily unavailable to use because it was paused due to low quality.","type":"OAuthException","code":132015,"error_data":{"messaging_product":"whatsapp","details":"template name (transacional_mes_mae) is paused"},"fbtrace_id":"AvUitZjhUXiTEnvv4K6l3pS"}}
2025/05/10 10:41:15 Erro 400: {"error":{"message":"(#132015) Template is temporarily unavailable to use because it was paused due to low quality.","type":"OAuthException","code":132015,"error_data":{"messaging_product":"whatsapp","details":"template name (transacional_mes_mae) is paused"},"fbtrace_id":"AKoAdUNJnKliV46jh-Rp5yE"}}
2025/05/10 10:41:15 Erro 400: {"error":{"message":"(#132015) Template is temporarily unavailable to use because it was paused due to low quality.","type":"OAuthException","code":132015,"error_data":{"messaging_product":"whatsapp","details":"template name (transacional_mes_mae) is paused"},"fbtrace_id":"AEoYxeTCfl5Ane9baJrh_5_"}}
2025/05/10 10:41:15 Erro 400: {"error":{"message":"(#132015) Template is temporarily unavailable to use because it was paused due to low quality.","type":"OAuthException","code":132015,"error_data":{"messaging_product":"whatsapp","details":"template name (transacional_mes_mae) is paused"},"fbtrace_id":"AfUM7q1JDN0FhqLLiMuNpXx"}}
2025/05/10 10:41:15 Erro 400: {"error":{"message":"(#132015) Template is temporarily unavailable to use because it was paused due to low quality.","type":"OAuthException","code":132015,"error_data":{"messaging_product":"whatsapp","details":"template name (transacional_mes_mae) is paused"},"fbtrace_id":"APEIRos6mEl0SFzioRnrXca"}}
2025/05/10 10:41:15 Erro 400: {"error":{"message":"(#132015) Template is temporarily unavailable to use because it was paused due to low quality.","type":"OAuthException","code":132015,"error_data":{"messaging_product":"whatsapp","details":"template name (transacional_mes_mae) is paused"},"fbtrace_id":"AGp06y9FgusG7PTpe3l9dhL"}}
2025/05/10 10:41:15 Erro 400: {"error":{"message":"(#132015) Template is temporarily unavailable to use because it was paused due to low quality.","type":"OAuthException","code":132015,"error_data":{"messaging_product":"whatsapp","details":"template name (transacional_mes_mae) is paused"},"fbtrace_id":"A5zTIdfDqywO-7Jt8L9u8j0"}}
2025/05/10 10:41:16 Erro 400: {"error":{"message":"(#132015) Template is temporarily unavailable to use because it was paused due to low quality.","type":"OAuthException","code":132015,"error_data":{"messaging_product":"whatsapp","details":"template name (transacional_mes_mae) is paused"},"fbtrace_id":"A0EbI0kxdXHunnOpbujHGZg"}}
2025/05/10 10:41:20 Erro 400: 
2025/05/10 10:41:20 Erro 400: 
2025/05/10 10:41:20 Erro 400: 
2025/05/10 10:41:20 Erro 400: 
2025/05/10 10:41:20 Erro 400: 
2025/05/10 10:41:20 Erro 400: 
2025/05/10 10:41:20 Erro 400: 
2025/05/10 10:41:20 Erro 400: 
2025/05/10 10:41:20 Erro 400: 
2025/05/10 10:41:20 Erro 400: 
2025/05/10 10:41:20 Erro 400: 
2025/05/10 10:41:20 Erro 400: 
2025/05/10 10:41:20 Erro 400: 
2025/05/10 10:41:20 Erro 400: 
2025/05/10 10:41:20 Erro 400: 
2025/05/10 10:41:20 Erro 400: 
2025/05/10 10:41:20 Erro 400: 
2025/05/10 10:41:20 Erro 400: 
2025/05/10 10:41:20 Erro 400: 
2025/05/10 10:41:20 Erro 400: 
2025/05/10 10:41:21 Erro 400: 
2025/05/10 10:41:21 Erro 400: 
2025/05/10 10:41:21 Erro 400: {"error":{"message":"(#132015) Template is temporarily unavailable to use because it was paused due to low quality.","type":"OAuthException","code":132015,"error_data":{"messaging_product":"whatsapp","details":"template name (transacional_mes_mae) is paused"},"fbtrace_id":"AKdLrPV1jUH-F12jEpOv8_S"}}
2025/05/10 10:41:21 Erro 400: {"error":{"message":"(#132015) Template is temporarily unavailable to use because it was paused due to low quality.","type":"OAuthException","code":132015,"error_data":{"messaging_product":"whatsapp","details":"template name (transacional_mes_mae) is paused"},"fbtrace_id":"Awt_JDIUeL_aZ4NEbe_r7gc"}}
2025/05/10 10:41:22 Erro 400: {"error":{"message":"(#132015) Template is temporarily unavailable to use because it was paused due to low quality.","type":"OAuthException","code":132015,"error_data":{"messaging_product":"whatsapp","details":"template name (transacional_mes_mae) is paused"},"fbtrace_id":"A2IFcQNJxTJNemuRr9KWegA"}}
2025/05/10 10:41:22 Erro 400: {"error":{"message":"(#132015) Template is temporarily unavailable to use because it was paused due to low quality.","type":"OAuthException","code":132015,"error_data":{"messaging_product":"whatsapp","details":"template name (transacional_mes_mae) is paused"},"fbtrace_id":"A8q-NIsRJY0LYHIvFPCbcCA"}}
2025/05/10 10:41:22 Erro 400: {"error":{"message":"(#132015) Template is temporarily unavailable to use because it was paused due to low quality.","type":"OAuthException","code":132015,"error_data":{"messaging_product":"whatsapp","details":"template name (transacional_mes_mae) is paused"},"fbtrace_id":"AhsJEeeFrJ4ybzT8f-SDIZ7"}}
2025/05/10 10:41:22 Erro 400: {"error":{"message":"(#132015) Template is temporarily unavailable to use because it was paused due to low quality.","type":"OAuthException","code":132015,"error_data":{"messaging_product":"whatsapp","details":"template name (transacional_mes_mae) is paused"},"fbtrace_id":"AxHiWk_8ihruhW-vItoc0LO"}}
2025/05/10 10:41:27 Erro 400: 
2025/05/10 10:41:27 Erro 400: 
2025/05/10 10:41:27 Erro ao enviar: Post "https://graph.facebook.com/v22.0/463842236808276/messages": context deadline exceeded (Client.Timeout exceeded while awaiting headers)
2025/05/10 10:41:27 Erro 400: 
2025/05/10 10:41:27 Erro 400: 
2025/05/10 10:41:27 Erro 400: 
2025/05/10 10:41:27 Erro 400: 
2025/05/10 10:41:27 Erro ao enviar: Post "https://graph.facebook.com/v22.0/463842236808276/messages": context deadline exceeded (Client.Timeout exceeded while awaiting headers)
2025/05/10 10:41:27 Erro 400: 
2025/05/10 10:41:27 Erro 400: 
2025/05/10 10:41:27 Erro 400: 
2025/05/10 10:41:27 Erro 400: 
2025/05/10 10:41:27 Erro 400: 
2025/05/10 10:41:27 Erro 400: 
2025/05/10 10:41:27 Erro 400: 
2025/05/10 10:41:27 Erro ao enviar: Post "https://graph.facebook.com/v22.0/463842236808276/messages": context deadline exceeded (Client.Timeout exceeded while awaiting headers)
2025/05/10 10:41:27 Erro ao enviar: Post "https://graph.facebook.com/v22.0/463842236808276/messages": context deadline exceeded (Client.Timeout exceeded while awaiting headers)
2025/05/10 10:41:27 Erro ao enviar: Post "https://graph.facebook.com/v22.0/463842236808276/messages": context deadline exceeded (Client.Timeout exceeded while awaiting headers)
2025/05/10 10:41:27 Erro ao enviar: Post "https://graph.facebook.com/v22.0/463842236808276/messages": context deadline exceeded (Client.Timeout exceeded while awaiting headers)
2025/05/10 10:41:27 Erro ao enviar: Post "https://graph.facebook.com/v22.0/463842236808276/messages": context deadline exceeded (Client.Timeout exceeded while awaiting headers)
2025/05/10 10:41:27 Erro ao enviar: Post "https://graph.facebook.com/v22.0/463842236808276/messages": context deadline exceeded (Client.Timeout exceeded while awaiting headers)
2025/05/10 10:41:27 Erro ao enviar: Post "https://graph.facebook.com/v22.0/463842236808276/messages": context deadline exceeded (Client.Timeout exceeded while awaiting headers)
2025/05/10 10:41:29 Erro 400: {"error":{"message":"(#132015) Template is temporarily unavailable to use because it was paused due to low quality.","type":"OAuthException","code":132015,"error_data":{"messaging_product":"whatsapp","details":"template name (transacional_mes_mae) is paused"},"fbtrace_id":"AZPsA-3MO8ItIKNg_UFmzCT"}}
2025/05/10 10:41:29 Erro 400: {"error":{"message":"(#132015) Template is temporarily unavailable to use because it was paused due to low quality.","type":"OAuthException","code":132015,"error_data":{"messaging_product":"whatsapp","details":"template name (transacional_mes_mae) is paused"},"fbtrace_id":"AEJnDi6j6tuEcav-3h3TS1C"}}
2025/05/10 10:41:29 Erro 400: {"error":{"message":"(#132015) Template is temporarily unavailable to use because it was paused due to low quality.","type":"OAuthException","code":132015,"error_data":{"messaging_product":"whatsapp","details":"template name (transacional_mes_mae) is paused"},"fbtrace_id":"AQYU-UkI8R0BTCZJCS-xi9e"}}
2025/05/10 10:41:29 Erro 400: {"error":{"message":"(#132015) Template is temporarily unavailable to use because it was paused due to low quality.","type":"OAuthException","code":132015,"error_data":{"messaging_product":"whatsapp","details":"template name (transacional_mes_mae) is paused"},"fbtrace_id":"AMNEr49OfPA1s4-HY8BbdkF"}}
2025/05/10 10:41:29 Erro 400: {"error":{"message":"(#132015) Template is temporarily unavailable to use because it was paused due to low quality.","type":"OAuthException","code":132015,"error_data":{"messaging_product":"whatsapp","details":"template name (transacional_mes_mae) is paused"},"fbtrace_id":"AywesQ07brPcIlv1H3Umyg_"}}
2025/05/10 10:41:32 Erro 400: 
2025/05/10 10:41:32 Erro 400: 
2025/05/10 10:41:32 Erro 400: 
2025/05/10 10:41:32 Erro ao enviar: Post "https://graph.facebook.com/v22.0/463842236808276/messages": context deadline exceeded (Client.Timeout exceeded while awaiting headers)
2025/05/10 10:41:32 Erro ao enviar: Post "https://graph.facebook.com/v22.0/463842236808276/messages": context deadline exceeded (Client.Timeout exceeded while awaiting headers)
2025/05/10 10:41:32 Erro 400: 
2025/05/10 10:41:32 Erro 400: 
2025/05/10 10:41:32 Erro ao enviar: Post "https://graph.facebook.com/v22.0/463842236808276/messages": context deadline exceeded (Client.Timeout exceeded while awaiting headers)
2025/05/10 10:41:32 Erro ao enviar: Post "https://graph.facebook.com/v22.0/463842236808276/messages": context deadline exceeded (Client.Timeout exceeded while awaiting headers)
2025/05/10 10:41:32 Erro ao enviar: Post "https://graph.facebook.com/v22.0/463842236808276/messages": context deadline exceeded (Client.Timeout exceeded while awaiting headers)
2025/05/10 10:41:32 Erro ao enviar: Post "https://graph.facebook.com/v22.0/463842236808276/messages": context deadline exceeded (Client.Timeout exceeded while awaiting headers)
2025/05/10 10:41:32 Erro 400: 
2025/05/10 10:41:32 Erro ao enviar: Post "https://graph.facebook.com/v22.0/463842236808276/messages": context deadline exceeded (Client.Timeout exceeded while awaiting headers)
2025/05/10 10:41:32 Erro ao enviar: Post "https://graph.facebook.com/v22.0/463842236808276/messages": context deadline exceeded (Client.Timeout exceeded while awaiting headers)
2025/05/10 10:41:32 Erro ao enviar: Post "https://graph.facebook.com/v22.0/463842236808276/messages": context deadline exceeded (Client.Timeout exceeded while awaiting headers)
2025/05/10 10:41:33 Erro ao enviar: Post "https://graph.facebook.com/v22.0/463842236808276/messages": context deadline exceeded (Client.Timeout exceeded while awaiting headers)
2025/05/10 10:41:33 Erro ao enviar: Post "https://graph.facebook.com/v22.0/463842236808276/messages": context deadline exceeded (Client.Timeout exceeded while awaiting headers)
2025/05/10 10:41:33 Erro ao enviar: Post "https://graph.facebook.com/v22.0/463842236808276/messages": context deadline exceeded (Client.Timeout exceeded while awaiting headers)
2025/05/10 10:41:33 Erro ao enviar: Post "https://graph.facebook.com/v22.0/463842236808276/messages": context deadline exceeded (Client.Timeout exceeded while awaiting headers)
2025/05/10 10:41:34 Erro ao enviar: Post "https://graph.facebook.com/v22.0/463842236808276/messages": context deadline exceeded (Client.Timeout exceeded while awaiting headers)
2025/05/10 10:41:34 Erro ao enviar: Post "https://graph.facebook.com/v22.0/463842236808276/messages": context deadline exceeded (Client.Timeout exceeded while awaiting headers)
2025/05/10 10:41:34 Erro ao enviar: Post "https://graph.facebook.com/v22.0/463842236808276/messages": context deadline exceeded (Client.Timeout exceeded while awaiting headers)
2025/05/10 10:41:34 Erro ao enviar: Post "https://graph.facebook.com/v22.0/463842236808276/messages": context deadline exceeded (Client.Timeout exceeded while awaiting headers)
2025/05/10 10:41:37 Erro 400: 
2025/05/10 10:41:37 Erro ao enviar: Post "https://graph.facebook.com/v22.0/463842236808276/messages": context deadline exceeded (Client.Timeout exceeded while awaiting headers)
2025/05/10 10:41:37 Erro 400: 
2025/05/10 10:41:37 Erro ao enviar: Post "https://graph.facebook.com/v22.0/463842236808276/messages": context deadline exceeded (Client.Timeout exceeded while awaiting headers)
2025/05/10 10:41:37 Erro 400: 
2025/05/10 10:41:37 Erro 400: 
2025/05/10 10:41:37 Erro 400: 
2025/05/10 10:41:37 Erro ao enviar: Post "https://graph.facebook.com/v22.0/463842236808276/messages": context deadline exceeded (Client.Timeout exceeded while awaiting headers)
2025/05/10 10:41:37 Erro ao enviar: Post "https://graph.facebook.com/v22.0/463842236808276/messages": context deadline exceeded (Client.Timeout exceeded while awaiting headers)
2025/05/10 10:41:37 Erro ao enviar: Post "https://graph.facebook.com/v22.0/463842236808276/messages": context deadline exceeded (Client.Timeout exceeded while awaiting headers)
2025/05/10 10:41:37 Erro ao enviar: Post "https://graph.facebook.com/v22.0/463842236808276/messages": context deadline exceeded (Client.Timeout exceeded while awaiting headers)
2025/05/10 10:41:37 Erro 400: 
2025/05/10 10:41:37 Erro ao enviar: Post "https://graph.facebook.com/v22.0/463842236808276/messages": context deadline exceeded (Client.Timeout exceeded while awaiting headers)
2025/05/10 10:41:37 Erro ao enviar: Post "https://graph.facebook.com/v22.0/463842236808276/messages": context deadline exceeded (Client.Timeout exceeded while awaiting headers)
2025/05/10 10:41:37 Erro ao enviar: Post "https://graph.facebook.com/v22.0/463842236808276/messages": context deadline exceeded (Client.Timeout exceeded while awaiting headers)
2025/05/10 10:41:37 Erro ao enviar: Post "https://graph.facebook.com/v22.0/463842236808276/messages": context deadline exceeded (Client.Timeout exceeded while awaiting headers)
2025/05/10 10:41:37 Erro ao enviar: Post "https://graph.facebook.com/v22.0/463842236808276/messages": context deadline exceeded (Client.Timeout exceeded while awaiting headers)
2025/05/10 10:41:37 Erro ao enviar: Post "https://graph.facebook.com/v22.0/463842236808276/messages": context deadline exceeded (Client.Timeout exceeded while awaiting headers)
2025/05/10 10:41:37 Erro ao enviar: Post "https://graph.facebook.com/v22.0/463842236808276/messages": context deadline exceeded (Client.Timeout exceeded while awaiting headers)
2025/05/10 10:41:37 Erro ao enviar: Post "https://graph.facebook.com/v22.0/463842236808276/messages": context deadline exceeded (Client.Timeout exceeded while awaiting headers)
2025/05/10 10:41:37 Erro ao enviar: Post "https://graph.facebook.com/v22.0/463842236808276/messages": context deadline exceeded (Client.Timeout exceeded while awaiting headers)
2025/05/10 10:41:37 Erro ao enviar: Post "https://graph.facebook.com/v22.0/463842236808276/messages": context deadline exceeded (Client.Timeout exceeded while awaiting headers)
2025/05/10 10:41:39 Erro ao enviar: Post "https://graph.facebook.com/v22.0/463842236808276/messages": context deadline exceeded (Client.Timeout exceeded while awaiting headers)
2025/05/10 10:41:39 Erro ao enviar: Post "https://graph.facebook.com/v22.0/463842236808276/messages": context deadline exceeded (Client.Timeout exceeded while awaiting headers)
2025/05/10 10:41:39 Erro ao enviar: Post "https://graph.facebook.com/v22.0/463842236808276/messages": context deadline exceeded (Client.Timeout exceeded while awaiting headers)
2025/05/10 10:41:39 Erro ao enviar: Post "https://graph.facebook.com/v22.0/463842236808276/messages": context deadline exceeded (Client.Timeout exceeded while awaiting headers)
2025/05/10 10:41:39 Erro ao enviar: Post "https://graph.facebook.com/v22.0/463842236808276/messages": context deadline exceeded (Client.Timeout exceeded while awaiting headers)
2025/05/10 10:41:42 Erro ao enviar: Post "https://graph.facebook.com/v22.0/463842236808276/messages": context deadline exceeded (Client.Timeout exceeded while awaiting headers)
2025/05/10 10:41:42 Erro ao enviar: Post "https://graph.facebook.com/v22.0/463842236808276/messages": context deadline exceeded (Client.Timeout exceeded while awaiting headers)
2025/05/10 10:41:42 Erro ao enviar: Post "https://graph.facebook.com/v22.0/463842236808276/messages": context deadline exceeded (Client.Timeout exceeded while awaiting headers)
2025/05/10 10:41:42 Erro ao enviar: Post "https://graph.facebook.com/v22.0/463842236808276/messages": context deadline exceeded (Client.Timeout exceeded while awaiting headers)
2025/05/10 10:41:42 Erro ao enviar: Post "https://graph.facebook.com/v22.0/463842236808276/messages": context deadline exceeded (Client.Timeout exceeded while awaiting headers)
2025/05/10 10:41:42 Erro ao enviar: Post "https://graph.facebook.com/v22.0/463842236808276/messages": context deadline exceeded (Client.Timeout exceeded while awaiting headers)
2025/05/10 10:41:42 Erro ao enviar: Post "https://graph.facebook.com/v22.0/463842236808276/messages": context deadline exceeded (Client.Timeout exceeded while awaiting headers)
2025/05/10 10:41:42 Erro ao enviar: Post "https://graph.facebook.com/v22.0/463842236808276/messages": context deadline exceeded (Client.Timeout exceeded while awaiting headers)
2025/05/10 10:41:42 Erro ao enviar: Post "https://graph.facebook.com/v22.0/463842236808276/messages": context deadline exceeded (Client.Timeout exceeded while awaiting headers)
2025/05/10 10:41:42 Erro ao enviar: Post "https://graph.facebook.com/v22.0/463842236808276/messages": context deadline exceeded (Client.Timeout exceeded while awaiting headers)
2025/05/10 10:41:42 Erro ao enviar: Post "https://graph.facebook.com/v22.0/463842236808276/messages": context deadline exceeded (Client.Timeout exceeded while awaiting headers)
2025/05/10 10:41:42 Erro ao enviar: Post "https://graph.facebook.com/v22.0/463842236808276/messages": context deadline exceeded (Client.Timeout exceeded while awaiting headers)
2025/05/10 10:41:42 Erro ao enviar: Post "https://graph.facebook.com/v22.0/463842236808276/messages": context deadline exceeded (Client.Timeout exceeded while awaiting headers)
2025/05/10 10:41:42 Erro ao enviar: Post "https://graph.facebook.com/v22.0/463842236808276/messages": context deadline exceeded (Client.Timeout exceeded while awaiting headers)
2025/05/10 10:41:42 Erro ao enviar: Post "https://graph.facebook.com/v22.0/463842236808276/messages": context deadline exceeded (Client.Timeout exceeded while awaiting headers)
2025/05/10 10:41:43 Erro ao enviar: Post "https://graph.facebook.com/v22.0/463842236808276/messages": context deadline exceeded (Client.Timeout exceeded while awaiting headers)
2025/05/10 10:41:43 Erro ao enviar: Post "https://graph.facebook.com/v22.0/463842236808276/messages": context deadline exceeded (Client.Timeout exceeded while awaiting headers)
2025/05/10 10:41:43 Erro ao enviar: Post "https://graph.facebook.com/v22.0/463842236808276/messages": context deadline exceeded (Client.Timeout exceeded while awaiting headers)
2025/05/10 10:41:43 Erro ao enviar: Post "https://graph.facebook.com/v22.0/463842236808276/messages": context deadline exceeded (Client.Timeout exceeded while awaiting headers)
2025/05/10 10:41:44 Erro ao enviar: Post "https://graph.facebook.com/v22.0/463842236808276/messages": context deadline exceeded (Client.Timeout exceeded while awaiting headers)
2025/05/10 10:41:44 Erro ao enviar: Post "https://graph.facebook.com/v22.0/463842236808276/messages": context deadline exceeded (Client.Timeout exceeded while awaiting headers)
2025/05/10 10:41:44 Erro ao enviar: Post "https://graph.facebook.com/v22.0/463842236808276/messages": context deadline exceeded (Client.Timeout exceeded while awaiting headers)
2025/05/10 10:41:44 Erro ao enviar: Post "https://graph.facebook.com/v22.0/463842236808276/messages": context deadline exceeded (Client.Timeout exceeded while awaiting headers)
2025/05/10 10:41:47 Erro ao enviar: Post "https://graph.facebook.com/v22.0/463842236808276/messages": context deadline exceeded (Client.Timeout exceeded while awaiting headers)
2025/05/10 10:41:47 Erro ao enviar: Post "https://graph.facebook.com/v22.0/463842236808276/messages": context deadline exceeded (Client.Timeout exceeded while awaiting headers)
2025/05/10 10:41:47 Erro ao enviar: Post "https://graph.facebook.com/v22.0/463842236808276/messages": context deadline exceeded (Client.Timeout exceeded while awaiting headers)
2025/05/10 10:41:47 Erro ao enviar: Post "https://graph.facebook.com/v22.0/463842236808276/messages": context deadline exceeded (Client.Timeout exceeded while awaiting headers)
2025/05/10 10:41:47 Erro ao enviar: Post "https://graph.facebook.com/v22.0/463842236808276/messages": context deadline exceeded (Client.Timeout exceeded while awaiting headers)
2025/05/10 10:41:47 Erro ao enviar: Post "https://graph.facebook.com/v22.0/463842236808276/messages": context deadline exceeded (Client.Timeout exceeded while awaiting headers)
2025/05/10 10:41:47 Erro ao enviar: Post "https://graph.facebook.com/v22.0/463842236808276/messages": context deadline exceeded (Client.Timeout exceeded while awaiting headers)
2025/05/10 10:41:47 Erro ao enviar: Post "https://graph.facebook.com/v22.0/463842236808276/messages": context deadline exceeded (Client.Timeout exceeded while awaiting headers)
2025/05/10 10:41:47 Erro ao enviar: Post "https://graph.facebook.com/v22.0/463842236808276/messages": context deadline exceeded (Client.Timeout exceeded while awaiting headers)
2025/05/10 10:41:47 Erro ao enviar: Post "https://graph.facebook.com/v22.0/463842236808276/messages": context deadline exceeded (Client.Timeout exceeded while awaiting headers)
2025/05/10 10:41:47 Erro ao enviar: Post "https://graph.facebook.com/v22.0/463842236808276/messages": context deadline exceeded (Client.Timeout exceeded while awaiting headers)
2025/05/10 10:41:47 Erro ao enviar: Post "https://graph.facebook.com/v22.0/463842236808276/messages": context deadline exceeded (Client.Timeout exceeded while awaiting headers)
2025/05/10 10:41:47 Erro ao enviar: Post "https://graph.facebook.com/v22.0/463842236808276/messages": context deadline exceeded (Client.Timeout exceeded while awaiting headers)
2025/05/10 10:41:47 Erro ao enviar: Post "https://graph.facebook.com/v22.0/463842236808276/messages": context deadline exceeded (Client.Timeout exceeded while awaiting headers)
2025/05/10 10:41:47 Erro ao enviar: Post "https://graph.facebook.com/v22.0/463842236808276/messages": context deadline exceeded (Client.Timeout exceeded while awaiting headers)
2025/05/10 10:41:47 Erro ao enviar: Post "https://graph.facebook.com/v22.0/463842236808276/messages": context deadline exceeded (Client.Timeout exceeded while awaiting headers)
2025/05/10 10:41:47 Erro ao enviar: Post "https://graph.facebook.com/v22.0/463842236808276/messages": context deadline exceeded (Client.Timeout exceeded while awaiting headers)
2025/05/10 10:41:47 Erro ao enviar: Post "https://graph.facebook.com/v22.0/463842236808276/messages": context deadline exceeded (Client.Timeout exceeded while awaiting headers)
2025/05/10 10:41:47 Erro ao enviar: Post "https://graph.facebook.com/v22.0/463842236808276/messages": context deadline exceeded (Client.Timeout exceeded while awaiting headers)
2025/05/10 10:41:47 Erro ao enviar: Post "https://graph.facebook.com/v22.0/463842236808276/messages": context deadline exceeded (Client.Timeout exceeded while awaiting headers)
2025/05/10 10:41:47 Erro ao enviar: Post "https://graph.facebook.com/v22.0/463842236808276/messages": context deadline exceeded (Client.Timeout exceeded while awaiting headers)
2025/05/10 10:41:48 Erro ao enviar: Post "https://graph.facebook.com/v22.0/463842236808276/messages": context deadline exceeded (Client.Timeout exceeded while awaiting headers)
2025/05/10 10:41:49 Erro ao enviar: Post "https://graph.facebook.com/v22.0/463842236808276/messages": context deadline exceeded (Client.Timeout exceeded while awaiting headers)
2025/05/10 10:41:49 Erro ao enviar: Post "https://graph.facebook.com/v22.0/463842236808276/messages": context deadline exceeded (Client.Timeout exceeded while awaiting headers)
2025/05/10 10:41:49 Erro ao enviar: Post "https://graph.facebook.com/v22.0/463842236808276/messages": context deadline exceeded (Client.Timeout exceeded while awaiting headers)
2025/05/10 10:41:49 Erro ao enviar: Post "https://graph.facebook.com/v22.0/463842236808276/messages": context deadline exceeded (Client.Timeout exceeded while awaiting headers)
2025/05/10 10:41:49 Erro ao enviar: Post "https://graph.facebook.com/v22.0/463842236808276/messages": context deadline exceeded (Client.Timeout exceeded while awaiting headers)
2025/05/10 10:41:52 Erro ao enviar: Post "https://graph.facebook.com/v22.0/463842236808276/messages": context deadline exceeded (Client.Timeout exceeded while awaiting headers)
2025/05/10 10:41:52 Erro ao enviar: Post "https://graph.facebook.com/v22.0/463842236808276/messages": context deadline exceeded (Client.Timeout exceeded while awaiting headers)
2025/05/10 10:41:52 Erro ao enviar: Post "https://graph.facebook.com/v22.0/463842236808276/messages": context deadline exceeded (Client.Timeout exceeded while awaiting headers)
2025/05/10 10:41:52 Erro ao enviar: Post "https://graph.facebook.com/v22.0/463842236808276/messages": context deadline exceeded (Client.Timeout exceeded while awaiting headers)
2025/05/10 10:41:52 Erro ao enviar: Post "https://graph.facebook.com/v22.0/463842236808276/messages": context deadline exceeded (Client.Timeout exceeded while awaiting headers)
2025/05/10 10:41:52 Erro ao enviar: Post "https://graph.facebook.com/v22.0/463842236808276/messages": context deadline exceeded (Client.Timeout exceeded while awaiting headers)
2025/05/10 10:41:52 Erro ao enviar: Post "https://graph.facebook.com/v22.0/463842236808276/messages": context deadline exceeded (Client.Timeout exceeded while awaiting headers)
2025/05/10 10:41:52 Erro ao enviar: Post "https://graph.facebook.com/v22.0/463842236808276/messages": context deadline exceeded (Client.Timeout exceeded while awaiting headers)
2025/05/10 10:41:52 Erro ao enviar: Post "https://graph.facebook.com/v22.0/463842236808276/messages": context deadline exceeded (Client.Timeout exceeded while awaiting headers)
2025/05/10 10:41:52 Erro ao enviar: Post "https://graph.facebook.com/v22.0/463842236808276/messages": context deadline exceeded (Client.Timeout exceeded while awaiting headers)
2025/05/10 10:41:52 Erro ao enviar: Post "https://graph.facebook.com/v22.0/463842236808276/messages": context deadline exceeded (Client.Timeout exceeded while awaiting headers)
2025/05/10 10:41:52 Erro ao enviar: Post "https://graph.facebook.com/v22.0/463842236808276/messages": context deadline exceeded (Client.Timeout exceeded while awaiting headers)
2025/05/10 10:41:52 Erro ao enviar: Post "https://graph.facebook.com/v22.0/463842236808276/messages": context deadline exceeded (Client.Timeout exceeded while awaiting headers)
2025/05/10 10:41:52 Erro ao enviar: Post "https://graph.facebook.com/v22.0/463842236808276/messages": context deadline exceeded (Client.Timeout exceeded while awaiting headers)
2025/05/10 10:41:52 Erro ao enviar: Post "https://graph.facebook.com/v22.0/463842236808276/messages": context deadline exceeded (Client.Timeout exceeded while awaiting headers)
2025/05/10 10:41:53 Erro ao enviar: Post "https://graph.facebook.com/v22.0/463842236808276/messages": context deadline exceeded (Client.Timeout exceeded while awaiting headers)
2025/05/10 10:41:53 Erro ao enviar: Post "https://graph.facebook.com/v22.0/463842236808276/messages": context deadline exceeded (Client.Timeout exceeded while awaiting headers)
2025/05/10 10:41:53 Erro ao enviar: Post "https://graph.facebook.com/v22.0/463842236808276/messages": context deadline exceeded (Client.Timeout exceeded while awaiting headers)
2025/05/10 10:41:53 Erro ao enviar: Post "https://graph.facebook.com/v22.0/463842236808276/messages": context deadline exceeded (Client.Timeout exceeded while awaiting headers)
2025/05/10 10:41:54 Erro ao enviar: Post "https://graph.facebook.com/v22.0/463842236808276/messages": context deadline exceeded (Client.Timeout exceeded while awaiting headers)
2025/05/10 10:41:54 Erro ao enviar: Post "https://graph.facebook.com/v22.0/463842236808276/messages": context deadline exceeded (Client.Timeout exceeded while awaiting headers)
2025/05/10 10:41:54 Erro ao enviar: Post "https://graph.facebook.com/v22.0/463842236808276/messages": context deadline exceeded (Client.Timeout exceeded while awaiting headers)
2025/05/10 10:41:54 Erro ao enviar: Post "https://graph.facebook.com/v22.0/463842236808276/messages": context deadline exceeded (Client.Timeout exceeded while awaiting headers)
2025/05/10 10:41:57 Erro 400: 
2025/05/10 10:41:57 Erro ao enviar: Post "https://graph.facebook.com/v22.0/463842236808276/messages": context deadline exceeded (Client.Timeout exceeded while awaiting headers)
2025/05/10 10:41:57 Erro 400: 
2025/05/10 10:41:57 Erro ao enviar: Post "https://graph.facebook.com/v22.0/463842236808276/messages": context deadline exceeded (Client.Timeout exceeded while awaiting headers)
2025/05/10 10:41:57 Erro 400: 
2025/05/10 10:41:57 Erro ao enviar: Post "https://graph.facebook.com/v22.0/463842236808276/messages": context deadline exceeded (Client.Timeout exceeded while awaiting headers)
2025/05/10 10:41:57 Erro 400: 
2025/05/10 10:41:57 Erro 400: 
2025/05/10 10:41:57 Erro ao enviar: Post "https://graph.facebook.com/v22.0/463842236808276/messages": context deadline exceeded (Client.Timeout exceeded while awaiting headers)
2025/05/10 10:41:57 Erro ao enviar: Post "https://graph.facebook.com/v22.0/463842236808276/messages": context deadline exceeded (Client.Timeout exceeded while awaiting headers)
2025/05/10 10:41:57 Erro ao enviar: Post "https://graph.facebook.com/v22.0/463842236808276/messages": context deadline exceeded (Client.Timeout exceeded while awaiting headers)
2025/05/10 10:41:57 Erro 400: 
2025/05/10 10:41:57 Erro 400: 
2025/05/10 10:41:57 Erro 400: 
2025/05/10 10:41:57 Erro 400: 
2025/05/10 10:41:57 Erro ao enviar: Post "https://graph.facebook.com/v22.0/463842236808276/messages": context deadline exceeded (Client.Timeout exceeded while awaiting headers)
2025/05/10 10:41:57 Erro ao enviar: Post "https://graph.facebook.com/v22.0/463842236808276/messages": context deadline exceeded (Client.Timeout exceeded while awaiting headers)
2025/05/10 10:41:57 Erro ao enviar: Post "https://graph.facebook.com/v22.0/463842236808276/messages": context deadline exceeded (Client.Timeout exceeded while awaiting headers)
2025/05/10 10:41:57 Erro ao enviar: Post "https://graph.facebook.com/v22.0/463842236808276/messages": context deadline exceeded (Client.Timeout exceeded while awaiting headers)
2025/05/10 10:41:57 Erro ao enviar: Post "https://graph.facebook.com/v22.0/463842236808276/messages": context deadline exceeded (Client.Timeout exceeded while awaiting headers)
2025/05/10 10:41:57 Erro ao enviar: Post "https://graph.facebook.com/v22.0/463842236808276/messages": context deadline exceeded (Client.Timeout exceeded while awaiting headers)
2025/05/10 10:41:59 Erro ao enviar: Post "https://graph.facebook.com/v22.0/463842236808276/messages": context deadline exceeded (Client.Timeout exceeded while awaiting headers)
2025/05/10 10:42:01 Erro ao enviar: Post "https://graph.facebook.com/v22.0/463842236808276/messages": context deadline exceeded (Client.Timeout exceeded while awaiting headers)
2025/05/10 10:42:01 Erro ao enviar: Post "https://graph.facebook.com/v22.0/463842236808276/messages": context deadline exceeded (Client.Timeout exceeded while awaiting headers)
2025/05/10 10:42:01 Erro ao enviar: Post "https://graph.facebook.com/v22.0/463842236808276/messages": context deadline exceeded (Client.Timeout exceeded while awaiting headers)
2025/05/10 10:42:01 Erro ao enviar: Post "https://graph.facebook.com/v22.0/463842236808276/messages": context deadline exceeded (Client.Timeout exceeded while awaiting headers)
2025/05/10 10:42:01 Erro ao enviar: Post "https://graph.facebook.com/v22.0/463842236808276/messages": context deadline exceeded (Client.Timeout exceeded while awaiting headers)
2025/05/10 10:42:01 Erro 400: {"error":{"message":"(#132015) Template is temporarily unavailable to use because it was paused due to low quality.","type":"OAuthException","code":132015,"error_data":{"messaging_product":"whatsapp","details":"template name (transacional_mes_mae) is paused"},"fbtrace_id":"A8QR8NNEALRPfuckOX3qjc_"}}
2025/05/10 10:42:04 Erro 400: 
2025/05/10 10:42:04 Erro 400: 
2025/05/10 10:42:04 Erro 400: 
2025/05/10 10:42:04 Erro 400: 
2025/05/10 10:42:04 Erro 400: 
2025/05/10 10:42:04 Erro 400: 
2025/05/10 10:42:04 Erro 400: 
2025/05/10 10:42:04 Erro 400: 
2025/05/10 10:42:04 Erro 400: 
2025/05/10 10:42:04 Erro 400: 
2025/05/10 10:42:04 Erro 400: 
2025/05/10 10:42:04 Erro ao enviar: Post "https://graph.facebook.com/v22.0/463842236808276/messages": context deadline exceeded (Client.Timeout exceeded while awaiting headers)
2025/05/10 10:42:04 Erro 400: 
2025/05/10 10:42:04 Erro ao enviar: Post "https://graph.facebook.com/v22.0/463842236808276/messages": context deadline exceeded (Client.Timeout exceeded while awaiting headers)
2025/05/10 10:42:05 Erro ao enviar: Post "https://graph.facebook.com/v22.0/463842236808276/messages": context deadline exceeded (Client.Timeout exceeded while awaiting headers)
2025/05/10 10:42:05 Erro ao enviar: Post "https://graph.facebook.com/v22.0/463842236808276/messages": context deadline exceeded (Client.Timeout exceeded while awaiting headers)
2025/05/10 10:42:05 Erro ao enviar: Post "https://graph.facebook.com/v22.0/463842236808276/messages": context deadline exceeded (Client.Timeout exceeded while awaiting headers)
2025/05/10 10:42:05 Erro 400: 
2025/05/10 10:42:06 Erro 400: {"error":{"message":"(#132015) Template is temporarily unavailable to use because it was paused due to low quality.","type":"OAuthException","code":132015,"error_data":{"messaging_product":"whatsapp","details":"template name (transacional_mes_mae) is paused"},"fbtrace_id":"AC7dFU5eprnw10H6hC1W4aL"}}
2025/05/10 10:42:06 Erro 400: {"error":{"message":"(#132015) Template is temporarily unavailable to use because it was paused due to low quality.","type":"OAuthException","code":132015,"error_data":{"messaging_product":"whatsapp","details":"template name (transacional_mes_mae) is paused"},"fbtrace_id":"AryZHBBROFa6dZVgrUT-Rcw"}}
2025/05/10 10:42:06 Erro 400: {"error":{"message":"(#132015) Template is temporarily unavailable to use because it was paused due to low quality.","type":"OAuthException","code":132015,"error_data":{"messaging_product":"whatsapp","details":"template name (transacional_mes_mae) is paused"},"fbtrace_id":"ATdMe3XDjRKortqc0usO9xD"}}
2025/05/10 10:42:06 Erro 400: {"error":{"message":"(#132015) Template is temporarily unavailable to use because it was paused due to low quality.","type":"OAuthException","code":132015,"error_data":{"messaging_product":"whatsapp","details":"template name (transacional_mes_mae) is paused"},"fbtrace_id":"A13NVzw9G9l_9tbuZKQcGm6"}}
