09:07:46 | 19992864222 | RENOVABE-5001426 | Rafael Henrique Silva De Almeida
09:10:03 | 11962240470 | RENOVABE-5009972 | Katia Pacheco de Oliveira
09:10:03 | 11947226612 | RENOVABE-5019358 | Mariane da Silva Santana
09:10:03 | 19988371477 | RENOVABE-5013064 | Márcia Maria Cabral Cunha
09:10:03 | 14991211310 | RENOVABE-5011428 | Renato José de souza
09:10:03 | 11940664124 | RENOVABE-5015847 | Patrícia Ribeiro Vaz
09:10:03 | 15997763744 | RENOVABE-5011367 | Cláudia Priscila Pires
09:10:03 | 11986387007 | RENOVABE-5010788 | Lucineide Marina da silva
09:10:03 | 11948499514 | RENOVABE-5013012 | Marleide Gomes da Silva Santos
09:10:03 | 15988444787 | RENOVABE-5019388 | Elisabete Marques De Gregoriis
09:10:03 | 11964153221 | RENOVABE-5010898 | Gilvania Alcântara Rodrigues
09:10:03 | 11954864072 | RENOVABE-5016490 | Cristina Gelado Amorim
09:10:03 | 11971748908 | RENOVABE-5010979 | Lúcia Herrera De Matos
09:10:03 | 14998006181 | RENOVABE-5010293 | Flavia Cristina Ribeiro
09:10:03 | 11965367133 | RENOVABE-5019384 | Keu Ribeiro
09:10:03 | 15996647110 | RENOVABE-5012728 | Inara Rodrigues Santos Nakamura
09:10:03 | 11979624325 | RENOVABE-5018835 | Raquel Cristiane Souza moreira
09:10:03 | 14998804318 | RENOVABE-5010803 | Larissa Fernanda Corteze
09:10:03 | 11952014765 | RENOVABE-5018746 | Silvia Regina dos Santos
09:10:03 | 11952987384 | RENOVABE-5019369 | Patrícia Regina Bernardo
09:10:03 | 19995768947 | RENOVABE-5012683 | Erika barbosa
09:10:03 | 11942394448 | RENOVABE-5015935 | Silvia Paiva
09:10:04 | 19988141163 | RENOVABE-5017931 | Zenilda Dias de Sousa Silva
09:10:04 | 11963617811 | RENOVABE-5019835 | Simone Mendes Braga
09:10:04 | 11994416595 | RENOVABE-5019467 | Bruna Amorim
09:10:04 | 18996184204 | RENOVABE-5013046 | Graziele Rodrigues Pereira
09:10:04 | 11954507915 | RENOVABE-5019429 | Ana Cláudia Machado Miranda
09:10:04 | 19981423907 | RENOVABE-5020216 | Luzinete da Silva Simões
09:10:04 | 16988571525 | VINDI-381429187 | Igor Gomes
09:10:04 | 19992502670 | RENOVABE-5014243 | Silvani Goncalves Santana de Almeida
09:10:04 | 14996341200 | RENOVABE-5020569 | Rosivani rosa silva
09:10:04 | 11999772180 | RENOVABE-5017797 | Priscila Moraes Campelo Aquilino
09:10:04 | 11983522897 | RENOVABE-5015546 | Rodrigo Musico
09:10:04 | 16998741500 | VINDI-383549111 | maria rezende
09:10:04 | 18997021626 | RENOVABE-5020003 | Selma Cristina Mendes
09:10:04 | 11959829755 | RENOVABE-5014318 | Pedro Henrique Mascarenhas Barreto
09:10:04 | 19999746268 | RENOVABE-5016138 | Maria Alice Ricardo da Silva
09:10:04 | 11956768632 | RENOVABE-5017573 | NATHALIA CAROOLINE DE GODOY VIEIRA
09:10:04 | 19981579941 | RENOVABE-5014091 | Kátia Lino
09:10:04 | 11964384250 | RENOVABE-5018843 | Maria mironeide da Silva Martins
09:10:04 | 11962934254 | RENOVABE-5014854 | Rosecleyde araujo
09:10:04 | 11974369231 | RENOVABE-5017723 | Debora f de Camargo Oliveira
09:10:04 | 11995228343 | RENOVABE-5015621 | MADALENA FARIA NOGUEIRA
09:10:04 | 11993071954 | RENOVABE-5014635 | Manuela Berlanga
09:10:04 | 11983082808 | RENOVABE-5016828 | Lia Raicher
09:10:04 | 11950878351 | RENOVABE-5015723 | Samara Maria Cardoso
09:10:04 | 11916098836 | RENOVABE-5016104 | Carolina de Carvalho Suzano
09:10:04 | 11987730140 | RENOVABE-5019065 | Laís dos Santos
09:10:04 | 16997727033 | RENOVABE-5015191 | Gabriela Bruno Genaro
09:10:04 | 11995494314 | RENOVABE-5015050 | Tamara Bueno de Oliveira
09:10:04 | 61982090937 | RENOVABE-5011282 | Miriam da Silva Feitosa
09:10:04 | 11962108056 | RENOVABE-5013069 | Maria Jose Bento Pereira Cassiano
09:10:04 | 11981358688 | RENOVABE-5019101 | Fabiana de Araújo torres
09:10:04 | 11991513288 | RENOVABE-5015997 | Neusa Carvalho Atoji
09:10:04 | 11984649484 | RENOVABE-5012223 | Ligia Cristina Cardoso
09:10:04 | 15996614183 | RENOVABE-5013312 | Josineide Silva Figueiredo
09:10:04 | 16994245249 | RENOVABE-5015529 | Dailza Rodrigues
09:10:05 | 11976999962 | RENOVABE-5013965 | Rachel Fabiano Torres
09:10:05 | 11998584808 | RENOVABE-5013093 | Denise Richetti
09:10:05 | 18997546180 | RENOVABE-5020692 | Tânia Molina Catirce
09:10:05 | 16998475214 | VINDI-383539289 | maria paes
09:10:05 | 19983579982 | RENOVABE-5010992 | Andre Aparecido Magalhaes
09:10:05 | 16996012301 | VINDI-383839756 | paulo gomes
09:10:05 | 11960595185 | RENOVABE-5020723 | Joelma de Souza Queiroz
09:10:05 | 11957136801 | RENOVABE-5018690 | Tais Souza Meira
09:10:05 | 11934665364 | RENOVABE-5019172 | Silmata de Oliveira Fricelli
09:10:05 | 21995308230 | RENOVABE-5011084 | Jose Augusto Grandim de Lima
09:10:05 | 11984119307 | RENOVABE-5012000 | Cibele Aparecida Pimenta
09:10:05 | 11967800687 | RENOVABE-5020215 | Valdira Alves dos santos
09:10:05 | 19992093124 | RENOVABE-5018220 | Priscila Ramos Gonçalves
09:10:05 | 11932134733 | RENOVABE-5015217 | Jadson Costa do Nascimento
09:10:05 | 16998750001 | VINDI-383840750 | monica souza
09:10:05 | 11967074535 | RENOVABE-5020837 | Claudinete Pereira da Silva
09:10:05 | 19992694630 | RENOVABE-5013661 | Kátia Regina Basteli dos Santos
09:10:05 | 16997021540 | VINDI-383840423 | roberto zsiga
09:10:05 | 11966174921 | RENOVABE-5018363 | JULIANA FATIMA SILVA FREITAS
09:10:05 | 17981361819 | RENOVABE-5015673 | Rita de Cássia Nogueira
09:10:05 | 11985537098 | RENOVABE-5020306 | Maria de Lourdes da Silva Fernandes
09:10:05 | 11993805449 | RENOVABE-5017921 | Ana Paula Ferreira Sousa
09:10:05 | 11980242243 | RENOVABE-5015959 | Carla Cristina Marques de Almeida
09:10:05 | 11999615683 | RENOVABE-5019815 | Sônia zitnick
09:10:05 | 11995497302 | RENOVABE-5014989 | Maria Edjane Soares da Silva
09:10:05 | 16988566716 | RENOVABE-5014422 | Marta Pereira da Silva Santana
09:10:06 | 11977340989 | RENOVABE-5012413 | Kelly Cristina Barbosa Sampaio
09:10:06 | 11948200890 | RENOVABE-5016456 | ALEXIA CARVALHO VILELA
09:10:06 | 11957924916 | RENOVABE-5016423 | Erika Fava Rodrigues
09:10:06 | 14996349896 | RENOVABE-5016533 | AMANDA CRESCENTI BUDOIA
09:10:06 | 11993270031 | RENOVABE-5014621 | Aline Machado de Souza
09:10:06 | 11997692440 | RENOVABE-5012649 | Marizelda Perrone
09:10:06 | 15991384718 | RENOVABE-5018403 | Cláudia Nunes de Mani
09:10:06 | 11971219737 | RENOVABE-5014531 | Maria Aparecida Pereira de Oliveira
09:10:06 | 11959513722 | RENOVABE-5019315 | Thamires Machado Ferreira Garcia
09:10:06 | 18997922173 | RENOVABE-5014135 | Paula Fochi de Alencar
09:10:06 | 11993585233 | RENOVABE-5019313 | Erica de Souza napolitano
09:10:06 | 19996234758 | RENOVABE-5014400 | Teresa Cristina Camilotti
09:10:06 | 11940478916 | RENOVABE-5015640 | Carmosina Gomes da Silva
09:10:06 | 11995274051 | RENOVABE-5015502 | Maria Celeste Moreira sobrinho pinto
09:10:06 | 11941221088 | RENOVABE-5014679 | Clézia Cleide Andrade
09:10:06 | 19999251717 | RENOVABE-5019329 | Edilaine Lourenço dos Santos
09:10:06 | 11941403226 | RENOVABE-5014906 | Elaine Cristina Zanetti
09:10:06 | 11980369192 | RENOVABE-5013868 | Miriam denigres
09:10:06 | 11975931323 | RENOVABE-5015490 | Karen Silva Faviano
09:10:06 | 14998785508 | RENOVABE-5018351 | Josiane Aparecida de Oliveira
09:10:06 | 17992847347 | RENOVABE-5014167 | Valéria marques
09:10:06 | 11986253565 | RENOVABE-5013945 | Sueli keiko chirosi fujii
09:10:06 | 12991863596 | RENOVABE-5017946 | Regiane Pereira Nogueira
09:10:06 | 11940396240 | RENOVABE-5014598 | Glaucia matos
09:10:06 | 18981446428 | RENOVABE-5015133 | José Roberto Moreno Branquinho
09:10:06 | 11971308580 | RENOVABE-5014755 | CLERISMAR SILVA JARDIM
09:10:06 | 17996163871 | RENOVABE-5016310 | Micheli da Silva Santana de Jesus
09:10:06 | 11975691521 | RENOVABE-5013375 | Fabiana da Silva
09:10:06 | 11981254071 | RENOVABE-5015697 | Maria A Sgansela
09:10:07 | 79999225910 | RENOVABE-5014310 | Adriano de Oliveira Araújo
09:10:07 | 11999261832 | RENOVABE-5016274 | Cristiane Sena Amaral de Oliveira
09:10:07 | 11975120914 | RENOVABE-5017609 | Jeanne Magela Soares
09:10:07 | 16991062098 | RENOVABE-5013589 | Luana inacio prata Tardoche
09:10:07 | 13991866345 | RENOVABE-5013908 | Aline dos Santos Sant’ana
09:10:07 | 11984434839 | RENOVABE-5014008 | Valéria Santos Perrucci
09:10:07 | 11995523229 | RENOVABE-5011497 | Marlene Fontanelli Ronqui
09:10:07 | 11988694376 | RENOVABE-5015700 | Lais Fernanda Paes da Silva
09:10:07 | 18997540477 | RENOVABE-5016771 | Magda Trevisan
09:10:07 | 19989259737 | RENOVABE-5017776 | Jullya Pereira da Silva
09:10:07 | 11949815565 | RENOVABE-5016316 | CAROLINE FERNANDA MENDANHA ARAUJO
09:10:07 | 11972252439 | RENOVABE-5016128 | Adriana Mercedes Cardoso Ramos Martins
09:10:07 | 11978467050 | RENOVABE-5014352 | Luciene Rodrigues Lima
09:10:07 | 11999311930 | RENOVABE-5013840 | Ana Maria D F Loma
09:10:07 | 14996812831 | RENOVABE-5014447 | Alessandra Aguiar Siqueira Feminino de gois
09:10:07 | 13981757343 | RENOVABE-5014947 | Carlos Roberto Alves Ferreira
09:10:07 | 15997207907 | RENOVABE-5014927 | Camila freitas
09:10:07 | 19984476345 | RENOVABE-5017762 | LUANA TORRES CHITA
09:10:07 | 16996468846 | RENOVABE-5018193 | Eliane Pereira Rodrigues
09:10:07 | 16981252775 | RENOVABE-5015325 | CARLOS ROBERTO DA SILVA CORRÊA
09:10:07 | 14996106012 | RENOVABE-5014154 | Eliana Aparecida Gobbi
09:10:07 | 11980415278 | RENOVABE-5013983 | Alessandra Bezerra de Oliveira
09:10:07 | 11979743500 | RENOVABE-5014026 | Kelly Cristina Meirelles da Silva
09:10:07 | 19996663558 | RENOVABE-5017828 | Aparecido Felipe Rodrigues 
09:10:07 | 12988288563 | RENOVABE-5013904 | Eliane Rocha de Assis
09:10:07 | 11998926434 | RENOVABE-5011759 | TELMA APARECIDA MONCAYO CORREA
09:10:07 | 13996212143 | RENOVABE-5015879 | Rutineia Oliveira da Silva
09:10:07 | 11953986571 | RENOVABE-5017741 | Karina Chaves Layana
09:10:07 | 18996708191 | RENOVABE-5012054 | Cibele Torres Feitosa Tonhon
09:10:08 | 19998894771 | RENOVABE-5011087 | Ione maria Martins nascimento
09:10:08 | 11930232079 | RENOVABE-5017932 | Maria Rodrigues
09:10:08 | 11987197294 | RENOVABE-5011222 | Maria Rizoneide Floriano
09:10:08 | 16988574869 | VINDI-381427974 | Leticia f s hayashi
09:10:08 | 19996352485 | RENOVABE-5019539 | Geanes Dias Alves
09:10:08 | 11959985112 | RENOVABE-5017386 | Nahiara Alves dos Santos
09:10:08 | 11977031363 | RENOVABE-5013929 | Plínio César Ferreira dos Santos
09:10:08 | 17988137359 | RENOVABE-5014241 | Nerrie kadri
09:10:08 | 11985304873 | RENOVABE-5017011 | Francisco Augusto de carvalho filho
09:10:08 | 14996449222 | RENOVABE-5017955 | ROSILEI COSTA Alves Alves
09:10:08 | 19996884648 | RENOVABE-5018859 | Renata salviato
09:10:08 | 11932898913 | RENOVABE-5018958 | Maria Ivaneide Nogueira
09:10:08 | 12997378981 | RENOVABE-5016970 | Antônia Rodrigues da Silva
09:10:08 | 11962924200 | RENOVABE-5016847 | Vanessa Queiroz do Nascimento
09:10:08 | 11982016285 | RENOVABE-5019751 | Simone Dias de Souza
09:10:08 | 11998909100 | RENOVABE-5018245 | Kemily Rodrigues Santana Dos Santos
09:10:08 | 16992663869 | RENOVABE-5016885 | Juliana Cristina Emilio
09:10:08 | 11954943284 | RENOVABE-5017818 | ISADORA NOGUEIRA DE MELO
09:10:08 | 13991367360 | RENOVABE-5016567 | Suzete k Conde
09:10:08 | 19996850861 | VINDI-383834055 | Jessica Barbosa da Rocha Matiello
09:10:08 | 13974112296 | RENOVABE-5016740 | Andressa Moura
09:10:08 | 14981969347 | RENOVABE-5020755 | Aline Wagner Tomazela
09:10:08 | 11982041772 | RENOVABE-5010321 | Giordana Gironi Castagna
09:10:08 | 11945667435 | RENOVABE-5011411 | Maria de Aquino Santana
09:10:08 | 11992084734 | RENOVABE-5015599 | MIRIAN MANSANO DA SILVA
09:10:08 | 11954682516 | RENOVABE-5010657 | Glaucia Nogueira Santos
09:10:08 | 11961616414 | RENOVABE-5013160 | Leandra de Araújo Menghini
09:10:09 | 16998546712 | VINDI-383539575 | nadja lima
09:10:09 | 11958220308 | RENOVABE-5010667 | Fabio Oliveira
09:10:09 | 14997751152 | RENOVABE-5018342 | Antonio Carlos de Oliveira
09:10:09 | 11974259169 | RENOVABE-5019456 | Rosemeire aparecida Vasconcelos
09:10:09 | 15998466758 | RENOVABE-5019355 | Amanda santos moraes
09:10:09 | 11991290538 | RENOVABE-5011151 | Jamila Amélia Virgínia Alves
09:10:09 | 11954683104 | RENOVABE-5012651 | Vanessa Felipe da Silva
09:10:09 | 14998658218 | RENOVABE-5010783 | Ivaldina Genilda de Toledo Finez
09:10:09 | 11932233145 | RENOVABE-5017553 | Tania Maria Ribeiro
09:10:09 | 11969385524 | RENOVABE-5012786 | Rodrigo Ribeiro
09:10:09 | 11963066555 | RENOVABE-5013135 | Helena Mesquita Gonçalves Barros
09:10:09 | 11990110505 | RENOVABE-5019461 | ALDALEIA MARIA BORGES DA ROSA
09:10:09 | 11973875222 | VINDI-383620235 | TASSIA CRISTINA REBOLO MARTINS
09:10:09 | 11958684066 | RENOVABE-5019049 | Juliana Rocha da Silva
09:10:09 | 12981259716 | RENOVABE-5015598 | Margarete Carlos
09:10:09 | 11982882418 | RENOVABE-5019726 | Margareth Gonzalez
09:10:09 | 13997760707 | RENOVABE-5019772 | Priscila Jasesque de França Vieira
09:10:09 | 14998969143 | RENOVABE-5019816 | Pâmela Bruna do Nascimento
09:10:09 | 15996890880 | RENOVABE-5012249 | Fabia Santos macedo
09:10:09 | 11980282402 | RENOVABE-5015164 | ANA  SILVA
09:10:09 | 11987343375 | RENOVABE-5015575 | Daniel de Amorim Gimenez
09:10:09 | 11965039613 | RENOVABE-5011524 | Mirene Sousa
09:10:09 | 11994830362 | RENOVABE-5016163 | Vanessa Inês Pereira
09:10:09 | 11965215182 | RENOVABE-5012770 | Adriana Gomez
09:10:09 | 11960351077 | RENOVABE-5014099 | Amanda Aparecida Campos Lopes sena
09:10:09 | 11962967149 | RENOVABE-5016464 | Juliana Lopes Moura
09:10:09 | 11957405111 | RENOVABE-5018049 | Tatiana Silva
09:10:09 | 11944558129 | VINDI-380767203 | Regiane Aparecida Barboza
09:10:09 | 11986127884 | RENOVABE-5014841 | GREGORI GOMES FERNANDES VIEIRA
09:10:09 | 11986128424 | RENOVABE-5017158 | Jaqueline Rosa
09:10:09 | 16988574521 | VINDI-381426116 | Maria mendes
09:10:10 | 16992081793 | RENOVABE-5013399 | Angela Patrocínio Chrisostomo
09:10:10 | 11982223505 | RENOVABE-5014550 | Vanessa Menezes
09:10:10 | 19995786467 | RENOVABE-5020364 | Marta martins
09:10:10 | 19991869614 | RENOVABE-5020421 | Rosemari Moisés Marcomini
09:10:10 | 16996645504 | VINDI-383817385 | maria rezende
09:10:10 | 11984331164 | RENOVABE-5016222 | Priscila Villas Boas
09:10:10 | 11968916436 | RENOVABE-5012182 | TELMA CRISTINA S. SANTOS
09:10:10 | 15996342260 | RENOVABE-5011105 | Má Bonfim
09:10:10 | 12988463314 | RENOVABE-5012173 | Nikeli Soares
09:10:10 | 19983444470 | RENOVABE-5011130 | Ane Grasiela da Silva
09:10:10 | 11969372418 | RENOVABE-5012983 | Adriane Fortes
09:10:10 | 19992142122 | RENOVABE-5017266 | Simone Nogueira Marcondes
09:10:10 | 11981777333 | VINDI-383503922 | DANIELA MORRONE DE SOUZA
09:10:10 | 19987346741 | RENOVABE-5012465 | Pedro Moreira Rocha
09:10:10 | 11959937588 | RENOVABE-5018434 | SANDRA MARIA DOS SANTOS
09:10:10 | 13996324546 | RENOVABE-5018102 | Cristina Cratiu Santos
09:10:10 | 11995790869 | RENOVABE-5012988 | Carla Marques Guimaraes
09:10:10 | 11975868290 | RENOVABE-5010707 | Ana Teresa Ralston
09:10:10 | 11991155334 | RENOVABE-5012759 | Roberta pinho corbett Figueiredo cunha
09:10:10 | 11989139865 | RENOVABE-5011440 | ELIETE S SANTOS
09:10:10 | 16997014519 | RENOVABE-5011902 | Valdineia Lima dos Santos
09:10:10 | 11970930105 | RENOVABE-5012412 | Ana Paula da Silva Souza
09:10:10 | 11961046912 | RENOVABE-5013121 | Maria Rodrigues da Silva
09:10:10 | 18997846858 | RENOVABE-5018391 | Alexandra Gomes de Oliveira
09:10:10 | 11997658462 | RENOVABE-5017873 | Ana Maldonado
09:10:10 | 12997170594 | RENOVABE-5011042 | carmen oliveira
09:10:10 | 19999260879 | RENOVABE-5020098 | Elaine Maria do Carmo Cavalli Rodrigues Silva
09:10:11 | 16997121265 | VINDI-383546309 | maria felix
09:10:11 | 16994111050 | VINDI-383549307 | marcos giunti
09:10:11 | 11948118324 | RENOVABE-5015254 | Suelen Sabrina Alves de Godoi Silva
09:10:11 | 17991654028 | RENOVABE-5015761 | Luceli de Oliveira
09:10:11 | 11984186217 | RENOVABE-5015460 | Daiana David
09:10:11 | 17996602611 | RENOVABE-5016322 | Silviane de Araujo
09:10:11 | 11999986644 | RENOVABE-5014820 | Aliane Ibiapina
09:10:11 | 11975958665 | RENOVABE-5014364 | Aline Bueno
09:10:11 | 11957041858 | RENOVABE-5019131 | Francimar Ferreira do nascimento
09:10:11 | 11981213919 | RENOVABE-5017620 | ELIVÂNIA LIMA DE MOURA
09:10:11 | 11999052791 | RENOVABE-5014593 | Valéria Pedreno Ribeiro
09:10:11 | 13991066301 | RENOVABE-5014506 | Márcia Fernanda Andrade Gomes
09:10:11 | 11987882167 | RENOVABE-5012462 | Francisco Wildo A.Torquato
09:10:11 | 11958626341 | RENOVABE-5012466 | Rosimeres da Silva Ricardo Gonçalves
09:10:11 | 11985500627 | RENOVABE-5010265 | Roziney dos Santos Rocha
09:10:11 | 11950767134 | RENOVABE-5013831 | Thalia Mendonça
09:10:11 | 11971335120 | RENOVABE-5016540 | Jaise Della Mea
09:10:11 | 11961633171 | RENOVABE-5016784 | Dora Oliveira
09:10:11 | 11976440949 | RENOVABE-5018289 | Lucas Alves de Mendonça Chiaratto
09:10:11 | 19991233140 | RENOVABE-5020533 | DANIELA REGINA DA SILVA
09:10:11 | 16999982594 | RENOVABE-5020708 | Lays Lorena Cintra
09:10:11 | 11972823798 | RENOVABE-5013568 | Elizabete Jorge Monteiro
09:10:11 | 19996137484 | VINDI-383830037 | Tatiani Matana Oliveira
09:10:11 | 11979998175 | RENOVABE-5013914 | Marcia Cunha
09:10:11 | 11998631150 | RENOVABE-5019241 | Patricia Redondo
09:10:11 | 17992012247 | RENOVABE-5015279 | Luzimeire Perpetua de Almeida
09:10:11 | 21987155042 | RENOVABE-5011089 | Edaiany Geila Barros
09:10:11 | 11971417561 | RENOVABE-5012513 | Angelina Costa
09:10:11 | 19981837732 | RENOVABE-5011649 | Michele Minzon
09:10:11 | 11962209702 | RENOVABE-5014275 | Luciene Jesus
09:10:11 | 16996325001 | VINDI-383840122 | nathielle koschnik
09:10:12 | 19988661307 | RENOVABE-5016723 | Fabiana Rocha de Oliveira
09:10:12 | 11964426042 | RENOVABE-5011161 | Débora Comitre
09:10:12 | 11971355978 | RENOVABE-5018284 | Lucilene C silva
09:10:12 | 16996015104 | VINDI-383841999 | adeilson santos
09:10:12 | 16996021540 | VINDI-383843423 | fernanda nayara
09:10:12 | 16998548404 | VINDI-383843652 | yasmin silva
09:10:12 | 13996139037 | RENOVABE-5020462 | Leandro Laurentino da Silva 
09:10:12 | 16995462656 | VINDI-383843164 | ana paula
09:10:12 | 16996444512 | VINDI-383544732 | sonia novais
09:10:12 | 11999573238 | RENOVABE-5014448 | Nilton Pedace
09:10:12 | 11964222023 | RENOVABE-5011189 | Valéria de Carvalho sousa
09:10:12 | 16988574826 | VINDI-382931752 | Lucy da Silva sombra
09:10:12 | 11966526637 | RENOVABE-5010333 | Jane Aparecida de Oliveira Rocha
09:10:12 | 11941579177 | RENOVABE-5012238 | Silvia Cabral
09:10:12 | 11972299456 | RENOVABE-5015406 | Miriam Saffi Koch Souza
09:10:12 | 19974032942 | RENOVABE-5013938 | Joelma Francisca leal
09:10:12 | 11945720877 | RENOVABE-5014595 | Erica Maria da Silva
09:10:12 | 11995567193 | RENOVABE-5013775 | Adriana Domingues de Souza
09:10:12 | 12982754736 | RENOVABE-5014404 | Rogeria da silva
09:10:12 | 15997676204 | RENOVABE-5013471 | Maria Lucia Mussi Hanser
09:10:12 | 19997988129 | RENOVABE-5014330 | Andreia Gomes
09:10:12 | 11987496195 | RENOVABE-5017907 | Selma R de Sousa
09:10:12 | 11987278996 | RENOVABE-5014504 | Alan pereira Ramos
09:10:12 | 11986148089 | RENOVABE-5019343 | Carolina Hamanda de Souza
09:10:12 | 17981359148 | RENOVABE-5019273 | Carina Trida
09:10:12 | 11970122835 | RENOVABE-5015088 | SHEILA LIANG SILVA FAN
09:10:12 | 12981932258 | RENOVABE-5014710 | ELIANA FRANCISCA DOS SANTOS
09:10:12 | 16997654231 | VINDI-381091156 | maribel rios
09:10:12 | 19991998603 | RENOVABE-5015691 | Ana Paula S V Fantoni
09:10:12 | 11981776000 | RENOVABE-5014735 | Maria de Fátima s Souza
09:10:13 | 11992243502 | RENOVABE-5018489 | Edilma Fernandes Monteiro
09:10:13 | 15996483292 | RENOVABE-5015356 | Guilherme Valério Antônio
09:10:13 | 16991452634 | VINDI-383543723 | rosana silva
09:10:13 | 11958588544 | RENOVABE-5013306 | Wiviane Guimaraes
09:10:13 | 19987091454 | RENOVABE-5016011 | Rosicleia Lima
09:10:13 | 13996668685 | RENOVABE-5012263 | Thais brito Serafim
09:10:13 | 19991715574 | RENOVABE-5013927 | Rosângela Martins de Lira
09:10:13 | 16988574526 | VINDI-381425302 | Jose Lima
09:10:13 | 11960645659 | RENOVABE-5016388 | Alexandre Suzanna de jesus
09:10:13 | 11996475064 | RENOVABE-5019659 | Edna Machado
09:10:13 | 11978256455 | RENOVABE-5015687 | Maria Márcia da Silva
09:10:13 | 14996665236 | RENOVABE-5013875 | SAMIRA TEREZINHA ZEDAN
09:10:13 | 13997643218 | RENOVABE-5011126 | Viviane Rodrigues Rocha
09:10:13 | 14981462800 | RENOVABE-5014382 | Amanda Rafaela Vicente Ximenes Campache
09:10:13 | 11995652567 | RENOVABE-5015756 | Patricia Castellano
09:10:13 | 11967991812 | RENOVABE-5016372 | Verônica de Moura Gomes
09:10:13 | 11958204344 | RENOVABE-5015561 | VALDOMIRA Azevedo de Lima
09:10:13 | 11987488550 | RENOVABE-5014417 | Sivalda Cardoso Galvão
09:10:13 | 19992091789 | RENOVABE-5015595 | Solange de Jesus Blasi Maldonado
09:10:13 | 11987410946 | RENOVABE-5017088 | Rogério Santos Santana
09:10:13 | 11997030091 | RENOVABE-5017286 | Silvia Rosa
09:10:13 | 11999975797 | RENOVABE-5014110 | Paulo Roberto de Albuquerque roncada
09:10:13 | 12996337832 | RENOVABE-5014438 | Elaine Cristina Martins Borges
09:10:13 | 19992231829 | RENOVABE-5013994 | Daniela Vendemiatti
09:10:13 | 17981384110 | RENOVABE-5014265 | Fabiola Cibele Minari
09:10:13 | 11983698822 | RENOVABE-5010957 | Jacqueline Nogueira Bento
09:10:13 | 19994848790 | RENOVABE-5017998 | Bruna Nunes Ribeiro Lima
09:10:14 | 13981016155 | VINDI-378134060 | Ray Oliveira
09:10:14 | 19991666558 | RENOVABE-5020042 | Cleusa Splendorelli
09:10:14 | 11991397638 | RENOVABE-5008664 | Paula Fernandes Araujo
09:10:14 | 31984028429 | RENOVABE-5015952 | Joelma Lira
09:10:14 | 11982639083 | RENOVABE-5019964 | NEUZA MARIA FERNANDES MORAIS
09:10:14 | 11974979102 | VINDI-383139751 | Alice Santana do prado
09:10:14 | 12988066066 | RENOVABE-5015123 | Silvana Silva
09:10:14 | 18981292780 | RENOVABE-5014594 | ADRIANA SHIZUKA UEMURA
09:10:14 | 16997640653 | RENOVABE-5014902 | Lucineia da Fonseca rego
09:10:14 | 11999632832 | RENOVABE-5013379 | Carla Relitz viel
09:10:14 | 11984718663 | RENOVABE-5014548 | Ana Paula Soares da Silva
09:10:14 | 11998222453 | RENOVABE-5017520 | Maria de Fatima Cipriano
09:10:14 | 15991558373 | RENOVABE-5014253 | Silvia Fracislaine Camargo Pires
09:10:14 | 69981083914 | RENOVABE-5017537 | Marinalva P Silva Tofanello
09:10:14 | 19983942041 | RENOVABE-5015306 | Karina Rodrigues Yagi
09:10:14 | 11999657260 | RENOVABE-5018085 | Márcia Donatti Zanetti
09:10:14 | 19994832098 | RENOVABE-5015171 | Solange Pavanello
09:10:14 | 11971341347 | RENOVABE-5015095 | Adriana Mendes Ribeiro
09:10:14 | 13991264582 | RENOVABE-5016098 | Andrea Ryna zillo
09:10:14 | 11971452894 | RENOVABE-5018460 | Andre mendes
09:10:14 | 13981466937 | RENOVABE-5014781 | Juliana  Assis  Brasil
09:10:14 | 11966931671 | RENOVABE-5010575 | Célia da Silva Vieira de Sá
09:10:14 | 19999885625 | VINDI-378432113 | Elaine Salibe
09:10:14 | 11992525201 | RENOVABE-5016753 | Milena Fonseca
09:10:14 | 19991212132 | RENOVABE-5014649 | Flavia Helena Algarves de Magalhães
09:10:14 | 11983783371 | RENOVABE-5011563 | Viviane Rossatto
09:10:14 | 11958659136 | RENOVABE-5010960 | Fernanda Silva
09:10:14 | 19991352165 | RENOVABE-5011525 | Angelita de Souza Barbosa
09:10:14 | 19998239995 | RENOVABE-5011155 | Rosa Helena coutinho
09:10:14 | 11986492078 | RENOVABE-5012323 | Divonete do Nascimento Valentim
09:10:14 | 16992953044 | VINDI-383692447 | Ilsa Maria Martins
09:10:14 | 11942799151 | RENOVABE-5017939 | Claudia Francisca da Silva
09:10:15 | 13974065543 | RENOVABE-5017618 | Ana paula sampaio bezerra
09:10:15 | 19997750447 | RENOVABE-5013824 | Fabiana Cristina Pires
09:10:15 | 93991236117 | RENOVABE-5008703 | Aldenira Sá ferreira
09:10:15 | 11920024013 | RENOVABE-5017192 | Marisa Lourençato
09:10:15 | 11991305652 | RENOVABE-5016449 | Thays Paula Lopes Custódio Narciso
09:10:15 | 11954062130 | RENOVABE-5014717 | Vilma Batista de Oliveira
09:10:15 | 16996322001 | RENOVABE-5019749 | Rita de Cassia da Silva
09:10:15 | 15991326226 | RENOVABE-5018908 | Maria Lúcia Stevaux Guariglia
09:10:15 | 11914308469 | RENOVABE-5018914 | Angela Gloe Dizioli
09:10:15 | 12991451028 | RENOVABE-5018329 | Elizabeth braga
09:10:15 | 11971712246 | RENOVABE-5016499 | Eliane Chikusa Cordeiro
09:10:15 | 19992448751 | RENOVABE-5018925 | Maria A D Pistillo
09:10:15 | 19997093933 | RENOVABE-5017703 | Janaína cássia pereira dos santos
09:10:15 | 11962505802 | RENOVABE-5013386 | Eliana pereira Matias da cruz
09:10:15 | 12981423014 | RENOVABE-5010108 | Luciana Maria Nogueira
09:10:15 | 13981142581 | RENOVABE-5018920 | Thaís dos Santos Rodrigues
09:10:15 | 11981120795 | RENOVABE-5015782 | Antonia dos Reis carvalho
09:10:15 | 11979748728 | RENOVABE-5012041 | Jacqueline dos Santos Generoso Faustino
09:10:15 | 19997124822 | RENOVABE-5016527 | Regiane Lorena
09:10:15 | 11998110904 | RENOVABE-5010661 | Haretha Regina Trevisol
09:10:15 | 19998613342 | RENOVABE-5010451 | Marcilene Dias Lima
09:10:15 | 12992012710 | RENOVABE-5012509 | Juliana Campos
09:10:15 | 16997665986 | VINDI-383545487 | ellen brito
09:10:15 | 11973197294 | RENOVABE-5012262 | Sandra Cardoso
09:10:15 | 11957797553 | RENOVABE-5019366 | Juliana Ramos Dias
09:10:15 | 18981026689 | RENOVABE-5012322 | Luciana Rodrigues da Silva
09:10:16 | 11974547214 | RENOVABE-5019381 | FERNANDA PAULA MARIANO VENANCIO
09:10:16 | 11959527170 | RENOVABE-5019801 | Simone Francisca  Cezar Manhani
09:10:16 | 11982625754 | RENOVABE-5019409 | Maíra Oliveira Martins
09:10:16 | 11976887851 | RENOVABE-5019004 | Luana Ramos Martires
09:10:16 | 19981154393 | RENOVABE-5019039 | Ana Cristina Menezes Francisco Defente
09:10:16 | 11987737331 | VINDI-376944598 | Danielle Albuquerque
09:10:16 | 11968622225 | RENOVABE-5014706 | Celina Julie Ferreira Pissó
09:10:16 | 16999875550 | RENOVABE-5020645 | Valéria Furtado
09:10:16 | 11981626185 | RENOVABE-5020590 | Simone Aparecida de Sousa
09:10:16 | 11989029141 | VINDI-383614170 | ANDREA AZEVEDO DOS SANTOS
09:10:16 | 17991979678 | RENOVABE-5020355 | Michele Patrícia da Silva Pereira
09:10:16 | 11951573629 | VINDI-383778264 | Vanessa Aparecida de Carvalho
09:10:16 | 11998554636 | RENOVABE-5020640 | RAQUEL DA SILVA
09:10:16 | 19991866114 | RENOVABE-5013104 | Sílvia de Oliveira Dorta
09:10:16 | 41991080347 | RENOVABE-5013268 | Caroline Pugsley Gouvêa
09:10:16 | 19995053767 | RENOVABE-5015046 | Alexsandra Roberta Vilella
09:10:16 | 11962331330 | RENOVABE-5020502 | Marta Cláudia Araújo Cavalcanti
09:10:16 | 11999444780 | RENOVABE-5011962 | Silvia Helena Fonseca Santos
09:10:16 | 11949102502 | RENOVABE-5012367 | Mônica Guedes
09:10:16 | 16982382519 | RENOVABE-5012387 | Kledja da Silva Lima
09:10:16 | 11982336888 | RENOVABE-5017297 | Paula fumie Hide
09:10:16 | 15997228366 | RENOVABE-5013206 | Elis Lucia Diniz de Souza
09:10:16 | 64992867434 | RENOVABE-5016491 | Camilla Andrade de Oliveira
09:10:16 | 19988056480 | RENOVABE-5010980 | Eliana Gonçalves de Sousa
09:10:16 | 11949369705 | RENOVABE-5012603 | Viviane Santos
09:10:16 | 17981085852 | RENOVABE-5018889 | Daniela Cristina Silva Cruz
09:10:16 | 11987651514 | RENOVABE-5014342 | Joilda soares dos Santos leite
09:10:16 | 11956047230 | RENOVABE-5017374 | Ana Paula Muraro Varela
09:10:16 | 11982129841 | RENOVABE-5019978 | ISETE MARIA VIEIRA MARTINS
09:10:16 | 11953524000 | RENOVABE-5016228 | Márcia Martinello Barbarian
09:10:16 | 16981559444 | RENOVABE-5014139 | Cássio Pereira Honda
09:10:17 | 11997143571 | RENOVABE-5014115 | João Roberto Baptista Escudeiro
09:10:17 | 16994277481 | VINDI-383559546 | Sonia Regina Gomes
09:10:17 | 11992400675 | RENOVABE-5014632 | Priscila Gusson Gomes
09:10:17 | 11973800101 | RENOVABE-5014185 | Ana Cecília Pescarini Gallo
09:10:17 | 11957140843 | RENOVABE-5015750 | Adriana maria da silva
09:10:17 | 19981280289 | RENOVABE-5012432 | JACQUELINE PAOLLA CARDOSO FERREIRA CORREA
09:10:17 | 19997970804 | RENOVABE-5015102 | Maria Isabel de Moraes de Oliveira
09:10:17 | 13996302898 | RENOVABE-5012009 | Michelly Santos melo
09:10:17 | 11954483221 | RENOVABE-5015081 | Francisca Daiana Oliveira
09:10:17 | 11985624864 | RENOVABE-5016934 | Cristina Souza e Silva
09:10:17 | 11956922727 | RENOVABE-5014802 | Geniselma Silva Santos
09:10:17 | 14997915192 | RENOVABE-5018408 | Dayane Paixao Hokama
09:10:17 | 19991479571 | RENOVABE-5019169 | Simone dos Santos Barbosa Costa
09:10:17 | 11949437933 | RENOVABE-5016476 | Josi Oliveira
09:10:17 | 11950648454 | RENOVABE-5020731 | Simone Inês Jonas
09:10:17 | 11980842103 | RENOVABE-5019240 | Salete M Niitsuma
09:10:17 | 19995579694 | VINDI-383568103 | ANDREZA DE PAULA CASTRO
09:10:17 | 15981827458 | RENOVABE-5010891 | Fabiana Garcia de godoy
09:10:17 | 19988801211 | RENOVABE-5019238 | Dulcinea Cruz Pereira
09:10:17 | 11962910021 | RENOVABE-5015636 | Eunice Neia Coelho de Lima
09:10:17 | 11954040122 | RENOVABE-5015317 | Elisângela Domingos da Silva
09:10:17 | 19992422980 | RENOVABE-5016940 | Adriane Lima
09:10:17 | 19991993248 | RENOVABE-5014080 | Edna Márcia Rodrigues Brunetto
09:10:17 | 16997443369 | RENOVABE-5017501 | Graziele Alves
09:10:17 | 11996384250 | RENOVABE-5011326 | Claudia M Mouzinho
09:10:17 | 11984924677 | RENOVABE-5020847 | Sônia Giglio Cardozo
09:10:17 | 12988574215 | RENOVABE-5018543 | Cemilda Gomes da Silva Coimbra
09:10:17 | 11982086464 | RENOVABE-5015999 | Leilany Carvalho Matsuo
09:10:18 | 12991357462 | RENOVABE-5014188 | Suzete Aparecida Ferreira Santos
09:10:18 | 11996888882 | RENOVABE-5020456 | Sibele Castilho Gonçalves Manetta
09:10:18 | 16981209606 | RENOVABE-5015770 | Kaua roberto carneiro
09:10:18 | 14996146194 | RENOVABE-5018751 | Thais Fernanda Tabanez Miranda
09:10:18 | 19983363240 | RENOVABE-5016759 | Cristina Alves De Jesus
09:10:18 | 11997150493 | RENOVABE-5011409 | Andreia de oliveira
09:10:18 | 11961666100 | RENOVABE-5013337 | Carla Oliveira
09:10:18 | 19994073456 | RENOVABE-5013225 | Jéssica Freitas
09:10:18 | 19997882788 | RENOVABE-5012315 | Karina Benati Corrêa
09:10:18 | 11958956538 | RENOVABE-5012576 | Marcelo Ferreira Cossa
09:10:18 | 19989632648 | RENOVABE-5011843 | Débora Ribeiro Coelho
09:10:18 | 16988381547 | RENOVABE-5014174 | Santana Azeredo Rocha
09:10:18 | 11980535593 | RENOVABE-5013586 | Maria Angela de Freitas Rodrigues
09:10:18 | 11959108359 | RENOVABE-5013751 | Geane Chagas Sousa
09:10:18 | 19992721329 | RENOVABE-5015209 | Luciana loiola pereira
09:10:18 | 11996597761 | RENOVABE-5016448 | Aline de Souza Santana
09:10:18 | 12991931074 | RENOVABE-5015465 | Josélia de Souza lima
09:10:18 | 11975363120 | RENOVABE-5014997 | Leoneide Leal de Carvalho
09:10:18 | 14997778344 | RENOVABE-5013967 | Luiz Claudio da Silva
09:10:18 | 19988484256 | RENOVABE-5016068 | Tamarys Alingueri Dias
09:10:18 | 11992287577 | RENOVABE-5014825 | Juliana Pereira Iazzette
09:10:18 | 11969661444 | RENOVABE-5016108 | Rosângela Ribeiro Borges Gimenes
09:10:18 | 19983284046 | RENOVABE-5015769 | Simone Aparecida Vicente da rocha
09:10:18 | 11975301710 | RENOVABE-5014666 | Patricia Josefa Pereira do vale
09:10:18 | 11972361427 | RENOVABE-5014332 | PATRICIA PEIXOTO MONTEIRO
09:10:18 | 18997903790 | RENOVABE-5015535 | Ruth Soares dos Santos
09:10:18 | 11983029689 | RENOVABE-5016446 | Ana Paula
09:10:18 | 11981248587 | RENOVABE-5015549 | Francisca Araújo Silva
09:10:18 | 11943523787 | RENOVABE-5012024 | Ana Lucia Oliveira
09:10:18 | 11996537251 | RENOVABE-5014661 | Marta Farias Lima
09:10:19 | 11991599162 | RENOVABE-5010078 | Eliana da Silva dos Santos
09:10:19 | 15997704055 | RENOVABE-5011094 | Simone Pinto
09:10:19 | 12988994227 | RENOVABE-5014467 | Sueli Souto tavares
09:10:19 | 11980344157 | RENOVABE-5017500 | Lucimara de Oliveira Mendonça
09:10:19 | 19999590443 | RENOVABE-5015930 | Cleia Pereira Rosa
09:10:19 | 11984026514 | RENOVABE-5011561 | Plinio rodrigues
09:10:19 | 11963249924 | RENOVABE-5016196 | Laís Ramalho da Silva
09:10:19 | 11996225776 | RENOVABE-5016905 | Caroline Magalhães Costa
09:10:19 | 12981142578 | RENOVABE-5014936 | Kayke Ribeiro
09:10:19 | 11959922728 | VINDI-378170898 | Soraia Aparecida Escoura
09:10:19 | 11961247967 | RENOVABE-5014618 | Maria De Fatima Gloria Almeida
09:10:19 | 12997128624 | RENOVABE-5014794 | Sivany Maria de Oliveira
09:10:19 | 12991718956 | RENOVABE-5019795 | Rosana Dias Nunes
09:10:19 | 17991023616 | RENOVABE-5014062 | Tamiris Tatiana Avi
09:10:19 | 11989661933 | RENOVABE-5014673 | Vanessa C.M. Labate
09:10:19 | 11959579431 | RENOVABE-5015223 | zelia lucia Ferreira grigorio
09:10:19 | 11996950706 | RENOVABE-5015544 | Glaucia Maria Dias
09:10:19 | 19993025454 | RENOVABE-5016257 | Liane Rodrigues Gomes
09:10:19 | 11982351772 | RENOVABE-5015505 | Tatiana Arcas Santa Rosa
09:10:19 | 11980253122 | RENOVABE-5015364 | Luzivania Vilar de Araújo lima
09:10:19 | 19992059887 | RENOVABE-5013816 | Renata Valente
09:10:19 | 16996191300 | RENOVABE-5017678 | Camila Teresa Rodrigues Beck
09:10:19 | 11968012155 | RENOVABE-5016297 | Paula Feher Furlan
09:10:19 | 11964107326 | RENOVABE-5014996 | Solange Alves Rodrigues
09:10:19 | 44991111234 | RENOVABE-5014502 | Renata Novo Pimenta
09:10:19 | 11992045789 | RENOVABE-5015054 | Silvia Teixeira
09:10:19 | 11980343898 | RENOVABE-5014171 | Liliane Gonçalves de Araújo
09:10:19 | 14996425824 | RENOVABE-5019971 | Danielly Cristina de Castro Leopoldino
09:10:19 | 11971639873 | RENOVABE-5019803 | MARIA FABIANA FUJIMOTO FELONT DA SILVA
09:10:19 | 19981639155 | VINDI-383748204 | Ana Valeria Fernandes Pereira Dorigan
09:10:20 | 19983207312 | RENOVABE-5016326 | Eliana Fernandes
09:10:20 | 11953062733 | RENOVABE-5013912 | Fernanda Alves da Silva
09:10:20 | 14998932712 | RENOVABE-5020045 | VALERIA FERREIRA
09:10:20 | 11974070634 | RENOVABE-5015592 | Fabiana C Conceição
09:10:20 | 11943600706 | RENOVABE-5014546 | Leia Thais Terra Xavier Celestino
09:10:20 | 11991883451 | RENOVABE-5015403 | Beatriz A A Cardoso
09:10:20 | 19992759783 | RENOVABE-5015798 | Andresa Bigoto Melim Machado
09:10:20 | 19981581331 | VINDI-383380396 | Nadia Chaves Santana Couto
09:10:20 | 11983113050 | RENOVABE-5016520 | Marina Rosa Souza
09:10:20 | 11981323763 | VINDI-383320833 | Juliana gomes de almeida
09:10:20 | 11975412671 | RENOVABE-5011797 | Alessandra M. S. Gomes
09:10:20 | 11983851879 | RENOVABE-5014326 | Sandra flores da Silva Oliveira
09:10:20 | 11999072133 | RENOVABE-5014617 | Carla zicati
09:10:20 | 11943122354 | VINDI-380522468 | Kelly Aline Yocota
09:10:20 | 15997575859 | RENOVABE-5017889 | viviane lara de oliveira
09:10:20 | 18997296362 | RENOVABE-5010801 | Sabrina Godoy
09:10:20 | 13988763234 | RENOVABE-5012996 | Verônica Costa
09:10:20 | 11993489488 | RENOVABE-5015152 | Viviane Klein
09:10:20 | 13992038628 | RENOVABE-5017910 | Laura Lima virgilio
09:10:20 | 19997557664 | RENOVABE-5012116 | Danielle Barbosa Vieira leite
09:10:20 | 11996980393 | RENOVABE-5018554 | Izolda Ramos de Lima
09:10:20 | 19983144427 | RENOVABE-5010489 | Thays Carvalho
09:10:20 | 11958068394 | RENOVABE-5013331 | Antonia Mendes da Silva
09:10:20 | 19988029007 | RENOVABE-5016837 | Sueli Alves dos Santos Santana
09:10:20 | 11954769476 | RENOVABE-5016230 | María do Carmo pereira de Bozano
09:10:20 | 19997818001 | RENOVABE-5015665 | Monica Giordani
09:10:20 | 17991110352 | RENOVABE-5016836 | Elsa Maria Rechi Vilela Sucena
09:10:20 | 12981463149 | RENOVABE-5016564 | Gislaine Routulo
09:10:20 | 11940814176 | VINDI-382819562 | Angela Paganini
09:10:21 | 13988209438 | RENOVABE-5016843 | Melissa Guimarães Menezes
09:10:21 | 19993332302 | RENOVABE-5014260 | Adriane Dias Guedes
09:10:21 | 12992046123 | RENOVABE-5011593 | Silvia Teresinha
09:10:21 | 11999314165 | RENOVABE-5010111 | Luiz Antonio De Matos Bomke
09:10:21 | 11963772517 | RENOVABE-5011693 | Maria Luciene da Silva de Mello
09:10:21 | 19974125150 | RENOVABE-5014744 | Grazielle lage de Morais
09:10:21 | 19993482669 | RENOVABE-5011062 | NOEL CARNEIRO DO NASCIMENTO
09:10:21 | 16996005063 | VINDI-383839151 | mauro lira
09:10:21 | 11986129907 | RENOVABE-5012624 | Karla Rocha Pimentel
09:10:21 | 16998547123 | VINDI-383539816 | barabara dais
09:10:21 | 11964308333 | VINDI-380361227 | Anailda stangari
09:10:21 | 16991887964 | RENOVABE-5011401 | Luciana Zerbetto Fenili
09:10:21 | 11994755314 | RENOVABE-5011558 | Maite Eliza Japequino Gutierrez Gonçalves
09:10:21 | 16997365685 | VINDI-383545012 | sandra cabral
09:10:21 | 11967928446 | RENOVABE-5017817 | Ana Nonato
09:10:21 | 16994656598 | VINDI-383545283 | genis souza
09:10:21 | 14996103020 | RENOVABE-5019468 | Regiane Mendes Lopes
09:10:21 | 11998380976 | VINDI-383776652 | Hanalry Diniz
09:10:21 | 19993836703 | RENOVABE-5019831 | Sandra Andrade Silva
09:10:21 | 11983531595 | RENOVABE-5015755 | Alexsandra Silva Freitas
09:10:21 | 11994021186 | RENOVABE-5019735 | Aysha dos Santos Saraiva
09:10:21 | 44991526222 | RENOVABE-5018782 | Paula Caroline Sobreira Revesso
09:10:21 | 16988754216 | VINDI-383809485 | MARIA
09:10:21 | 16997030542 | RENOVABE-5020319 | Maria do Carmo Suares Lima
09:10:21 | 11982729154 | RENOVABE-5019827 | Luciane Gomes
09:10:21 | 19996426326 | RENOVABE-5020410 | Rita Sims
09:10:21 | 11989627171 | RENOVABE-5011019 | Josileide Ferreira da Silva
09:10:21 | 11995669044 | RENOVABE-5020376 | Joice Sousa de Paula Mendes
09:10:21 | 11978041603 | RENOVABE-5011408 | Maria de Fatima Inacio da Silva
09:10:21 | 11971337770 | RENOVABE-5010003 | Sandra Elizia de Oliveira
09:10:22 | 11988896821 | RENOVABE-5012155 | Claudeci Cedraz
09:10:22 | 19998824301 | RENOVABE-5010357 | Rosana Costa
09:10:22 | 11949609836 | RENOVABE-5011469 | Claudia Maria Mendes Quirino Dias
09:10:22 | 11989604821 | RENOVABE-5017731 | Daiane Pacheco
09:10:22 | 16997556583 | RENOVABE-5011509 | Fernando Lopes
09:10:22 | 11967910764 | RENOVABE-5011798 | Edneide Floriano dos Santos
09:10:22 | 11991754374 | RENOVABE-5011123 | Maria Isabel Lopes
09:10:22 | 19983020256 | RENOVABE-5010573 | Deborah Renata Barbosa Caetano
09:10:22 | 19991458496 | RENOVABE-5012234 | Lilian Rosa Frezarin
09:10:22 | 19988936202 | RENOVABE-5012641 | Kelly de Sousa Bezerra
09:10:22 | 11946653795 | RENOVABE-5012980 | Maria de Lourdes Correia
09:10:22 | 11996626117 | RENOVABE-5011141 | Neiva Miranda de Melo
09:10:22 | 16991969343 | RENOVABE-5012554 | Julia Cristina Carvalho Bonilha da Cruz
09:10:22 | 19981385089 | RENOVABE-5017651 | Marjorie Ramos Candido
09:10:22 | 19993894897 | RENOVABE-5009958 | Georgette Caleff Alves de Melo
09:10:22 | 11973675637 | RENOVABE-5011804 | Girlangela campos de sousa
09:10:22 | 11977251438 | RENOVABE-5018411 | Jaianne Farias
09:10:22 | 11970794554 | RENOVABE-5016538 | José Carlos Gomes
09:10:22 | 11995008922 | RENOVABE-5020153 | Ana de Paula Vieira
09:10:22 | 16992252007 | RENOVABE-5020097 | gabriela dima zanetti
09:10:22 | 15996022139 | RENOVABE-5018827 | Muriloa ffonso da Silva
09:10:22 | 16996545054 | VINDI-383549652 | matheus souza
09:10:22 | 16992095906 | VINDI-383550263 | Patricia Aparecida de Souza
09:10:22 | 11985208232 | RENOVABE-5020130 | Maria José Carvalho de Abreu
09:10:22 | 11973789660 | RENOVABE-5013823 | Cristina Aparecida de Brito Dilascio
09:10:22 | 11999540081 | RENOVABE-5013763 | Karla Meira
09:10:22 | 12982005698 | RENOVABE-5013800 | Giselia Maciel
09:10:22 | 11999569925 | RENOVABE-5013396 | Rogério Gomes Falcão
09:10:22 | 11992016453 | RENOVABE-5014408 | Fabio Souza
09:10:23 | 11999997619 | RENOVABE-5017419 | Kelly Keyte
09:10:23 | 11981340553 | RENOVABE-5014183 | Débora Felix da Silva
09:10:23 | 16981173984 | RENOVABE-5015277 | Regina Cristina Meloni de Camargo
09:10:23 | 19997150158 | RENOVABE-5016391 | Rosana Francisco
09:10:23 | 19994896656 | RENOVABE-5016763 | Patricia Silva Schumaher
09:10:23 | 22998399657 | RENOVABE-5019055 | Sandra Ferreira Faria Tavares
09:10:23 | 16993143014 | RENOVABE-5016736 | Angela  Santos
09:10:23 | 14996348795 | RENOVABE-5017177 | Nathalia Hipólito Cardoso
09:10:23 | 11964021159 | RENOVABE-5011067 | Eni Pereira Leite
09:10:23 | 11991845394 | RENOVABE-5014068 | Marilia Camile Vieira Leite
09:10:23 | 12996111116 | RENOVABE-5015422 | Daniela batista da Silva Rodrigues
09:10:23 | 11985360641 | RENOVABE-5019165 | Fabiola de Oliveira guido
09:10:23 | 19993875378 | RENOVABE-49741977 | Cláudia Maria Gonçalves
09:10:23 | 12996097610 | RENOVABE-5016537 | Marisa zolli
09:10:23 | 11967272467 | RENOVABE-5014861 | Deby Mendes
09:10:23 | 13997109542 | RENOVABE-5015532 | ROSELI SANTOS DE ALMEIDA
09:10:23 | 15996428383 | RENOVABE-5020292 | Thais Elizane da rosa Vieira
09:10:23 | 11952068119 | RENOVABE-5018203 | Fatima Angila Novaes da Silva
09:10:23 | 14997494485 | RENOVABE-5015132 | Adriana Fernandes
09:10:23 | 11996666784 | RENOVABE-5018595 | Michele Campos
09:10:23 | 11981249216 | RENOVABE-5015114 | Wesley Duarte
09:10:23 | 15991548053 | RENOVABE-5018400 | Eliana padilha caruso
09:10:23 | 11985536496 | RENOVABE-5014329 | Maria J da Silva
09:10:23 | 11948861332 | RENOVABE-5014728 | Joelma da Silva
09:10:23 | 11985660207 | RENOVABE-5017958 | Ana Paula Gregório
09:10:23 | 15996004847 | RENOVABE-5020479 | Kellen Oliveira
09:10:23 | 19987468353 | RENOVABE-5014736 | Tatiane Cristina de Matos
09:10:24 | 11981766375 | RENOVABE-5012563 | Marinalva Alves Borges
09:10:24 | 11917470090 | RENOVABE-5019328 | Sônia Maria sizino do Prado Pinheiro
09:10:24 | 11992388272 | RENOVABE-5016318 | AIRTON TADEU QUIROLLI
09:10:24 | 15997430226 | RENOVABE-5015144 | Cristiane se Oliveira Lima
09:10:24 | 14997623359 | RENOVABE-5015032 | Priscila Rabelo de Souza
09:10:24 | 17996125216 | RENOVABE-5019330 | Renata Custódio binati
09:10:24 | 11985603763 | RENOVABE-5016035 | Vânia Maria dos Santos kakishita
09:10:24 | 16997446931 | RENOVABE-5015008 | Simone Gomes De Oliveira
09:10:24 | 18998244530 | RENOVABE-5015584 | RENATA kelly Figueiredo marini
09:10:24 | 15998045810 | RENOVABE-5014805 | Maria Nazareth Marques
09:10:24 | 11995321619 | RENOVABE-5014050 | Erika Scalisse Ferreira
09:10:24 | 13991043569 | RENOVABE-5015456 | Vilmar de lima Ferreira
09:10:24 | 11932448529 | RENOVABE-5015497 | Alzira Maria Aparecida Domingues
09:10:24 | 11969645623 | RENOVABE-5014850 | RENATA PIETRO MOTTA
09:10:24 | 11947382722 | RENOVABE-5014147 | luciane macedo oliveira de souza
09:10:24 | 19991626244 | RENOVABE-5014223 | Mariangela Pelegrini
09:10:24 | 11991486630 | RENOVABE-5014613 | Luciana Sousa
09:10:24 | 11999403043 | RENOVABE-5010943 | Danieli Verônica Longo Benedetti
09:10:24 | 18997643629 | RENOVABE-5013578 | Mariza Aparecida de Oliveira Novaes
09:10:24 | 19987654592 | RENOVABE-5013614 | Claudinei da Silva
09:10:24 | 11942081013 | VINDI-383451527 | Jaqueline Moreira Alves
09:10:24 | 11937577725 | RENOVABE-5016427 | Renata Araujo dos Santos
09:10:24 | 16988574215 | VINDI-381424593 | Jose r de Lima
09:10:24 | 19989356038 | VINDI-383413916 | Nadia Conceicao Ferreira dos Santos
09:10:24 | 11971954912 | RENOVABE-5015994 | Sônia Maria Campanholo
09:10:24 | 11999772325 | RENOVABE-5019824 | Ivã Hanashiro
09:10:24 | 19997676424 | RENOVABE-5015618 | Aline Bernardinelli
09:10:24 | 19998418120 | RENOVABE-5011453 | Celina Ferreira Vallim de Castro
09:10:24 | 11989704380 | RENOVABE-5016291 | Aurea Moura Timotheo
09:10:25 | 11993925933 | RENOVABE-5016008 | Rosinei Paiva
09:10:25 | 16988407443 | RENOVABE-5014796 | Dayane Priscila carniel dos Santos
09:10:25 | 11959141138 | RENOVABE-5014423 | Lucineide Henrique cruz
09:10:25 | 11999966754 | RENOVABE-5014150 | Maria da Cruz de Oliveira
09:10:25 | 11998834605 | RENOVABE-5017567 | Denise Candido Soares
09:10:25 | 11996613756 | RENOVABE-5018700 | Maria Cecília Guastella de Freitas
09:10:25 | 11976445711 | RENOVABE-5010629 | Maria das Graças ferreira da Silva
09:10:25 | 11972959206 | RENOVABE-5015098 | Isabel Pereira dos Santos
09:10:25 | 11969494326 | RENOVABE-5016290 | Rosana Ap pereira da silva
09:10:25 | 11952276996 | RENOVABE-5016062 | Joana Francisca Cardoso souza
09:10:25 | 12988203666 | RENOVABE-5014380 | Ana CArolina P Bittencourt
09:10:25 | 89994500535 | RENOVABE-5016330 | Maria do Perpetuo Socorro Santos Vale
09:10:25 | 13997109913 | RENOVABE-5015208 | Mariana Rodrigues
09:10:25 | 19991173587 | RENOVABE-5016334 | Ludmila Lazzarini Moreira
09:10:25 | 11965647143 | RENOVABE-5015012 | Silvanir de oliveira
09:10:25 | 11992676895 | RENOVABE-5011006 | Ednalva Alves Gomes
09:10:25 | 11981589535 | RENOVABE-5016283 | Marcelo Mellone
09:10:25 | 12988433515 | VINDI-383730109 | Silvani Mourao Paiva
09:10:25 | 11965559005 | VINDI-383754562 | Eliane Severino de Macedo
09:10:25 | 11986219144 | RENOVABE-5011311 | Vinicius Costa
09:10:25 | 11958249451 | RENOVABE-5018174 | Solange Alves De Jesus
09:10:25 | 19982613089 | RENOVABE-5020038 | Maristela Gidaro
09:10:25 | 47996707192 | RENOVABE-5019646 | Elisangela de Campos de Bittencourt
09:10:25 | 19995613403 | RENOVABE-5020074 | Ivanilda AP Severino calçado
09:10:25 | 11995360945 | RENOVABE-5014900 | Neife Fayez Jalloul
09:10:25 | 11963626528 | VINDI-382747594 | Jocerlane Alves
09:10:25 | 11954458156 | RENOVABE-5016158 | Maria da Consolação Almeida Alves
09:10:25 | 11975147323 | RENOVABE-5013841 | Mariane de Cássia chagas
09:10:25 | 11960978503 | RENOVABE-5014451 | Elisangela França Fonsceca
09:10:25 | 11991488583 | RENOVABE-5014416 | ileine Machado
09:10:26 | 11930534304 | RENOVABE-5014237 | Alexandra Maria Dos Santos Feitoza
09:10:26 | 11983948251 | RENOVABE-5016033 | SHARLENE NERES DE SOUZA
09:10:26 | 11993165335 | RENOVABE-5014938 | Laura marques
09:10:26 | 11967731675 | RENOVABE-5016081 | Sônia Maria Rodrigues
09:10:26 | 11953662926 | RENOVABE-5014219 | Carla de Oliveira Bibiano
09:10:26 | 16997548632 | VINDI-383541004 | genilda luciano
09:10:26 | 11997841687 | RENOVABE-5014268 | Percília França
09:10:26 | 11972727581 | RENOVABE-5016954 | Ivani Magalhães
09:10:26 | 11984681172 | RENOVABE-5017190 | lilian costa
09:10:26 | 11951672649 | RENOVABE-5015540 | Magali Gimenez
09:10:26 | 11951773196 | RENOVABE-5011996 | Edilene Ferreira de Menezes Lira
09:10:26 | 19988588094 | RENOVABE-5016550 | Josineide Valença
09:10:26 | 11982418176 | RENOVABE-5014127 | Warley Faria
09:10:26 | 19981759425 | RENOVABE-5012824 | Zelia Raquel Costa
09:10:26 | 19987506847 | RENOVABE-5015349 | Edione Noel dos Reis Pereira
09:10:26 | 19999769970 | RENOVABE-5015971 | Raquel Ribeiro
09:10:26 | 16991990120 | RENOVABE-5013854 | Fabiana da Silva soares
09:10:26 | 15996700062 | RENOVABE-5016016 | Fernanda wincler
09:10:26 | 15997786442 | RENOVABE-5011201 | Ligia Cristina Ferreira do Nascimento
09:10:26 | 11993640011 | RENOVABE-5010955 | Maria Sônia Patrício de Almeida
09:10:26 | 13981068802 | RENOVABE-5015586 | Ketlyn Mendes Barreiro Ribas Soares
09:10:26 | 13998067519 | RENOVABE-5013939 | Raquel Cristina Vieira de Carvalho
09:10:26 | 11974413814 | RENOVABE-5018304 | Odete Bueno
09:10:26 | 11934258126 | RENOVABE-5017635 | Lindinete de Jesus Oliveira
09:10:26 | 13974059835 | RENOVABE-5014803 | Ana Paula Pinheiro de Saboia
09:10:26 | 16991000365 | VINDI-383549840 | octavio junior
09:10:27 | 11991753298 | RENOVABE-5010818 | MARTA REGIA NOGUEIRA VIEIRA
09:10:27 | 19997392699 | RENOVABE-5014393 | Eliene Fagundes da Rocha
09:10:27 | 11983501715 | RENOVABE-5018431 | Elisabete da Silva Souza
09:10:27 | 19999960506 | RENOVABE-5011802 | Sandra Regina Ramos moller
09:10:27 | 19992589899 | RENOVABE-5017055 | Elaine Cristine Moreira Pereira
09:10:27 | 11961387642 | RENOVABE-5016767 | Edinalva pereira da Silva
09:10:27 | 11942404678 | RENOVABE-5014681 | Nádia Kelly de Souza Brito
09:10:27 | 12982702987 | RENOVABE-5017534 | Milca Galdino da Silva
09:10:27 | 16992464745 | RENOVABE-5012486 | Vanessa Amaral
09:10:27 | 19992169914 | RENOVABE-5012588 | Brenda Paganotti
09:10:27 | 13988753473 | RENOVABE-5017592 | Cristina Ferreira Souza Silva
09:10:27 | 11994050462 | RENOVABE-5017781 | Samanta de Moraes
09:10:27 | 11963546300 | RENOVABE-5011037 | Amanda França
09:10:27 | 19974182246 | RENOVABE-5018358 | Cristina Ferreira
09:10:27 | 16998546256 | VINDI-383540150 | elcimara timoteo
09:10:27 | 11984637344 | RENOVABE-5016486 | Claudia Regina Sousa Oliveira
09:10:27 | 11983010201 | RENOVABE-5011725 | Roberta Mannon Ganev
09:10:27 | 15991345736 | RENOVABE-5011514 | ZILDA APARECIDA SERRANO CANNO
09:10:27 | 14997428998 | RENOVABE-5011764 | Ana claudia teodoro da Silva
09:10:27 | 19998543991 | VINDI-379363430 | Edna Rosa
09:10:27 | 19987018880 | RENOVABE-5019400 | Romacxa Noelza Franco Veloso Assis
09:10:27 | 19994155766 | RENOVABE-5012458 | Cristiane Piaia Ortega
09:10:27 | 18996555369 | RENOVABE-5019394 | Claudete Baliero de Ponte
09:10:27 | 19992670727 | RENOVABE-5012193 | Grace Cardinali
09:10:27 | 11960750797 | RENOVABE-5019465 | Angela Aparecida da Silva
09:10:27 | 19974112266 | RENOVABE-5019427 | Mariza Massae Kimoto
09:10:27 | 11990050120 | RENOVABE-5018982 | Lígia de Oliveira Reis
09:10:27 | 16988726752 | RENOVABE-5019364 | Rosangela Brisola carrascal
09:10:27 | 11915565880 | RENOVABE-5019061 | Ilma Lúcia Rocha Conceição
09:10:27 | 14996093632 | RENOVABE-5019814 | Maria de Nazaré Batista dos Santos
09:10:27 | 19981039970 | VINDI-383616711 | Vera Lucia Pontes
09:10:28 | 16982590105 | RENOVABE-5013959 | Paula Renata Domeneghetti
09:10:28 | 11993563860 | RENOVABE-5020624 | Benedita Rosangela de Oliveira Accorsi
09:10:28 | 16996021011 | VINDI-383821964 | claudio dantas
09:10:28 | 11973192515 | RENOVABE-5020325 | Valdilene da Silva
09:10:28 | 11972540393 | RENOVABE-5019841 | Erika Deziderio
09:10:28 | 11995298409 | RENOVABE-5020586 | Suzi Martins
09:10:28 | 16991400063 | VINDI-383818189 | ricciery amaral
09:10:28 | 11980569263 | RENOVABE-5012615 | Sildineide Marques de oliveira
09:10:28 | 16988697692 | RENOVABE-5015482 | Letícia Caroline Lucindo
09:10:28 | 11981260854 | RENOVABE-5010894 | Fabiana da Cruz Filtsoff
09:10:28 | 16992968964 | RENOVABE-5010297 | Silvana Maria Piana Rodrigues
09:10:28 | 11958073055 | RENOVABE-5011674 | Josefa Silvana da Silva
09:10:28 | 16999998774 | RENOVABE-5017502 | Priscila de carvalho santos
09:10:28 | 11963711489 | RENOVABE-5011080 | Kelly ali
09:10:28 | 11942401623 | RENOVABE-5011505 | Rita Oliveira
09:10:28 | 11961362982 | RENOVABE-5013205 | Marilene Santos Souza Siqueira
09:10:28 | 11943868487 | RENOVABE-5017358 | Ana Claudia
09:10:28 | 11960162411 | RENOVABE-5018321 | Gisele Bartolucci
09:10:28 | 15997882453 | RENOVABE-5018536 | Daniela de almeida
09:10:28 | 14991069799 | RENOVABE-5017760 | Isabela Marestoni Ramos
09:10:28 | 11966672830 | RENOVABE-5013229 | Camila cavallar
09:10:28 | 18996425552 | RENOVABE-5010094 | Cleide Alves Ferreira
09:10:28 | 11933244178 | RENOVABE-5013071 | Adriane A leal
09:10:28 | 19999252384 | RENOVABE-5013070 | Nelita Costa Sousa
09:10:28 | 11962666552 | RENOVABE-5010487 | Arlete Almeida
09:10:28 | 11980432428 | RENOVABE-5012863 | Thânia Sales
09:10:28 | 11980633221 | RENOVABE-5018606 | Vanessa Macedo
09:10:28 | 11970614912 | RENOVABE-5020085 | Daniela maria Costa
09:10:28 | 11930129316 | RENOVABE-5010728 | Joselia santos de Melo Moreira
09:10:28 | 11945531952 | RENOVABE-5018806 | Alexandra suzart
09:10:29 | 11953873142 | RENOVABE-5011546 | Monica Vanessa Silva Gonçalves de Pinho
09:10:29 | 17991417722 | RENOVABE-5016085 | Maria Aparecida Pereira
09:10:29 | 19992712042 | RENOVABE-5014678 | Lucimara Evaristo miranda
09:10:29 | 11953627243 | RENOVABE-5012316 | Viviane Angélica de Sousa
09:10:29 | 13991897708 | RENOVABE-5014395 | Renata Melo Guimarães
09:10:29 | 16997328240 | RENOVABE-5014093 | Valéria Pereira da Silva
09:10:29 | 11942545453 | RENOVABE-5014434 | Priscila do nascimento oliveira
09:10:29 | 19997238117 | RENOVABE-5014602 | Sabrina da Silva Turek Meneguetti
09:10:29 | 19993701978 | RENOVABE-5014724 | Ivani Ramos Galvão Tuckmantel
09:10:29 | 19981526975 | RENOVABE-5014752 | Mariane Oliveira
09:10:29 | 15997865693 | RENOVABE-5009992 | Angela Rita Pereira Silva
09:10:29 | 11986326573 | RENOVABE-5015692 | Andreia Luciana Souza Arruda
09:10:29 | 19978046979 | RENOVABE-5016105 | Santusa Aparecida Da Silva
09:10:29 | 16996154547 | RENOVABE-5018140 | Elaine Raquel Aparecida Faria
09:10:29 | 18997221516 | RENOVABE-5015667 | Rejane Fernandes Gusmão
09:10:29 | 11963538595 | RENOVABE-5013710 | Andréia Matias
09:10:29 | 11913488144 | RENOVABE-5017414 | Patricia Aparecida Soares da Silva
09:10:29 | 11997048945 | RENOVABE-5015003 | Maria de Lourdes Moreira da Costa
09:10:29 | 11995315518 | RENOVABE-5013879 | Mayara Tauane Passos Cabral
09:10:29 | 11972995740 | VINDI-383573894 | FABIO PINTO SILVA
09:10:29 | 16994156511 | RENOVABE-5010044 | Elisabete Alves da silva
09:10:29 | 19971543418 | RENOVABE-5012298 | Susan Eiko Suzuki
09:10:29 | 11960853403 | RENOVABE-5014280 | Elizete de Carvalho dos Santos
09:10:29 | 19971597753 | RENOVABE-5014712 | Rafael Matias de Andrade
09:10:29 | 13997483893 | RENOVABE-5012307 | Taís Cristina Capozzi
09:10:29 | 19993248338 | RENOVABE-5016734 | Andyara Sassi Pavlu
09:10:29 | 12988269271 | RENOVABE-5014148 | Juliana Faustino
09:10:29 | 11982277160 | RENOVABE-5011682 | Edileusa Rodrigues Martins
09:10:30 | 16993403633 | RENOVABE-5018352 | Amanda Amâncio de Abreu Silva
09:10:30 | 16993655400 | VINDI-383842401 | adelsi graca
09:10:30 | 16991973851 | RENOVABE-5016413 | Daiane Cristina Medeiros De Sousa
09:10:30 | 19994430602 | RENOVABE-5018095 | Heykylin Thayana Zanes Oliveira
09:10:30 | 15997087407 | RENOVABE-5018264 | Evandro José Cavalheiro Santos
09:10:30 | 16995020140 | VINDI-383841111 | leandro marino
09:10:30 | 11987512853 | RENOVABE-5013766 | GILMARA Cassimira Torres
09:10:30 | 16996325841 | VINDI-383544489 | alane santos
09:10:30 | 11981042745 | VINDI-382554922 | Daniela Batista Teixeira
09:10:30 | 14996402633 | RENOVABE-5018665 | ADRIANA SCHIAVINATO
09:10:30 | 11981695266 | RENOVABE-5014669 | William Paraiso
09:10:30 | 14988151255 | RENOVABE-5020411 | Priscila Vieira Amaral dos Santos
09:10:30 | 19971008550 | RENOVABE-5018503 | JOAO BALLERONI
09:10:30 | 18981298284 | RENOVABE-5018679 | Angela Salvi
09:10:30 | 11953121319 | RENOVABE-5015035 | Edilene Angela Formaggio da silva
09:10:30 | 19991839383 | RENOVABE-5018197 | Carmem Lúcia dos Santos
09:10:30 | 11996726619 | RENOVABE-5015940 | Carolina Christofaro
09:10:30 | 11947590295 | RENOVABE-5019277 | Daniela Santana
09:10:30 | 11949780688 | RENOVABE-5012990 | Rosineide felizardo da silva 
09:10:30 | 11961269080 | RENOVABE-5013296 | Marina da Silva Elias
09:10:30 | 16997658786 | VINDI-383506953 | Josiane Figueira
09:10:30 | 11970342685 | RENOVABE-5012799 | Joelma alves de souza
09:10:30 | 11986919324 | RENOVABE-5019812 | FLÁVIA RIBEIRO VALDERRAMOS
09:10:30 | 18991025346 | RENOVABE-5019300 | Edilma Fernanda Lourenço Vieira
09:10:30 | 18996015181 | RENOVABE-5013913 | Cristiane Lebedenco
09:10:30 | 11976875082 | RENOVABE-5019334 | Érika Tanzi Shashike
09:10:30 | 18981081557 | RENOVABE-5014680 | Nayara Cristina Novais Oliveira
09:10:30 | 11948494500 | RENOVABE-5014935 | Natália Rosa
09:10:31 | 11971756773 | RENOVABE-5018574 | Maria Camila Garcia
09:10:31 | 11982798954 | RENOVABE-5014230 | Sueli Hemeterio ribeiro
09:10:31 | 11962737547 | RENOVABE-5014391 | Juneima Veloso Abreu
09:10:31 | 11945262351 | RENOVABE-5015388 | Solange da Silva Fernandes Somma
09:10:31 | 11991220945 | RENOVABE-5014886 | Luciana da Silva
09:10:31 | 14996988137 | RENOVABE-5011429 | Gislane Constancio Pereira Lima
09:10:31 | 11948478570 | RENOVABE-5017280 | Juvaneia Silva carrilho
09:10:31 | 11991819123 | RENOVABE-5017848 | Milene Baptista Fernandes
09:10:31 | 11973514383 | RENOVABE-5011152 | Rita de Cassia nascimento costa
09:10:31 | 11986202757 | VINDI-375323374 | Edna Goncalves Feijo
09:10:31 | 11991044532 | RENOVABE-5011949 | Márcia Rodrigues Serra Armani
09:10:31 | 11945511019 | RENOVABE-5014500 | Edileide sousa fernandes
09:10:31 | 19997870180 | RENOVABE-5010650 | Adelaide da Silva
09:10:31 | 11958659232 | VINDI-376119943 | Alessandra Chagas Novais
09:10:31 | 11954245654 | RENOVABE-5018487 | Jaqueline Sacerdote da Silva
09:10:31 | 21979647226 | RENOVABE-5015489 | Heloisa Helena Lima De Oliveira
09:10:31 | 15996724038 | RENOVABE-5018678 | Simone Fugulin
09:10:31 | 17991218281 | RENOVABE-5013754 | Andrea de Cássia Fonseca
09:10:31 | 16981000064 | RENOVABE-5015247 | Larissa Pa van dos Santos
09:10:31 | 13996482823 | RENOVABE-5015824 | Sara Priscila Alves
09:10:31 | 17981221682 | RENOVABE-5016229 | Larissa Cristina de Mello Ventriglia
09:10:31 | 13991530063 | RENOVABE-5015423 | Paula Bertelli Chaves dos Santos
09:10:31 | 11983574632 | RENOVABE-5019973 | Marilza Cristina de Moraes
09:10:31 | 19999342766 | RENOVABE-5018395 | Ana Lúcia
09:10:31 | 14981121738 | RENOVABE-5019532 | Ana Silvia Maranho
09:10:31 | 19971657700 | RENOVABE-5014405 | Wanusa Maria Duarte Cardoso
09:10:31 | 11967466835 | VINDI-383762807 | Ana Paula Silva
09:10:31 | 11976918366 | RENOVABE-5015576 | Lais Santos da Silva
09:10:31 | 11943241829 | RENOVABE-5019769 | Marilia De Laurentis
09:10:31 | 11941731815 | RENOVABE-5015194 | Eliane oliveira
09:10:32 | 11974617936 | RENOVABE-5020036 | Mayra Perrella Candido
09:10:32 | 12981774015 | RENOVABE-5014346 | Samira Marcondes
09:10:32 | 19982627555 | RENOVABE-5014149 | Ana de Jesus Abreu Corrêa
09:10:32 | 11980566827 | RENOVABE-5015602 | ISABELE GONCALVES DE SOUZA
09:10:32 | 12988525408 | RENOVABE-5013612 | Viviane Lima
09:10:32 | 19995564092 | RENOVABE-5014499 | Viviane Rodrigues Mendes
09:10:32 | 11980782773 | RENOVABE-5014406 | Polyana santana
09:10:32 | 14996450958 | RENOVABE-5014962 | SILVIA REGINA GARCIA
09:10:32 | 19993783949 | RENOVABE-5015463 | Vera lucia pollizello
09:10:32 | 11969550318 | RENOVABE-5015555 | Tatiany Souza Advinculo
09:10:32 | 11994881234 | RENOVABE-5014449 | Andrea A S Biagi
09:10:32 | 11982181518 | RENOVABE-5017235 | Juselia de Sousa Silva
09:10:32 | 31991533080 | RENOVABE-5016262 | Maria scotta
09:10:32 | 16991157000 | RENOVABE-5017770 | Alexandre Guedes 
09:10:32 | 11960383923 | RENOVABE-5015186 | Edilete Ferreira Dos Santos
09:10:32 | 19997259282 | RENOVABE-5014783 | Juliana Garcia de Freitas Urbano
09:10:32 | 11984741019 | RENOVABE-5013960 | Suellen Tomaz Marchini
09:10:32 | 11984284112 | RENOVABE-5013906 | Tatiana Adolfo Gonçalves
09:10:32 | 1140028622 | RENOVABE-5017820 | Marilene dos Santos Nascimento 
09:10:32 | 19992780655 | RENOVABE-5018243 | Vinicius Oliveira
09:10:32 | 11950863654 | RENOVABE-5014141 | Caroline daiane Costa althman
09:10:32 | 11986717580 | RENOVABE-5017523 | Karina de França Felix
09:10:32 | 11995314092 | RENOVABE-5011959 | Vilma dos Santos Ribeiro
09:10:32 | 11976229175 | RENOVABE-5011382 | Santana de Sousa batista nascimento
09:10:32 | 11947415764 | RENOVABE-5014807 | Elisama Gonçalves de Sousa
09:10:32 | 11974511263 | RENOVABE-5011596 | Samanda Santos
09:10:32 | 11984363738 | RENOVABE-5014123 | Miriam Lemos de Faria
09:10:32 | 11984303517 | RENOVABE-5012457 | Janaína Lima
09:10:32 | 16992421993 | VINDI-383621471 | Margarete Andrade Freitas
09:10:32 | 17992608308 | RENOVABE-5015337 | Rayana Stefany Bragiatto Pedrozo
09:10:33 | 11941272846 | RENOVABE-5018438 | Ariane de Carvalho cezarino
09:10:33 | 17997126886 | RENOVABE-5013836 | Ana Manuela Rodrigues de Souza
09:10:33 | 11951476728 | RENOVABE-5015238 | Nedja lanne lima Sampaio
09:10:33 | 19999135438 | RENOVABE-5016710 | Rosana Gomes
09:10:33 | 18991570270 | RENOVABE-5015448 | dieli ferreira
09:10:33 | 16991328893 | RENOVABE-5016733 | Elaine Cristina Zeotti Marim
09:10:33 | 19993177210 | RENOVABE-5018895 | Silmara Cristina bonalume
09:10:33 | 18997116438 | RENOVABE-5015077 | Nara Paolichek de castro
09:10:33 | 19982772566 | RENOVABE-5017223 | Manny Moises
09:10:33 | 15997128190 | RENOVABE-5018309 | Juliana Garcia Camilli Sales
09:10:33 | 19984502060 | RENOVABE-5012166 | Débora Thaís de Meneses
09:10:33 | 11967967584 | RENOVABE-5010948 | Vanessa moura vernis
09:10:33 | 11940742338 | VINDI-380945674 | Debora Conceicao da Silva
09:10:33 | 11982164434 | RENOVABE-5012018 | Mercia Maria g da Silva
09:10:33 | 11982972584 | RENOVABE-5020756 | Maria do Rosario de Araújo
09:10:33 | 11992913901 | RENOVABE-5011185 | Darcy Prada Gomes
09:10:33 | 19991390139 | RENOVABE-5010344 | Silvia Ap de Seixas Queiroz Rosselli
09:10:33 | 19981495204 | RENOVABE-5017796 | Daniela Cristine Batistella Ortolani
09:10:33 | 16998466546 | VINDI-383545821 | vera salomao
09:10:33 | 13997975457 | RENOVABE-5011740 | Marcia Regina da silva germano
09:10:33 | 11995268793 | RENOVABE-5019403 | Manoel Simão Sobrinho
09:10:33 | 16999400254 | VINDI-383546068 | cecilia brisola
09:10:33 | 19986015148 | RENOVABE-5019378 | Marinalva Pereira De Souza
09:10:33 | 19997366490 | RENOVABE-5019449 | Pamela Camila Queiroz Tavares
09:10:33 | 16996125455 | RENOVABE-5019441 | Rosangela Borges
09:10:33 | 17988115389 | VINDI-383617270 | Adriana Mansim de Oliveira
09:10:33 | 19996643088 | RENOVABE-5018984 | TANIA APARECIDA VERISSIMO DA SILVA
09:10:33 | 11991038128 | RENOVABE-5018969 | Fernanda beatriz ewbank mazzoco
09:10:34 | 11949745966 | RENOVABE-5020644 | Tamires Rodrigues dos Santos
09:10:34 | 16997010560 | VINDI-383821568 | mauro lira
09:10:34 | 19971717977 | RENOVABE-5019076 | Luciana Manetta Pedrettes
09:10:34 | 11995109904 | RENOVABE-5020579 | Tatiana Santos
09:10:34 | 12991959448 | RENOVABE-5014081 | Eleziane marques
09:10:34 | 15997743384 | RENOVABE-5014943 | MARIA CRISTINA CATTANI
09:10:34 | 16992072794 | VINDI-383692444 | Fabiana Roque
09:10:34 | 19981457299 | RENOVABE-5014654 | Ana Paula de Sousa
09:10:34 | 11912224974 | RENOVABE-5020466 | Mariluce Leocádia da Silva
09:10:34 | 41987659803 | RENOVABE-5020516 | Juceli Aparecida Pelanda
09:10:34 | 11952155714 | RENOVABE-5016455 | Juliane Benevenuto
09:10:34 | 11998058139 | RENOVABE-5017875 | Priscila Souza
09:10:34 | 16997468044 | RENOVABE-5017590 | Viviane Cristina Geraldo
09:10:34 | 11959071141 | RENOVABE-5011815 | Roberta Abreu
09:10:34 | 11945546385 | RENOVABE-5011398 | Sandra Souza Dos Reis
09:10:34 | 11995930320 | RENOVABE-5018501 | Pamela Lima
09:10:34 | 13981982426 | RENOVABE-5017363 | Marinez Pessoa
09:10:34 | 11995603940 | RENOVABE-5012526 | Charles clibas de oliveira
09:10:34 | 16981825411 | RENOVABE-5013095 | Lucielda Lima Silva
09:10:34 | 12996207558 | RENOVABE-5010814 | Aline Costa Garcia da Silveira
09:10:34 | 11977863503 | RENOVABE-5010400 | Adriane de Fátima Glapinski
09:10:34 | 11962607013 | RENOVABE-5012206 | Marli Aparecida De Almeida
09:10:34 | 11996085786 | RENOVABE-5012066 | Patrícia dos Santos Pereira
09:10:34 | 11992768760 | RENOVABE-5011467 | Luis Henrique viana de Oliveira
09:10:34 | 11963908486 | RENOVABE-5013107 | Maristela dos santos
09:10:34 | 11954420807 | RENOVABE-5012548 | Edvania Cruz
09:10:34 | 11984280712 | RENOVABE-5011162 | Adriana Eduardo dos Santos
09:10:34 | 11971817317 | RENOVABE-5020087 | Liana Cicarelli Serra Negra
09:10:34 | 11967128754 | RENOVABE-5011603 | Carla Maria Lima Silva
09:10:35 | 11980460565 | RENOVABE-5010638 | Cláudia Marchiori Fernandes
09:10:35 | 15988087737 | RENOVABE-49625622 | Fernanda Veríssimo Iencarelli de Lima
09:10:35 | 11970261172 | RENOVABE-5019989 | Tania Cristina S Silva
09:10:35 | 11995486696 | RENOVABE-5020091 | Cássia Aparecida Carvalho
09:10:35 | 12997659554 | RENOVABE-5018887 | Teresa Lucia Faria Negrão
09:10:35 | 16997665295 | VINDI-383549474 | marcos cortezze
09:10:35 | 11959638944 | RENOVABE-5020177 | Maria Luciana pessoa Borges
09:10:35 | 11953989150 | RENOVABE-5013993 | Kezia Alves dos Santos
09:10:35 | 11961355306 | RENOVABE-5020111 | Sandra ap ferreira luz
09:10:35 | 11939386969 | RENOVABE-5016056 | Kauã campos
09:10:35 | 11982823651 | RENOVABE-5015648 | Kelly Ferreira Santos
09:10:35 | 16991566539 | RENOVABE-5015202 | Denise Aparecida Rodrigues da Oliveira Tavares
09:10:35 | 18998148871 | RENOVABE-5014811 | Ana Paula Guimarães Tavares
09:10:35 | 18997245379 | RENOVABE-5016268 | Nangela Ribeiro de Souza Silva
09:10:35 | 11962803179 | RENOVABE-5014454 | Angela AP Lopes de sousa
09:10:35 | 11939496439 | RENOVABE-5013380 | Vanusa Rodrigues testoni
09:10:35 | 11968278098 | RENOVABE-5014124 | Leticia Rodrigues Fernandes
09:10:35 | 11963446700 | RENOVABE-5014036 | ROSELI DE AGUIAR FREITAS
09:10:35 | 18998179776 | RENOVABE-5012181 | Patricia kuboki
09:10:35 | 12991844937 | RENOVABE-5014914 | Graziane Aparecida Xavier
09:10:35 | 11952936220 | RENOVABE-5014842 | Vania Mendonça
09:10:35 | 19984013367 | RENOVABE-5010945 | Liliane Cristina Marques
09:10:35 | 17997540184 | RENOVABE-5014118 | Gisele Cristina Dourado
09:10:35 | 19981010295 | RENOVABE-5013746 | Luciana mescoloto
09:10:35 | 11987169229 | RENOVABE-5019234 | KATIA CRISTINA PERENCINE
09:10:35 | 11999969155 | RENOVABE-5020699 | Neusa Maria Chiari Trevisan
09:10:35 | 11986463388 | RENOVABE-5012879 | Márcia dos Reis Lupinacci
09:10:35 | 16992024993 | RENOVABE-5015232 | Gislene Aparecida Rocha Leão Campos
09:10:36 | 11949858014 | RENOVABE-5010694 | Tatiane Aparecida Sousa
09:10:36 | 15996104208 | RENOVABE-5015462 | Neide motta
09:10:36 | 11963541934 | RENOVABE-5011273 | Ana Claudia Nolasco Bispo da Silva
09:10:36 | 11992574824 | RENOVABE-5015523 | Rutemastroiene do nascimento
09:10:36 | 15997141961 | RENOVABE-5020877 | Roseli Aparecida Pena Cortés
09:10:36 | 11991375424 | RENOVABE-5020879 | Simone De re
09:10:36 | 11986811750 | RENOVABE-5012192 | IVANILSA SILVA
09:10:36 | 12988126283 | RENOVABE-5014002 | Rosana Alves
09:10:36 | 11984256966 | RENOVABE-5015455 | Darlene Gianfratti
09:10:36 | 11964893304 | RENOVABE-5020252 | Vanessa Arruda Pimentel Sanchez
09:10:36 | 11967572812 | RENOVABE-5016179 | ELISETE PEREIRA DOS SANTOS
09:10:36 | 11914001639 | RENOVABE-5014103 | Marta vieira pinheiro
09:10:36 | 19999897005 | RENOVABE-5020339 | Viviane Bonetto
09:10:36 | 44998206622 | RENOVABE-5017400 | Gizeli valeck
09:10:36 | 12997279869 | RENOVABE-5017524 | Alline Hervatin Pereira
09:10:36 | 11966789718 | RENOVABE-5020484 | Eliane Libanio
09:10:36 | 11989337573 | VINDI-380785715 | Vanessa Pellicani
09:10:36 | 19993459599 | RENOVABE-5016526 | Michele Alcântara
09:10:36 | 11974446912 | RENOVABE-5013949 | Silvana Cabeça
09:10:36 | 13981788627 | RENOVABE-5015047 | Cristiane Campos da Cunha
09:10:36 | 18998156125 | RENOVABE-5011179 | BRIZA DE FATIMA PLACIDINO
09:10:36 | 11986312044 | RENOVABE-5014944 | Isabel Cristina Dorea de Andrade Silva
09:10:36 | 12981025723 | VINDI-381265430 | Sheila Aparecida Pereira
09:10:36 | 19992624912 | RENOVABE-5015858 | Alcione Ducca
09:10:36 | 13981288587 | RENOVABE-5012876 | Joselita Moreira dos Santos
09:10:36 | 11988895604 | RENOVABE-5010677 | Rafaela Ap Franco
09:10:36 | 16982561000 | RENOVABE-5014075 | Amanda G Bonilha
09:10:36 | 18997703044 | RENOVABE-5015510 | Millena Spiguel Vieira
09:10:36 | 11964789140 | RENOVABE-5013953 | Cilene baraldi
09:10:37 | 11999340107 | RENOVABE-5014626 | Angela Redua Da Silva Miranda
09:10:37 | 19997862051 | RENOVABE-5016344 | PAULA HELENA DO VALE BOSSO
09:30:38 | 11962240470 | RENOVABE-5009977 | Katia Pacheco de Oliveira
09:30:38 | 11981513057 | RENOVABE-5019272 | KARINE GABRIELLE NUNES DA SILVA
09:30:38 | 16998516265 | VINDI-383543533 | clarisse reis
09:30:38 | 14996341200 | RENOVABE-5020472 | Rosivani rosa silva
09:30:38 | 16998546712 | VINDI-383540411 | samanta araujo
09:30:38 | 14996103020 | RENOVABE-5019298 | Regiane Mendes Lopes
09:30:38 | 11982882418 | RENOVABE-5019714 | Margareth Gonzalez
09:30:38 | 13992038628 | RENOVABE-5012217 | Laura Lima virgilio
09:30:38 | 12982189152 | RENOVABE-5015721 | Adriana Ferreira
09:30:38 | 11961616414 | RENOVABE-5010797 | Leandra de Araújo Menghini
09:30:38 | 19983020256 | RENOVABE-5010547 | Deborah Renata Barbosa Caetano
09:30:38 | 14996665236 | RENOVABE-5014060 | SAMIRA TEREZINHA ZEDAN
09:30:38 | 11971801249 | RENOVABE-5019304 | Denise Aparecida Demarchi
09:30:38 | 11971335120 | RENOVABE-5016557 | Jaise Della Mea
09:30:38 | 11986195020 | RENOVABE-5017057 | FERNANDA ALVES DE SANTANA
09:30:38 | 11971452894 | RENOVABE-5018790 | Andre mendes
09:30:38 | 16998546256 | VINDI-383817784 | elton leal
09:30:38 | 11996753555 | RENOVABE-5018378 | Adriana Elane Bellucci Jakutis
09:30:38 | 11965215182 | RENOVABE-5012697 | Adriana Gomez
09:30:38 | 19999675583 | RENOVABE-5017944 | Fernanda Gonçalves Machado
09:30:38 | 15997984674 | RENOVABE-5019405 | Giovanna Gabrielle de Souza
09:30:38 | 11996713122 | RENOVABE-5015156 | Adriana Carvalho da Silva
09:30:38 | 11969661444 | RENOVABE-5016145 | Rosângela Ribeiro Borges Gimenes
09:30:38 | 11991674209 | RENOVABE-5014053 | Márcia Regina Alves de Lima
09:30:39 | 15997160990 | RENOVABE-5016235 | Virgínia Brandimarte
09:30:39 | 19996070999 | RENOVABE-5015856 | Edison Marcelo Manoel
09:30:39 | 11965827624 | RENOVABE-5013348 | Patricia Luciano da Silva
09:30:39 | 11987878657 | RENOVABE-5014689 | Katia Silene Ogushi Rossi
09:30:39 | 16996322001 | RENOVABE-5012325 | Rita de Cassia da Silva
09:30:39 | 11988527337 | RENOVABE-5014413 | Shirley Cristina Sales
09:30:39 | 14997219329 | RENOVABE-5014833 | Juviliana Justino Vieira
09:30:39 | 11995274051 | RENOVABE-5015379 | Maria Celeste Moreira sobrinho pinto
09:30:39 | 17991489929 | RENOVABE-5014633 | DANIELA DESTRO DE ABREU
09:30:39 | 11972299456 | RENOVABE-5018176 | Miriam Saffi Koch Souza
09:30:39 | 19998277654 | RENOVABE-5013917 | Fabiana Cristina Trevisan Barbosa
09:30:39 | 11999414986 | RENOVABE-5013639 | Eliana Montresor
09:30:39 | 11984099960 | RENOVABE-5015153 | Gilvanice Vieira da Silva
09:30:39 | 11987367512 | RENOVABE-5014187 | Tania Rosa Dos Santos
09:30:39 | 11983444222 | RENOVABE-5013671 | Daiana Brito
09:30:39 | 11975942904 | RENOVABE-5015848 | Chandra Silva Freitas
09:30:39 | 11977812086 | RENOVABE-5014453 | Patricia Macedo
09:30:39 | 11987070376 | RENOVABE-5011166 | Maria Luziana Pereira de Almeida Justino
09:30:39 | 11981260021 | RENOVABE-5016122 | Alessandra Ferreira Mendes da Silva
09:30:39 | 11977059900 | RENOVABE-5014800 | Thaise de Jesus Santos
09:30:39 | 11988856943 | RENOVABE-5011158 | Regina Rosa dos Santos Costa
09:30:39 | 11971086028 | RENOVABE-5009951 | Luciana Mendes dos Santos
09:30:39 | 19988322341 | RENOVABE-5018486 | ELVIRENE FERREIRA DE ARAUJO
09:30:39 | 11999961002 | RENOVABE-5016961 | Daniela MArtins
09:30:39 | 11965042478 | RENOVABE-5012573 | Leila Rodrigues galassi
09:30:39 | 11980551061 | RENOVABE-5016875 | Leila Gomes dos Santos
09:30:39 | 11947620464 | RENOVABE-5015271 | Celina Messias
09:30:39 | 15991951014 | RENOVABE-5014849 | Roseli dos Santos de Macedo
09:30:39 | 11970489868 | VINDI-383456735 | Cinthia Satiri
09:30:39 | 11930890288 | RENOVABE-5014021 | Maria isidio marinho da Silva
09:30:39 | 11970235661 | RENOVABE-5015474 | Eliane Aparecida Pereira
09:30:39 | 11980928231 | RENOVABE-5015301 | Claudia Rocha Xavier de Paula
09:30:39 | 19981592475 | RENOVABE-5014607 | leiliane silva
09:30:39 | 11995128941 | RENOVABE-5015042 | MARIA CRISTINA PEREIRA BRITO
09:30:39 | 11941062179 | RENOVABE-5015174 | Mikaelle mansur
09:30:40 | 11987816199 | RENOVABE-5015499 | Marcia de Almeida Santos
09:30:40 | 11958129609 | RENOVABE-5015496 | Fabíola Galdino
09:30:40 | 11975256649 | RENOVABE-5014369 | Maria de Lourdes Antunes soares
09:30:40 | 11917560570 | RENOVABE-5013798 | Vivian de Lara Mendes
09:30:40 | 11991375871 | RENOVABE-5018597 | Marina de Freitas
09:30:40 | 19994298525 | RENOVABE-5014473 | Mara Liza
09:30:40 | 11974712115 | VINDI-383742091 | Lucilene Soares Chaves
09:30:40 | 11949985237 | RENOVABE-5014549 | Maria celia Nascimento da silva
09:30:40 | 12988443547 | VINDI-383091811 | Hellen Cristina Reis de Lima
09:30:40 | 11994446463 | VINDI-382741041 | jose luis de oliveira
09:30:40 | 11973094280 | RENOVABE-5017548 | TAINA V PEREIRA
09:30:40 | 11986956359 | RENOVABE-5015557 | Sara Favero Raszl
09:30:40 | 17997048200 | RENOVABE-5019639 | Márcia Corrêa de Oliveira Mariano
09:30:40 | 11975961896 | RENOVABE-5016548 | Sirlene dos santos
09:30:40 | 18997236136 | VINDI-383762187 | Rosemeire Aparecida Lopes
09:30:40 | 18996960181 | RENOVABE-5012395 | Ivania BatistaTozetti
09:30:40 | 11967831244 | RENOVABE-5015006 | Leila Mara Rocha Lima Baptista
09:30:40 | 19997442192 | RENOVABE-5018116 | Wanda Maria Migueleti Mestriner dos Anjos
09:30:40 | 11970653347 | RENOVABE-5014691 | Graziela Baldassarri
09:30:40 | 11995147051 | RENOVABE-5015374 | Valéria de Fátima Martin Barros
09:30:40 | 11995104449 | RENOVABE-5014331 | Roberta Santos de Araújo
09:30:40 | 19936180125 | RENOVABE-5016466 | Cássia Nascimento Martins
09:30:40 | 12988592866 | RENOVABE-5017542 | Josemara Pereira de Almeida
09:30:40 | 11956588410 | RENOVABE-5015963 | Andreia Ortega
09:30:41 | 11962352133 | RENOVABE-5015299 | Priscila Camargo Sfacioti
09:30:41 | 15991093422 | RENOVABE-5013027 | Fabiana Rosendo da Silva bernardo
09:30:41 | 11974192001 | RENOVABE-5015039 | Sandra Regina da Silva
09:30:41 | 11973076221 | VINDI-383629387 | Larissa Balduino
09:30:41 | 14998774785 | RENOVABE-5017900 | Celia Regina Capera Ramos
09:30:41 | 11965418862 | VINDI-383624914 | Maria andreice Lucena silva
09:30:41 | 11993892484 | RENOVABE-5012897 | Patrícia Reinor  Castatnhato
09:30:41 | 12992099088 | RENOVABE-5016541 | Elaine Y N Susi
09:30:41 | 11960694586 | RENOVABE-5017511 | Leonardo Rodrigues
09:30:41 | 16988574528 | VINDI-381431273 | Cintia c m corbo
09:30:41 | 15997128076 | RENOVABE-5014566 | Amanda Modesto
09:30:41 | 19996695150 | RENOVABE-5014985 | Elisângela Felipe
09:30:41 | 15991061213 | RENOVABE-5018876 | TATIANA CORDEIRO DE CRISTO PINHEIRO
09:30:41 | 17997021546 | RENOVABE-5016913 | Silvana Maria de Oliveira
09:30:41 | 11959173625 | RENOVABE-5017653 | Marluce da Silva Pereira
09:30:41 | 17997633694 | RENOVABE-5018271 | Márcia D'Olivo Caravanti
09:30:41 | 11989235325 | RENOVABE-5019785 | Flávia Pereira da Silva
09:30:41 | 11958814247 | RENOVABE-5016989 | Maria Elineide Xavier
09:30:41 | 16991157000 | RENOVABE-5017780 | Alexandre Guedes 
09:30:41 | 19996914377 | RENOVABE-5017051 | JULIANA BUSOLIN
09:30:41 | 11987616353 | RENOVABE-5014113 | Adriana do Nascimento
09:30:41 | 16991336635 | RENOVABE-5020747 | Priscila Aparecida Vicente
09:30:41 | 19982244753 | RENOVABE-5011987 | Gabriela Bolonhezi Quintana
09:30:41 | 12996332516 | RENOVABE-5013279 | Soraya Moreira Almeida
09:30:41 | 11961293736 | RENOVABE-5009953 | Luiz carlos de lima
09:30:41 | 17996700550 | RENOVABE-5019349 | Vanusa Vieira dos Santos Campos
09:30:41 | 16997754050 | RENOVABE-5018650 | Solange Luisa Joao
09:30:41 | 17996083256 | RENOVABE-5018349 | Melissa Baffi
09:30:41 | 19997356235 | RENOVABE-5018654 | Josiane Francisco de Paula
09:30:41 | 11999345072 | RENOVABE-5019436 | Rita de Cássia Berion
09:30:42 | 14999055462 | RENOVABE-5019367 | Helen Rose Soares Neri Pontes
09:30:42 | 11941015767 | RENOVABE-5015159 | Debora Silvano Serrazes
09:30:42 | 11952928945 | VINDI-383542936 | LUCIANA ALEXANDRINA DE QUEIROZ FERREIRA
09:30:42 | 11971655564 | RENOVABE-5008133 | Neusa Guimarães  dos  Santos
09:30:42 | 11997123239 | RENOVABE-5016216 | Carla Vicentim
09:30:42 | 11988092333 | RENOVABE-5018026 | Leda gracio
09:30:42 | 11947962080 | RENOVABE-5017698 | Angélica Cristina da Silva Rodrigues
09:30:42 | 18997029332 | RENOVABE-5018517 | Evanise Mendes
09:30:42 | 11996979629 | RENOVABE-5016341 | Rosa Cristina Camargo
09:30:42 | 19991383749 | RENOVABE-5020352 | Maria Rotella
09:30:42 | 17991184570 | RENOVABE-5015660 | Eliana Antônia Dias dos Santos
09:30:42 | 19992422980 | RENOVABE-5016912 | Adriane Lima
09:30:42 | 11960712480 | RENOVABE-5011974 | Joselia Vieira Ferreira
09:30:42 | 14991869723 | RENOVABE-5017792 | Juliana Rogato
09:30:42 | 11988260849 | RENOVABE-5018112 | Marcileni Araújo Barreto
09:30:42 | 11953395334 | RENOVABE-5010823 | Vanusa dos Santos cruz
09:30:42 | 11945280505 | RENOVABE-5018613 | Stella Santiago
09:30:42 | 12981523038 | RENOVABE-5010742 | Cristiane Marcelino da Silva
09:30:42 | 19991410430 | RENOVABE-5012414 | Patrícia de Paula Fonseca Rodrigues
09:30:42 | 11993616088 | RENOVABE-5016941 | Rosimeire De Almeida Moreira
09:30:42 | 11940289197 | RENOVABE-5020236 | Valéria Koren Simoni
09:30:42 | 19992814880 | RENOVABE-5012196 | Iris Belo
09:30:42 | 11941511170 | RENOVABE-5017331 | Mara Rubia Arroio Alvarenga Basso
09:30:42 | 18996340902 | RENOVABE-5017599 | Mariane Garcia Gois
09:30:42 | 19992825986 | RENOVABE-5018669 | Joelma Soares Gouveia
09:30:42 | 11945235823 | RENOVABE-5017466 | Victoria Oliveira de Menezes
09:30:42 | 12997417109 | RENOVABE-5013142 | Sandra Regina Caetano Oliveira
09:30:42 | 11979665322 | RENOVABE-5010618 | MARINEYDE PEREIRA DE SOUZA
09:30:42 | 11985027537 | RENOVABE-5009960 | Kelly Euclides
09:30:42 | 11996291400 | RENOVABE-5011971 | Kátia E.V.Bonani
09:30:42 | 12982593506 | RENOVABE-5012036 | Ana Carolina de Brito Domingues
09:30:43 | 11942216668 | RENOVABE-5010032 | Verginia Motta
09:30:43 | 11972863196 | RENOVABE-5012801 | Cristiane Santos de jesus
09:30:43 | 11958463080 | RENOVABE-5010752 | Josilene cordeiro Rio Branco
09:30:43 | 11993611273 | RENOVABE-5019979 | Luciana Marques Santos
09:30:43 | 11961496399 | RENOVABE-5012559 | Solange Francisco
09:30:43 | 12996047821 | RENOVABE-5018854 | Denise Aparecida Antônio Vieira
09:30:43 | 17997792547 | RENOVABE-5017061 | Ronan batista dos Santos
09:30:43 | 14996160524 | RENOVABE-5018830 | Adriana pero de paula
09:30:43 | 18997418989 | RENOVABE-5020179 | Luciana Maria Damasceno
09:30:43 | 11971622083 | VINDI-383548721 | Mariagda Botega
09:30:43 | 11971138286 | RENOVABE-5014017 | Sandra Martins Mendes
09:30:43 | 19983693203 | RENOVABE-5014646 | Fernanda Batista Dos Santos
09:30:43 | 18997049223 | RENOVABE-5011437 | Diogo Xavier Teixeira Duarte
09:30:43 | 11949764006 | RENOVABE-5014100 | Marcela Maria Ferreira Barboza
09:30:43 | 11939431398 | RENOVABE-5012012 | Erica Mayla dos Santos do Carmo
09:30:43 | 14997366927 | RENOVABE-5015372 | Gislaine Cristina Scioli
09:30:43 | 19987125847 | RENOVABE-5015025 | Natália Rodrigues Rocha de Freitas
09:30:43 | 13974226514 | RENOVABE-5015878 | Fernanda Honório Couto
09:30:43 | 11932882544 | RENOVABE-5017566 | Liliane Mittmann Moreira
09:30:43 | 12988288563 | RENOVABE-5013812 | Eliane Rocha de Assis
09:30:43 | 16981732888 | RENOVABE-5015436 | Alessandra Cunha
09:30:43 | 14991095151 | RENOVABE-5011208 | Maria Renata Valente
09:30:43 | 11979587653 | RENOVABE-5018494 | Marenilda gesse marques
09:30:43 | 19997865626 | RENOVABE-5010093 | Alexandra Maria Dutra da Silva
09:30:43 | 19982079860 | RENOVABE-5017627 | Telma Prates Lucati
09:30:43 | 14996325689 | RENOVABE-5011689 | tatiane ponciano
09:30:43 | 14996626723 | RENOVABE-5014114 | Juliane da Silva Santos Boiani
09:30:43 | 17981140123 | RENOVABE-5016841 | luciana crisitina amorim da silva
09:30:43 | 11979507934 | RENOVABE-5020463 | Carla Martins Moreira
09:30:44 | 13996139037 | RENOVABE-5020460 | Leandro Laurentino da Silva 
09:30:44 | 11962322848 | RENOVABE-5019324 | Giulene Matias
09:30:44 | 12974030959 | RENOVABE-5014623 | Vanessa Alves da Silva Santos
09:30:44 | 11941531016 | RENOVABE-5014977 | DEISE ROBERTA DE OLIVEIRA FRANCO
09:30:44 | 11977096341 | RENOVABE-5014563 | Dalma Maria Ferreira
09:30:44 | 15998494383 | RENOVABE-5015888 | Taina Fernandes da rosa
09:30:44 | 19991456678 | RENOVABE-5011608 | Luiza cordeiro de Oliveira
09:30:44 | 17991702666 | RENOVABE-5016115 | Alexandra de Freitas Garutti teodoro
09:30:44 | 15998583164 | VINDI-383590313 | Juliana Aparecida Vieira de Morais
09:30:44 | 19994790496 | RENOVABE-5012483 | Denise da cruz
09:30:44 | 14988413909 | RENOVABE-5019321 | Adriana Quires
09:30:44 | 11997596146 | RENOVABE-5013783 | Andrea de Assis
09:30:44 | 11971365563 | RENOVABE-5015746 | Gislaine Tessaro da Silva
09:30:44 | 13974201734 | RENOVABE-5014486 | Maria Do Socorro Matias da Silva Santos
09:30:44 | 11964789250 | RENOVABE-5018655 | Fabiana da Silva Galvão
09:30:44 | 18996046020 | RENOVABE-5018409 | Guilherme Shigueru Matsuo
09:30:44 | 19993629969 | RENOVABE-5019326 | RODRIGO PAULO RIBEIRO
09:30:44 | 19995485397 | RENOVABE-5013850 | Rejane marelisa da Costa
09:30:44 | 11962753903 | RENOVABE-5013864 | Elisangela  Gomes da Silva
09:30:44 | 11945419994 | RENOVABE-5015907 | Aline Ribeiro
09:30:44 | 11999138372 | RENOVABE-5015162 | Mônica Bezerra Felix
09:30:44 | 11983148490 | RENOVABE-5015036 | Fernanda Lins Pedrosa
09:30:44 | 11977513040 | RENOVABE-5014231 | Karina Pinheiro do Nascimento
09:30:44 | 18998230488 | RENOVABE-5014965 | Florinda Maria Pereira Soares
09:30:44 | 11950614410 | RENOVABE-5014695 | Giovanna Mayumi de Oliveira Hosokawa Azevedo
09:30:44 | 11958616275 | RENOVABE-5016278 | Marcia Medeiros Soares Zacarias
09:30:44 | 11976658175 | RENOVABE-5014213 | Valter Araujo
09:30:44 | 11991993223 | RENOVABE-5018559 | Joyce Giovanelli
09:30:45 | 18996600291 | RENOVABE-5017743 | Fernanda Aparecida Barbosa Cabrera
09:30:45 | 19996650623 | RENOVABE-5012779 | Maria Madalena dos Santos Dionisio
09:30:45 | 11998523169 | RENOVABE-5013734 | Ligia Maria Pereira Ramos
09:30:45 | 11983294722 | RENOVABE-5014753 | Adriana de Oliveira Silva
09:30:45 | 12988480725 | RENOVABE-5019752 | Diane Antunes
09:30:45 | 11979929126 | RENOVABE-5014005 | Perciliana Lacerda Batista
09:30:45 | 11998711635 | RENOVABE-5019619 | ALINE DOS SANTOS COSTA
09:30:45 | 11958884301 | RENOVABE-5013365 | Jhannikel pereira
09:30:45 | 16982211491 | RENOVABE-5014677 | Luis Eduardo martins
09:30:45 | 11983958160 | RENOVABE-5016803 | Maria Evaneide Terto da Silva
09:30:45 | 19988188485 | RENOVABE-5014226 | Ana Paula Marcelino Freitas
09:30:45 | 12981408578 | RENOVABE-5017126 | Renata Alves Folgado
09:30:45 | 11964616349 | RENOVABE-5013901 | Laurinda Raposo
09:30:45 | 11995731628 | RENOVABE-5015235 | Edilaine Regina Cervelin
09:30:45 | 11971160737 | RENOVABE-5011580 | Angelica Analia Silva de Almeida
09:30:45 | 11970946939 | RENOVABE-5017562 | marco antonio rodrigues
09:30:45 | 11996590043 | RENOVABE-5014544 | Rosiclecia dos Santos Ferreira
09:30:45 | 13974065543 | RENOVABE-5014177 | Ana paula sampaio bezerra
09:30:45 | 11996492638 | RENOVABE-5014636 | Cintia da Silva Corrêa de Moraes
09:30:45 | 16993555964 | RENOVABE-5020015 | Nayara alves
09:30:45 | 11953140632 | RENOVABE-5020039 | Fernanda de Moraes cintra Oliveira
09:30:45 | 11998957995 | RENOVABE-5020055 | Izaida m p fonte
09:30:45 | 16991146935 | VINDI-383747010 | Ana Lucia dos Reis Valsichi
09:30:45 | 19935053443 | VINDI-383714457 | Renata Ferreira de Abreu
09:30:45 | 19974217959 | RENOVABE-5013618 | André Luiz Miranda
09:30:45 | 11980835503 | RENOVABE-5012581 | Sandra Regina U OLiveira
09:30:45 | 19991580470 | RENOVABE-5020101 | Marcia Aparecida negro Tobias
09:30:45 | 15981506383 | RENOVABE-5008728 | Daniela Barros Moraes
09:30:45 | 11943444966 | RENOVABE-5014571 | Raquel Duarte
09:30:45 | 16997871054 | VINDI-383774426 | Nayara Almeida Mariano Navarro
09:30:45 | 12988032060 | RENOVABE-5014761 | Priscila Gonçalves de Souza
09:30:46 | 11967089876 | RENOVABE-5013719 | ANDREIA R RAVASSOLI
09:30:46 | 11982222199 | RENOVABE-5014046 | Mayara Asaeda
09:30:46 | 11959913714 | RENOVABE-5016460 | Ana Beatriz Minervino Bataglin
09:30:46 | 19993865303 | RENOVABE-5014847 | Taira sabrina da silva ciani
09:30:46 | 17996182008 | RENOVABE-5014225 | Sabrina Coutinho da Silveira
09:30:46 | 11981742738 | RENOVABE-5014250 | Deusamana Rodrigues Moreira
09:30:46 | 11992927164 | RENOVABE-5014074 | Zilda Ribeiro Ferreira Ramos
09:30:46 | 19998726743 | RENOVABE-5013597 | Vanilda Maria de Jesus
09:30:46 | 11994179784 | RENOVABE-5014638 | Karin Muller
09:30:46 | 11950773014 | RENOVABE-5013724 | Andreia Cristina Araujo Ferro
09:30:46 | 14998736671 | RENOVABE-5018181 | Cristina Postigo
09:30:46 | 11959571429 | RENOVABE-5014266 | Elma Santos da Silva
09:30:46 | 55992136663 | VINDI-383692915 | Daiane Aparecida da Silva Cunha
09:30:46 | 14997704492 | RENOVABE-5011448 | Vanessa Viana
09:30:46 | 11975268866 | RENOVABE-5011044 | Raquel de Miranda Drezett
09:30:46 | 19981457299 | RENOVABE-5011641 | Ana Paula de Sousa
09:30:46 | 11965623174 | RENOVABE-5014307 | Vanderlete Porto
09:30:46 | 16981106414 | RENOVABE-5016884 | Lucia Helena da Silva
09:30:46 | 11949367245 | RENOVABE-5009984 | Jenniffer dos Anjos Queiroz
09:30:46 | 11959589186 | RENOVABE-5017516 | Marizete Almeida
09:30:46 | 11957896294 | RENOVABE-5014872 | Sandra Santos da Silva
09:30:46 | 19974148998 | RENOVABE-5008170 | Rosemeire Aparecida da Silva
09:30:46 | 16988649829 | RENOVABE-5016144 | Regiane da Silva
09:30:46 | 16991326560 | RENOVABE-5019768 | Adriana Catuta Ferreira Barbieri
09:30:46 | 11986255966 | RENOVABE-5017447 | Francisca de Assis Quaresma
09:30:46 | 19991036199 | RENOVABE-5015836 | Regina Maria Fernandes
09:30:46 | 11957866674 | RENOVABE-5018308 | SANDRA HARUMI FATOBENE ANDO
09:30:47 | 11940233654 | RENOVABE-5015590 | Shirley Carvalho
09:30:47 | 16988574828 | VINDI-381083630 | Jaime Santos
09:30:47 | 18981682869 | RENOVABE-5020781 | LUANA CABRERA
09:30:47 | 16992540053 | VINDI-383839458 | claudio dantas
09:30:47 | 11961035320 | RENOVABE-5020804 | Deisy Gomes da Silva
09:30:47 | 11954473424 | RENOVABE-5020744 | Tainá silva
09:30:47 | 11966108080 | RENOVABE-5010086 | Beatriz da Silva Souza
09:30:47 | 34991299445 | RENOVABE-5014891 | Glaucia Almeida
09:30:47 | 12988362736 | RENOVABE-5010912 | Eliane de Fátima Taveira Alves
09:30:47 | 11993983517 | RENOVABE-5010302 | Ana Strabelli
09:30:47 | 11962446088 | RENOVABE-5011907 | Patrícia Coimbra
09:30:47 | 16997515455 | VINDI-383545659 | miriam abdala
09:30:47 | 12988343590 | RENOVABE-5010288 | Bárbara Aziz Del Passo leite
09:30:47 | 19999574497 | RENOVABE-5017892 | Amanda ventosa paffaro
09:30:47 | 11995842407 | RENOVABE-5018779 | Simone de Souza Machado
09:30:47 | 11971415507 | RENOVABE-5019376 | Carolina Ferreira Bonifácio Flor
09:30:47 | 11977854992 | RENOVABE-5019348 | Hariff Feitosa
09:30:47 | 11970565381 | RENOVABE-5019360 | Queli Cristina Pereira de Carvalho
09:30:47 | 16992834220 | RENOVABE-5019444 | Patricia Segheto Bortolo
09:30:47 | 11965341604 | RENOVABE-5019451 | Claudia Terezinha Viana dos Santos
09:30:47 | 11958799567 | RENOVABE-5020591 | Andréia Lúcia da Silva
09:30:47 | 11974320657 | RENOVABE-5020400 | Claudia Ambrósio
09:30:47 | 11975309957 | RENOVABE-5019454 | irice Abade de Carvalho
09:30:47 | 11977200542 | RENOVABE-5014327 | Elisabete Mendes
09:30:47 | 11984586154 | RENOVABE-5013397 | Michelle de Araújo Passos
09:30:47 | 14997046535 | RENOVABE-5011021 | Evelyn Cristina Soares
09:30:47 | 11976523248 | RENOVABE-5020328 | Ana Luísa dos Santos Siqueira
09:30:47 | 11985146922 | RENOVABE-5020347 | Marlene Maria leite da Silva
09:30:47 | 11986366785 | RENOVABE-5009966 | Rayssa Morais
09:30:47 | 11932281406 | RENOVABE-5011215 | Josiane dos Reis Silva
09:30:48 | 11954481963 | RENOVABE-5011666 | Simone Moraes Felix
09:30:48 | 11981772108 | RENOVABE-5011106 | Rosa Aparecida Refatti
09:30:48 | 11980258565 | RENOVABE-5011066 | Hellen Cristina Rodrigues Correa
09:30:48 | 11989453298 | RENOVABE-5013002 | Juliana da Silva Beserra França
09:30:48 | 17992153592 | RENOVABE-5017602 | Marta Aurélia Gonçalves da Silva
09:30:48 | 18997326126 | RENOVABE-5011885 | Ariéle Marques
09:30:48 | 11967674292 | RENOVABE-5016729 | Thaís Inácio
09:30:48 | 16992016274 | RENOVABE-5011226 | Raquel Elzon Coimbrão
09:30:48 | 11987358100 | RENOVABE-5017594 | Renato Dos anjos  Souza
09:30:48 | 11986443726 | RENOVABE-5010081 | JUDITE SOARES DAMASCENO
09:30:48 | 11966593385 | RENOVABE-5010018 | Sueli Cristina Alambert Ribeiro
09:30:48 | 14981413410 | RENOVABE-5012755 | Edna Maria de Melo
09:30:48 | 13982061747 | RENOVABE-5013023 | Wankelly Leite dos Anjos
09:30:48 | 19992922613 | RENOVABE-5012377 | Nelson Correia Brioso159 Musto
09:30:48 | 15997543440 | RENOVABE-5012437 | Roseli de Fátima Nogueira dos Santos
09:30:48 | 13981087923 | RENOVABE-5011153 | Aleksandro de Pádua Barroso
09:30:48 | 55119664340 | RENOVABE-5016523 | Rubens Dias Vecina
09:30:48 | 11996858488 | RENOVABE-5018488 | Gisele Nolasco
09:30:48 | 11947411652 | RENOVABE-5019975 | ALESSANDRA APARECIDA GOMES
09:30:48 | 11986200178 | RENOVABE-5020142 | Nathalie Antônio de freitas
09:30:48 | 11973725547 | RENOVABE-5018856 | Marcelo Kobashi
09:30:48 | 11947642473 | RENOVABE-5016282 | Gessica Lopes
09:30:48 | 12981171434 | RENOVABE-5016168 | Sandra menezes
09:30:48 | 11957935141 | RENOVABE-5017933 | Dalila Mathias Alves
09:30:48 | 13981385278 | RENOVABE-5014505 | Katia Simone Tavares da Silva
09:30:48 | 17992155959 | RENOVABE-5014295 | Carla Cristina Amorim da Silva Girotto
09:30:48 | 11992866531 | RENOVABE-5015381 | Genilda Maria Aguiar
09:30:48 | 11981949386 | RENOVABE-5011481 | Rozinete Souza Rodrigues
09:30:48 | 11961066398 | RENOVABE-5013909 | Elisangela Feitosa de Oliveira
09:30:48 | 12997081718 | RENOVABE-5017201 | Eliana Alves da Silva Moraes
09:30:49 | 11959830349 | RENOVABE-5011280 | Arlete Capeletti
09:30:49 | 11991442106 | RENOVABE-5013359 | Cristiane Souza Lima Araujo
09:30:49 | 11973398055 | RENOVABE-5011323 | Djenane Moreira Avelar
09:30:49 | 12997662099 | RENOVABE-5012623 | Tais Nogueira Bezerra
09:30:49 | 11971877217 | RENOVABE-5014244 | Eliandra da Conceição Santos
09:30:49 | 17982138269 | RENOVABE-5019171 | Cyntia Santos
09:30:49 | 11995808594 | RENOVABE-5014152 | Marcos Silva Mello
09:30:49 | 11940894251 | RENOVABE-5019201 | Crislania Patrícia Oliveira da Silva
09:30:49 | 12981745257 | RENOVABE-5013848 | Kátia Cilene da Silva Pinto
09:30:49 | 11989914063 | RENOVABE-5014957 | Luana maria dos Santos
09:30:49 | 11960442543 | RENOVABE-5014098 | Elizangela Galdino de Sá Oliveira
09:30:49 | 16998000048 | VINDI-383842708 | tiago zortea
09:30:49 | 11996579025 | RENOVABE-5016562 | Luciene de Oliveira Pinheiro Santos
09:30:49 | 11985974289 | RENOVABE-5020195 | KARLA GOMES SELES
09:30:49 | 11976353345 | RENOVABE-5018390 | Mônica Lelles de Menezes
09:30:49 | 11993824288 | RENOVABE-5013310 | Pâmela Gabriel
09:30:49 | 11942598783 | RENOVABE-5014975 | Maria Eliana de Oliveira Soares
09:30:49 | 12996678861 | RENOVABE-5014270 | Leila Gonçalves Penha
09:30:49 | 11987920699 | RENOVABE-5020190 | Adriana Tomaz de oliveira
09:30:49 | 12991365286 | RENOVABE-5020882 | Aline Daniela Vilela
09:30:49 | 11954571683 | RENOVABE-5013652 | Bruna Gramulha Cané
09:30:49 | 11981975597 | RENOVABE-5016151 | Maria Claudia Garavati
09:30:49 | 11986703998 | RENOVABE-5016000 | Rita Helena Alves
09:30:49 | 11999871966 | RENOVABE-5015587 | Fabiola Camargo Tricarico
09:30:49 | 11992983851 | RENOVABE-5016851 | Lucineide Barboza de souza
09:30:49 | 11998620086 | RENOVABE-5015563 | Luciana Pizzi da Silva
09:30:49 | 11973472514 | RENOVABE-5017832 | Débora Sousa
09:30:49 | 19991310450 | RENOVABE-5014723 | SILVIA REGINA CAVALLI DA SILVA
09:30:49 | 15997316891 | RENOVABE-5014797 | Elenina lemes de lima
09:30:50 | 11947362822 | RENOVABE-5018539 | Alessandra Azevedo
09:30:50 | 19996632092 | RENOVABE-5018368 | Louriana Justiniano
09:30:50 | 19999278242 | RENOVABE-5011605 | Cássia Deajute
09:30:50 | 19971646265 | RENOVABE-5014739 | Lúcia Torres de Faria
09:30:50 | 11965771121 | RENOVABE-5018520 | Maria Rosalina Fernandes
09:30:50 | 19999120639 | RENOVABE-5012060 | daiane jaqueline bicudo
09:30:50 | 11957933075 | RENOVABE-5014279 | Katia suenia vieira dê lima
09:30:50 | 11993083230 | RENOVABE-5020467 | Maria Helena Almeida Pereira
09:30:50 | 11944173792 | RENOVABE-5017758 | Neusa De Jesus Araujo
09:30:50 | 11977419116 | RENOVABE-5016047 | Lucélia Sousa e Silva
09:30:50 | 11998477000 | RENOVABE-5013985 | MARCIA CRISTINA MORAES PASSOS
09:30:50 | 11963997782 | RENOVABE-5015574 | Mara Rubia Gonçalves Gadote
09:30:50 | 11987918641 | RENOVABE-5019336 | Vanessa de oliveira
09:30:50 | 19991897131 | RENOVABE-5019314 | Viviani Oliveira Roberto
09:30:50 | 19992626026 | RENOVABE-5019342 | silvana oliveira de souza
09:30:50 | 14997522595 | RENOVABE-5019264 | Marisa Alves Pacheco
09:30:50 | 19997498857 | RENOVABE-5019303 | Andreia Lovo
09:30:50 | 13991658897 | RENOVABE-5017554 | Beatriz Guimarães Rodrigues
09:30:50 | 11987018418 | RENOVABE-5019345 | Maria Das Graças Pontes
09:30:50 | 12988731194 | RENOVABE-5016194 | Fernanda V Paranhos
09:30:50 | 11966161174 | RENOVABE-5014951 | Luanne Aparecida
09:30:50 | 19981526975 | RENOVABE-5014759 | Mariane Oliveira
09:30:50 | 11933930004 | RENOVABE-5015627 | Deisy Mendes Rocha
09:30:50 | 19995391866 | RENOVABE-5015683 | Roseanne Pantoja Cipriano de Oliveira
09:30:50 | 16998515116 | VINDI-381090933 | luiz vilar
09:30:50 | 11996314333 | RENOVABE-5018450 | TATIANE  MENDES DE JESUS
09:30:50 | 19992589899 | RENOVABE-5011944 | Elaine Cristine Moreira Pereira
09:30:50 | 16996542135 | VINDI-381091039 | maria melo
09:30:50 | 16992142542 | RENOVABE-5015358 | Daniela Aparecida Perticarrari
09:30:50 | 11972230844 | RENOVABE-5015776 | DAMARIS DIMOV DALLA ROSA
09:30:50 | 92992874026 | RENOVABE-5012010 | Adonias Nonato da Silva Pereira
09:30:51 | 11988492161 | RENOVABE-5017391 | Janaina Santos Rocha
09:30:51 | 16997509286 | RENOVABE-5010375 | Patricia Aparecida Brito Santos
09:30:51 | 11941841768 | RENOVABE-5014394 | Eliane Padilha
09:30:51 | 17997675666 | RENOVABE-5014656 | MIRELLE GARCIA DE LIM
09:30:51 | 11946907087 | RENOVABE-5010969 | Islane Nogueira de Brito
09:30:51 | 99981441198 | RENOVABE-5015548 | Jozelma Marques Rodrigues
09:30:51 | 17992847347 | RENOVABE-5014004 | Valéria marques
09:30:51 | 11953756030 | RENOVABE-5011421 | Daniela Cristina da Silva
09:30:51 | 19974169559 | RENOVABE-5015062 | Andréia de Freitas Bastos valentim
09:30:51 | 11940126270 | RENOVABE-5015791 | Bruna Cristina Amaro Alencar
09:30:51 | 18991360167 | RENOVABE-5017937 | Silvia Fernandes Canevari 
09:30:51 | 11951583078 | RENOVABE-5015783 | Patrícia Delegredo Miron
09:30:51 | 11950528481 | RENOVABE-5014515 | Maicon Micael Paiva robek
09:30:51 | 11947285276 | RENOVABE-5017706 | Pedrita Barbosa da Silva
09:30:51 | 11981252669 | RENOVABE-5017519 | ROBERTO FAUSTINO DOS SANTOS
09:30:51 | 16988400022 | RENOVABE-5017125 | Neide Freitas
09:30:51 | 11964485841 | RENOVABE-5013739 | Alexsandra Ribeiro da Costa
09:30:51 | 11913505678 | RENOVABE-5014166 | Vania Nascimento
09:30:51 | 15996698917 | RENOVABE-5014612 | MARCIA DE SOUZA E SILVA VENANCIO
09:30:51 | 19988471013 | RENOVABE-5019951 | María Aparecida de Souza Ribeiro
09:30:51 | 14998381802 | RENOVABE-5014804 | Vanessa bilar
09:30:51 | 11965854000 | RENOVABE-5014518 | Monica Mateus de Alcantara
09:30:51 | 11992226888 | RENOVABE-5014354 | OLGA SOUZA DE MATOS
09:30:51 | 18996658700 | RENOVABE-5020093 | Maria Regina de Oliveira
09:30:51 | 19997811304 | RENOVABE-5019293 | Mário César Almeida Rodrigues
09:30:51 | 11983073389 | RENOVABE-5017869 | Fátima Silva Almeida
09:30:51 | 16992999538 | VINDI-380915556 | Carla Aparecida Caridade Almeida Oliveira
09:30:52 | 11981331148 | VINDI-382123793 | Josefa Maciel carvalho
09:30:52 | 11998992045 | RENOVABE-5016191 | Sueli Aparecida de Souza
09:30:52 | 19997730537 | VINDI-383750013 | Maria Jose Carvalho costa
09:30:52 | 11987942774 | VINDI-383763395 | ANDREIA LETICIA BENTO
09:30:52 | 18991570270 | RENOVABE-5015466 | dieli ferreira
09:30:52 | 17982316617 | RENOVABE-5013793 | Marlene Sousa
09:30:52 | 19981054758 | RENOVABE-5014610 | Vinícius Akira Sugae
09:30:52 | 19982437276 | RENOVABE-5014117 | Silmara Barnabé Rodrigues
09:30:52 | 19998380865 | RENOVABE-5014540 | Débora Lopes Porto
09:30:52 | 11951019482 | RENOVABE-5013961 | Vanessa Coelho
09:30:52 | 19993280918 | RENOVABE-5013653 | Suzana Giacomeli
09:30:52 | 19974038232 | RENOVABE-5014012 | Cláudia Luiza Moreira
09:30:52 | 11930511126 | RENOVABE-5015494 | Andrea Lima Leal da Silva
09:30:52 | 11952227281 | RENOVABE-5014387 | Isabela Soares
09:30:52 | 19987815219 | RENOVABE-5018419 | Rita de Cássia Paiva da Silva
09:30:52 | 17996607999 | RENOVABE-5014978 | ENICE DE FREITAS ANDRADE
09:30:52 | 11930232079 | RENOVABE-5017917 | Maria Rodrigues
09:30:52 | 19989641006 | RENOVABE-5014133 | Patricia Costa santos
09:30:52 | 13988037462 | RENOVABE-5013642 | Joao Correia Silva
09:30:52 | 15996104208 | RENOVABE-5014925 | Neide motta
09:30:52 | 17988122735 | RENOVABE-5014547 | OREONNILDA DE SOUZA
09:30:52 | 14996054303 | RENOVABE-5014816 | Valdelice Arruda Valim
09:30:52 | 11940031013 | RENOVABE-5015594 | Alexandra da Silva Guimarães
09:30:52 | 16997562656 | VINDI-383540638 | luiza silva
09:30:52 | 11962354537 | RENOVABE-5013856 | Kamila Araujo de Carvalho sa
09:30:52 | 11983558439 | RENOVABE-5018338 | Maria Fátima de lima
09:30:52 | 11970647244 | RENOVABE-5015091 | Aline Silva costa
09:30:52 | 15998539808 | RENOVABE-5013910 | Vanessa Nakayama
09:30:52 | 11955595598 | RENOVABE-5010689 | Maria Cariolanda Dos Santos
09:30:53 | 11939347094 | RENOVABE-5013718 | Karina Do Nascimento
09:30:53 | 11973599148 | VINDI-382809244 | Juliani Aparecida dos Santos
09:30:53 | 11983961266 | RENOVABE-5010331 | Edinalva pereira da Silva
09:30:53 | 19996861498 | RENOVABE-5012381 | Rosangela Quirino
09:30:53 | 11986284908 | RENOVABE-5012639 | Andreia Freire do Amaral Rodrigues
09:30:53 | 11964673504 | RENOVABE-5014027 | Cristina Duarte lima
09:30:53 | 16988196257 | VINDI-383693421 | Giovanna Aparecida da Silva kishinami
09:30:53 | 11992403766 | RENOVABE-5013271 | Eliana Daltro
09:30:53 | 19983547979 | RENOVABE-5011569 | Mariana Fornaro Batistella
09:30:53 | 14996078239 | VINDI-382928550 | Laura Helena Maciel Teixeira
09:30:53 | 11994569762 | RENOVABE-5018935 | Ana Silvia Amorin
09:30:53 | 17991043936 | RENOVABE-5018312 | Juliana Miguel
09:30:53 | 16996003250 | VINDI-383550091 | rafael carlos
09:30:53 | 11964574231 | RENOVABE-5014966 | Rosemeire Mascarenhas Santos Souza
09:30:53 | 11963846487 | RENOVABE-5016858 | Katia Regiane Diniz
09:30:53 | 14998323188 | RENOVABE-5014733 | Gustavo André Barrueco
09:30:53 | 11979771448 | RENOVABE-5016852 | Karla Cristina Leite Pereira Lima
09:30:53 | 11954416063 | RENOVABE-5013926 | Antonia Vieira da costa
09:30:53 | 11996426211 | RENOVABE-5017169 | NADIA NORBERTO
09:30:53 | 11970392844 | RENOVABE-5015016 | Alessandra portela neves
09:30:53 | 11962963534 | RENOVABE-5013860 | Miriam Pérsia de Sousa Rosseto
09:30:53 | 11964245274 | RENOVABE-5014857 | Vilma Jorge de Lima
09:30:53 | 14996248248 | RENOVABE-5016021 | Katia francisco escorisa
09:30:53 | 16994155821 | RENOVABE-5015556 | Raissa Almeida Marques
09:30:53 | 11940172665 | RENOVABE-5012487 | Vanessa da Silva S Lucena
09:30:53 | 11947784831 | RENOVABE-5011621 | Rosangela delphino Ferreira da silva
09:30:53 | 16999649551 | RENOVABE-5020888 | Bruna Souza
09:30:53 | 11981631243 | RENOVABE-5016345 | Maria Alice de Jesus
09:30:53 | 19996623103 | RENOVABE-5012218 | Adriana Aparecida Queiroz Silva
